{"numTotalTestSuites":9,"numPassedTestSuites":7,"numFailedTestSuites":2,"numPendingTestSuites":0,"numTotalTests":51,"numPassedTests":50,"numFailedTests":1,"numPendingTests":0,"numTodoTests":0,"snapshot":{"added":0,"failure":false,"filesAdded":0,"filesRemoved":0,"filesRemovedList":[],"filesUnmatched":0,"filesUpdated":0,"matched":0,"total":0,"unchecked":0,"uncheckedKeysByFile":[],"unmatched":0,"updated":0,"didUpdate":false},"startTime":1789849032327,"success":false,"testResults":[{"assertionResults":[{"ancestorTitles":["lesson refinement"],"fullName":"lesson refinement preserves mathematically distinct questions: Is x = 2?","status":"passed","title":"preserves mathematically distinct questions: Is x = 2?","duration":8.865399999980582,"failureMessages":[],"meta":{},"tags":[]},{"ancestorTitles":["lesson refinement"],"fullName":"lesson refinement preserves mathematically distinct questions: What is -3?","status":"passed","title":"preserves mathematically distinct questions: What is -3?","duration":0.3837000000057742,"failureMessages":[],"meta":{},"tags":[]},{"ancestorTitles":["lesson refinement"],"fullName":"lesson refinement preserves mathematically distinct questions: Is 1.5 equal to 15?","status":"passed","title":"preserves mathematically distinct questions: Is 1.5 equal to 15?","duration":0.28999999997904524,"failureMessages":[],"meta":{},"tags":[]},{"ancestorTitles":["lesson refinement"],"fullName":"lesson refinement preserves bracketed lesson content and removes only explicit delivery cues","status":"passed","title":"preserves bracketed lesson content and removes only explicit delivery cues","duration":0.30270000000018626,"failureMessages":[],"meta":{},"tags":[]},{"ancestorTitles":["lesson refinement"],"fullName":"lesson refinement requires explicit confirmation before deleting a version with audio","status":"passed","title":"requires explicit confirmation before deleting a version with audio","duration":480.1791999999841,"failureMessages":[],"meta":{},"tags":[]},{"ancestorTitles":["lesson refinement"],"fullName":"lesson refinement shows voice, speed and recorded language and closes speech before opening settings","status":"passed","title":"shows voice, speed and recorded language and closes speech before opening settings","duration":892.8102000000072,"failureMessages":[],"meta":{},"tags":[]},{"ancestorTitles":["lesson refinement"],"fullName":"lesson refinement adds, edits, reorders and removes list items while preserving structured metadata and other saved fields","status":"passed","title":"adds, edits, reorders and removes list items while preserving structured metadata and other saved fields","duration":529.9357000000018,"failureMessages":[],"meta":{},"tags":[]},{"ancestorTitles":["lesson refinement"],"fullName":"lesson refinement overview uses saved assessment and only whole-lesson script times","status":"passed","title":"overview uses saved assessment and only whole-lesson script times","duration":137.31889999998384,"failureMessages":[],"meta":{},"tags":[]},{"ancestorTitles":["lesson follow-up safeguards"],"fullName":"lesson follow-up safeguards distinguishes changed, missing, duplicate, and untracked source materials","status":"passed","title":"distinguishes changed, missing, duplicate, and untracked source materials","duration":27.536800000001676,"failureMessages":[],"meta":{},"tags":[]},{"ancestorTitles":["lesson follow-up safeguards"],"fullName":"lesson follow-up safeguards does not treat learner responses, display title edits, or unrelated resources as changed teaching content","status":"passed","title":"does not treat learner responses, display title edits, or unrelated resources as changed teaching content","duration":1.166899999981979,"failureMessages":[],"meta":{},"tags":[]},{"ancestorTitles":["lesson follow-up safeguards"],"fullName":"lesson follow-up safeguards warns about the saved script materials even when generation selections change","status":"passed","title":"warns about the saved script materials even when generation selections change","duration":70.98540000000503,"failureMessages":[],"meta":{},"tags":[]},{"ancestorTitles":["lesson follow-up safeguards"],"fullName":"lesson follow-up safeguards shows the older-script tracking limitation without claiming the sources changed","status":"passed","title":"shows the older-script tracking limitation without claiming the sources changed","duration":274.7584999999963,"failureMessages":[],"meta":{},"tags":[]},{"ancestorTitles":["lesson follow-up safeguards"],"fullName":"lesson follow-up safeguards undo restores a removed objectives item, metadata, position and focus","status":"passed","title":"undo restores a removed objectives item, metadata, position and focus","duration":251.12289999998757,"failureMessages":[],"meta":{},"tags":[]},{"ancestorTitles":["lesson follow-up safeguards"],"fullName":"lesson follow-up safeguards undo restores a removed materialsNeeded item, metadata, position and focus","status":"passed","title":"undo restores a removed materialsNeeded item, metadata, position and focus","duration":247.1700000000128,"failureMessages":[],"meta":{},"tags":[]},{"ancestorTitles":["teaching workflow navigation and feedback"],"fullName":"teaching workflow navigation and feedback jumps directly to a step, keeps position on returning, and resets for another version","status":"passed","title":"jumps directly to a step, keeps position on returning, and resets for another version","duration":608.8068000000203,"failureMessages":[],"meta":{},"tags":[]},{"ancestorTitles":["teaching workflow navigation and feedback"],"fullName":"teaching workflow navigation and feedback aborts pending audio when jumping to a different step","status":"passed","title":"aborts pending audio when jumping to a different step","duration":39.624700000014855,"failureMessages":[],"meta":{},"tags":[]},{"ancestorTitles":["teaching workflow navigation and feedback"],"fullName":"teaching workflow navigation and feedback identifies a short field with linked feedback and focuses the first issue","status":"passed","title":"identifies a short field with linked feedback and focuses the first issue","duration":378.69329999998445,"failureMessages":[],"meta":{},"tags":[]},{"ancestorTitles":["teaching workflow navigation and feedback"],"fullName":"teaching workflow navigation and feedback explains invalid minutes and points to timing when individual values are valid but totals differ","status":"passed","title":"explains invalid minutes and points to timing when individual values are valid but totals differ","duration":187.4775999999838,"failureMessages":[],"meta":{},"tags":[]},{"ancestorTitles":["teaching workflow navigation and feedback"],"fullName":"teaching workflow navigation and feedback blocks an overlong recovered step title before attempting save","status":"passed","title":"blocks an overlong recovered step title before attempting save","duration":64.04290000000037,"failureMessages":[],"meta":{},"tags":[]},{"ancestorTitles":["teaching workflow navigation and feedback"],"fullName":"teaching workflow navigation and feedback prevents starting edits or playback while deletion is pending","status":"passed","title":"prevents starting edits or playback while deletion is pending","duration":73.9030999999959,"failureMessages":[],"meta":{},"tags":[]}],"startTime":1789849198792,"endTime":1789849203081.903,"status":"passed","message":"","name":"C:/Users/cabba/OneDrive/Desktop/UDL-Tool-Updated/tests/lesson_plan_refinement.test.js"},{"assertionResults":[{"ancestorTitles":["spoken directions"],"fullName":"spoken directions isolates speech, keeps teacher notes private, deduplicates questions and preserves edits","status":"failed","title":"isolates speech, keeps teacher notes private, deduplicates questions and preserves edits","duration":1010.0264000000025,"failureMessages":["AssertionError: expected 'Full scriptLarger textFull screenCopy…' to contain 'New spoken wording'\n    at C:/Users/cabba/OneDrive/Desktop/UDL-Tool-Updated/tests/lesson_script_spoken_ui.test.js:84:57\n    at file:///C:/Users/cabba/OneDrive/Desktop/UDL-Tool-Updated/node_modules/@vitest/runner/dist/chunk-artifact.js:302:11\n    at file:///C:/Users/cabba/OneDrive/Desktop/UDL-Tool-Updated/node_modules/@vitest/runner/dist/chunk-artifact.js:1903:26\n    at file:///C:/Users/cabba/OneDrive/Desktop/UDL-Tool-Updated/node_modules/@vitest/runner/dist/chunk-artifact.js:2326:20\n    at new Promise (<anonymous>)\n    at runWithCancel (file:///C:/Users/cabba/OneDrive/Desktop/UDL-Tool-Updated/node_modules/@vitest/runner/dist/chunk-artifact.js:2323:10)\n    at file:///C:/Users/cabba/OneDrive/Desktop/UDL-Tool-Updated/node_modules/@vitest/runner/dist/chunk-artifact.js:2305:20\n    at new Promise (<anonymous>)\n    at runWithTimeout (file:///C:/Users/cabba/OneDrive/Desktop/UDL-Tool-Updated/node_modules/@vitest/runner/dist/chunk-artifact.js:2272:10)\n    at file:///C:/Users/cabba/OneDrive/Desktop/UDL-Tool-Updated/node_modules/@vitest/runner/dist/chunk-artifact.js:2955:64"],"meta":{},"tags":[]},{"ancestorTitles":["spoken directions"],"fullName":"spoken directions stops pending playback when leaving, and never starts a late audio response","status":"passed","title":"stops pending playback when leaving, and never starts a late audio response","duration":744.9091999999946,"failureMessages":[],"meta":{},"tags":[]},{"ancestorTitles":["spoken directions"],"fullName":"spoken directions reports partial saved audio and cancels preparation","status":"passed","title":"reports partial saved audio and cancels preparation","duration":1034.9120000000112,"failureMessages":[],"meta":{},"tags":[]},{"ancestorTitles":["spoken directions"],"fullName":"spoken directions copies and prints only spoken content, escaping saved markup","status":"passed","title":"copies and prints only spoken content, escaping saved markup","duration":1112.8007999999973,"failureMessages":[],"meta":{},"tags":[]},{"ancestorTitles":["spoken playback pacing"],"fullName":"spoken playback pacing stops after a spoken block without advancing, and marks failed clips for rebuilding","status":"passed","title":"stops after a spoken block without advancing, and marks failed clips for rebuilding","duration":369.78350000001956,"failureMessages":[],"meta":{},"tags":[]}],"startTime":1789849210400,"endTime":1789849214672.7834,"status":"failed","message":"","name":"C:/Users/cabba/OneDrive/Desktop/UDL-Tool-Updated/tests/lesson_script_spoken_ui.test.js"},{"assertionResults":[{"ancestorTitles":["scoped teaching-script recovery"],"fullName":"scoped teaching-script recovery recovers generation settings after unmount/remount without opting research back in","status":"passed","title":"recovers generation settings after unmount/remount without opting research back in","duration":6658.498700000011,"failureMessages":[],"meta":{},"tags":[]},{"ancestorTitles":["scoped teaching-script recovery"],"fullName":"scoped teaching-script recovery recovers edits after navigating to another plan and clears only the draft after saving","status":"passed","title":"recovers edits after navigating to another plan and clears only the draft after saving","duration":4502.3620999999985,"failureMessages":[],"meta":{},"tags":[]},{"ancestorTitles":["scoped teaching-script recovery"],"fullName":"scoped teaching-script recovery clears a fresh draft when discard returns every setting to the initial values","status":"passed","title":"clears a fresh draft when discard returns every setting to the initial values","duration":382.1692000000039,"failureMessages":[],"meta":{},"tags":[]},{"ancestorTitles":["scoped teaching-script recovery"],"fullName":"scoped teaching-script recovery discarding recovered edits retains the generation settings without recovering the draft again","status":"passed","title":"discarding recovered edits retains the generation settings without recovering the draft again","duration":1491.7024999999849,"failureMessages":[],"meta":{},"tags":[]},{"ancestorTitles":["scoped teaching-script recovery"],"fullName":"scoped teaching-script recovery preserves a recovered stale draft while blocking overwrite of the changed saved version","status":"passed","title":"preserves a recovered stale draft while blocking overwrite of the changed saved version","duration":1130.7877000000153,"failureMessages":[],"meta":{},"tags":[]},{"ancestorTitles":["scoped teaching-script recovery"],"fullName":"scoped teaching-script recovery keeps a recovered draft visible and discardable if its saved version was removed","status":"passed","title":"keeps a recovered draft visible and discardable if its saved version was removed","duration":422.72280000001774,"failureMessages":[],"meta":{},"tags":[]},{"ancestorTitles":["scoped teaching-script recovery"],"fullName":"scoped teaching-script recovery does not expose edits when the scope changes: teacher-b|profile-one|workspace-one","status":"passed","title":"does not expose edits when the scope changes: teacher-b|profile-one|workspace-one","duration":1166.9821999999986,"failureMessages":[],"meta":{},"tags":[]},{"ancestorTitles":["scoped teaching-script recovery"],"fullName":"scoped teaching-script recovery does not expose edits when the scope changes: teacher-a|profile-two|workspace-one","status":"passed","title":"does not expose edits when the scope changes: teacher-a|profile-two|workspace-one","duration":2216.3680000000168,"failureMessages":[],"meta":{},"tags":[]},{"ancestorTitles":["scoped teaching-script recovery"],"fullName":"scoped teaching-script recovery does not expose edits when the scope changes: teacher-a|profile-one|workspace-two","status":"passed","title":"does not expose edits when the scope changes: teacher-a|profile-one|workspace-two","duration":638.4512000000104,"failureMessages":[],"meta":{},"tags":[]},{"ancestorTitles":["scoped teaching-script recovery"],"fullName":"scoped teaching-script recovery does not render or rewrite recovery in parent/student mode and restores only when teacher scope returns","status":"passed","title":"does not render or rewrite recovery in parent/student mode and restores only when teacher scope returns","duration":980.1406000000134,"failureMessages":[],"meta":{},"tags":[]},{"ancestorTitles":["scoped teaching-script recovery"],"fullName":"scoped teaching-script recovery handles malformed recovery without replacing it before the teacher makes changes","status":"passed","title":"handles malformed recovery without replacing it before the teacher makes changes","duration":18.379199999995762,"failureMessages":[],"meta":{},"tags":[]},{"ancestorTitles":["scoped teaching-script recovery"],"fullName":"scoped teaching-script recovery handles oversized recovery without replacing it before the teacher makes changes","status":"passed","title":"handles oversized recovery without replacing it before the teacher makes changes","duration":247.76950000002398,"failureMessages":[],"meta":{},"tags":[]},{"ancestorTitles":["scoped teaching-script recovery"],"fullName":"scoped teaching-script recovery rejects a copied envelope that belongs to another actor even under the current storage key","status":"passed","title":"rejects a copied envelope that belongs to another actor even under the current storage key","duration":1004.4847000000009,"failureMessages":[],"meta":{},"tags":[]},{"ancestorTitles":["scoped teaching-script recovery"],"fullName":"scoped teaching-script recovery never claims recovery succeeded when the recorded defaults exceed read limits","status":"passed","title":"never claims recovery succeeded when the recorded defaults exceed read limits","duration":251.1080999999831,"failureMessages":[],"meta":{},"tags":[]},{"ancestorTitles":["scoped teaching-script recovery"],"fullName":"scoped teaching-script recovery rejects malformed recovered metadata before rendering: grade","status":"passed","title":"rejects malformed recovered metadata before rendering: grade","duration":502.7705999999889,"failureMessages":[],"meta":{},"tags":[]},{"ancestorTitles":["scoped teaching-script recovery"],"fullName":"scoped teaching-script recovery rejects malformed recovered metadata before rendering: researchStatus","status":"passed","title":"rejects malformed recovered metadata before rendering: researchStatus","duration":779.9635999999882,"failureMessages":[],"meta":{},"tags":[]},{"ancestorTitles":["scoped teaching-script recovery"],"fullName":"scoped teaching-script recovery rejects malformed recovered metadata before rendering: phase","status":"passed","title":"rejects malformed recovered metadata before rendering: phase","duration":246.5981000000029,"failureMessages":[],"meta":{},"tags":[]},{"ancestorTitles":["scoped teaching-script recovery"],"fullName":"scoped teaching-script recovery rejects malformed recovered metadata before rendering: sourceId","status":"passed","title":"rejects malformed recovered metadata before rendering: sourceId","duration":881.2286000000022,"failureMessages":[],"meta":{},"tags":[]},{"ancestorTitles":["scoped teaching-script recovery"],"fullName":"scoped teaching-script recovery rejects malformed recovered metadata before rendering: recommendationId","status":"passed","title":"rejects malformed recovered metadata before rendering: recommendationId","duration":589.0359999999928,"failureMessages":[],"meta":{},"tags":[]},{"ancestorTitles":["scoped teaching-script recovery"],"fullName":"scoped teaching-script recovery warns when recovery storage fails while keeping current edits and saved plan intact","status":"passed","title":"warns when recovery storage fails while keeping current edits and saved plan intact","duration":137.21749999999884,"failureMessages":[],"meta":{},"tags":[]},{"ancestorTitles":["scoped teaching-script recovery"],"fullName":"scoped teaching-script recovery warns on refresh only for an unrecoverable draft and removes the guard after unmount","status":"passed","title":"warns on refresh only for an unrecoverable draft and removes the guard after unmount","duration":998.2352000000246,"failureMessages":[],"meta":{},"tags":[]},{"ancestorTitles":["scoped teaching-script recovery"],"fullName":"scoped teaching-script recovery rejects an oversized write visibly while keeping the large draft available","status":"passed","title":"rejects an oversized write visibly while keeping the large draft available","duration":944.4953000000096,"failureMessages":[],"meta":{},"tags":[]},{"ancestorTitles":["scoped teaching-script recovery"],"fullName":"scoped teaching-script recovery refreshes unchanged restored defaults against a revised plan and preserves custom settings","status":"passed","title":"refreshes unchanged restored defaults against a revised plan and preserves custom settings","duration":164.75819999998203,"failureMessages":[],"meta":{},"tags":[]},{"ancestorTitles":["scoped teaching-script recovery"],"fullName":"scoped teaching-script recovery retains recovery after a failed save","status":"passed","title":"retains recovery after a failed save","duration":285.12290000001667,"failureMessages":[],"meta":{},"tags":[]},{"ancestorTitles":["scoped teaching-script recovery"],"fullName":"scoped teaching-script recovery clears a successfully submitted draft even when saving finishes after navigation","status":"passed","title":"clears a successfully submitted draft even when saving finishes after navigation","duration":192.23889999999665,"failureMessages":[],"meta":{},"tags":[]},{"ancestorTitles":["scoped teaching-script recovery"],"fullName":"scoped teaching-script recovery does not clear newer recovered edits when an old save finishes after remount","status":"passed","title":"does not clear newer recovered edits when an old save finishes after remount","duration":231.8530000000028,"failureMessages":[],"meta":{},"tags":[]}],"startTime":1789849146339,"endTime":1789849173411.853,"status":"passed","message":"","name":"C:/Users/cabba/OneDrive/Desktop/UDL-Tool-Updated/tests/lesson_teaching_script_recovery.test.js"}]}