{"numTotalTestSuites":13,"numPassedTestSuites":13,"numFailedTestSuites":0,"numPendingTestSuites":0,"numTotalTests":99,"numPassedTests":99,"numFailedTests":0,"numPendingTests":0,"numTodoTests":0,"snapshot":{"added":0,"failure":false,"filesAdded":0,"filesRemoved":0,"filesRemovedList":[],"filesUnmatched":0,"filesUpdated":0,"matched":0,"total":0,"unchecked":0,"uncheckedKeysByFile":[],"unmatched":0,"updated":0,"didUpdate":false},"startTime":1789860809087,"success":true,"testResults":[{"assertionResults":[{"ancestorTitles":["Individual energy mechanism calculations"],"fullName":"Individual energy mechanism calculations includes every core renewable mechanism with separate wave and tidal physics","status":"passed","title":"includes every core renewable mechanism with separate wave and tidal physics","duration":66.78200000000106,"failureMessages":[],"meta":{},"tags":[]},{"ancestorTitles":["Individual energy mechanism calculations"],"fullName":"Individual energy mechanism calculations solarPv remains finite and accounts for resource power at every control boundary","status":"passed","title":"solarPv remains finite and accounts for resource power at every control boundary","duration":15.15519999999924,"failureMessages":[],"meta":{},"tags":[]},{"ancestorTitles":["Individual energy mechanism calculations"],"fullName":"Individual energy mechanism calculations wind remains finite and accounts for resource power at every control boundary","status":"passed","title":"wind remains finite and accounts for resource power at every control boundary","duration":3.1023000000004686,"failureMessages":[],"meta":{},"tags":[]},{"ancestorTitles":["Individual energy mechanism calculations"],"fullName":"Individual energy mechanism calculations hydro remains finite and accounts for resource power at every control boundary","status":"passed","title":"hydro remains finite and accounts for resource power at every control boundary","duration":2.1075999999993655,"failureMessages":[],"meta":{},"tags":[]},{"ancestorTitles":["Individual energy mechanism calculations"],"fullName":"Individual energy mechanism calculations geothermal remains finite and accounts for resource power at every control boundary","status":"passed","title":"geothermal remains finite and accounts for resource power at every control boundary","duration":1.9544999999998254,"failureMessages":[],"meta":{},"tags":[]},{"ancestorTitles":["Individual energy mechanism calculations"],"fullName":"Individual energy mechanism calculations solarThermal remains finite and accounts for resource power at every control boundary","status":"passed","title":"solarThermal remains finite and accounts for resource power at every control boundary","duration":2.0579000000016094,"failureMessages":[],"meta":{},"tags":[]},{"ancestorTitles":["Individual energy mechanism calculations"],"fullName":"Individual energy mechanism calculations wave remains finite and accounts for resource power at every control boundary","status":"passed","title":"wave remains finite and accounts for resource power at every control boundary","duration":2.4398000000001048,"failureMessages":[],"meta":{},"tags":[]},{"ancestorTitles":["Individual energy mechanism calculations"],"fullName":"Individual energy mechanism calculations tidal remains finite and accounts for resource power at every control boundary","status":"passed","title":"tidal remains finite and accounts for resource power at every control boundary","duration":1.8793000000005122,"failureMessages":[],"meta":{},"tags":[]},{"ancestorTitles":["Individual energy mechanism calculations"],"fullName":"Individual energy mechanism calculations biomass remains finite and accounts for resource power at every control boundary","status":"passed","title":"biomass remains finite and accounts for resource power at every control boundary","duration":2.2067000000006374,"failureMessages":[],"meta":{},"tags":[]},{"ancestorTitles":["Individual energy mechanism calculations"],"fullName":"Individual energy mechanism calculations uses the cosine of beam incidence, area, and inverter efficiency for PV","status":"passed","title":"uses the cosine of beam incidence, area, and inverter efficiency for PV","duration":2.1052999999992608,"failureMessages":[],"meta":{},"tags":[]},{"ancestorTitles":["Individual energy mechanism calculations"],"fullName":"Individual energy mechanism calculations applies cubic wind speed, generator clipping, and protective operating limits","status":"passed","title":"applies cubic wind speed, generator clipping, and protective operating limits","duration":1.787399999999252,"failureMessages":[],"meta":{},"tags":[]},{"ancestorTitles":["Individual energy mechanism calculations"],"fullName":"Individual energy mechanism calculations keeps hydro head and flow independent with correctly scaled kW","status":"passed","title":"keeps hydro head and flow independent with correctly scaled kW","duration":1.2618000000002212,"failureMessages":[],"meta":{},"tags":[]},{"ancestorTitles":["Individual energy mechanism calculations"],"fullName":"Individual energy mechanism calculations bounds geothermal electricity below extracted heat and the Carnot limit","status":"passed","title":"bounds geothermal electricity below extracted heat and the Carnot limit","duration":1.2427000000006956,"failureMessages":[],"meta":{},"tags":[]},{"ancestorTitles":["Individual energy mechanism calculations"],"fullName":"Individual energy mechanism calculations keeps CSP light, receiver heat, and electrical stages separate","status":"passed","title":"keeps CSP light, receiver heat, and electrical stages separate","duration":1.4733999999989464,"failureMessages":[],"meta":{},"tags":[]},{"ancestorTitles":["Individual energy mechanism calculations"],"fullName":"Individual energy mechanism calculations uses height squared and period for mean wave power","status":"passed","title":"uses height squared and period for mean wave power","duration":1.190599999999904,"failureMessages":[],"meta":{},"tags":[]},{"ancestorTitles":["Individual energy mechanism calculations"],"fullName":"Individual energy mechanism calculations uses current magnitude for tidal power and zero at slack water","status":"passed","title":"uses current magnitude for tidal power and zero at slack water","duration":1.3057000000007974,"failureMessages":[],"meta":{},"tags":[]},{"ancestorTitles":["Individual energy mechanism calculations"],"fullName":"Individual energy mechanism calculations converts kg/h times MJ/kg to kW without subtracting moisture twice","status":"passed","title":"converts kg/h times MJ/kg to kW without subtracting moisture twice","duration":1.8888999999999214,"failureMessages":[],"meta":{},"tags":[]},{"ancestorTitles":["Individual energy mechanism calculations"],"fullName":"Individual energy mechanism calculations sanitizes saved settings, unknown IDs, and nonfinite inputs without mutating them","status":"passed","title":"sanitizes saved settings, unknown IDs, and nonfinite inputs without mutating them","duration":1.2572000000000116,"failureMessages":[],"meta":{},"tags":[]},{"ancestorTitles":["Battery cycle energy conservation"],"fullName":"Battery cycle energy conservation conserves initial + accepted − delivered − losses = stored across all phases and capacity limits","status":"passed","title":"conserves initial + accepted − delivered − losses = stored across all phases and capacity limits","duration":8.529000000000451,"failureMessages":[],"meta":{},"tags":[]},{"ancestorTitles":["Battery cycle energy conservation"],"fullName":"Battery cycle energy conservation recovers the round-trip fraction when an initially empty battery completes the cycle","status":"passed","title":"recovers the round-trip fraction when an initially empty battery completes the cycle","duration":2.5547999999998865,"failureMessages":[],"meta":{},"tags":[]},{"ancestorTitles":["Battery cycle energy conservation"],"fullName":"Battery cycle energy conservation counts initial stored energy and avoids creating energy on timeline rewind","status":"passed","title":"counts initial stored energy and avoids creating energy on timeline rewind","duration":1.5147999999990134,"failureMessages":[],"meta":{},"tags":[]},{"ancestorTitles":["Energy workbench integration"],"fullName":"Energy workbench integration renders solarPv with accessible controls and model boundaries","status":"passed","title":"renders solarPv with accessible controls and model boundaries","duration":26.396099999999933,"failureMessages":[],"meta":{},"tags":[]},{"ancestorTitles":["Energy workbench integration"],"fullName":"Energy workbench integration renders wind with accessible controls and model boundaries","status":"passed","title":"renders wind with accessible controls and model boundaries","duration":11.711300000000847,"failureMessages":[],"meta":{},"tags":[]},{"ancestorTitles":["Energy workbench integration"],"fullName":"Energy workbench integration renders hydro with accessible controls and model boundaries","status":"passed","title":"renders hydro with accessible controls and model boundaries","duration":20.081700000000637,"failureMessages":[],"meta":{},"tags":[]},{"ancestorTitles":["Energy workbench integration"],"fullName":"Energy workbench integration renders geothermal with accessible controls and model boundaries","status":"passed","title":"renders geothermal with accessible controls and model boundaries","duration":16.92369999999937,"failureMessages":[],"meta":{},"tags":[]},{"ancestorTitles":["Energy workbench integration"],"fullName":"Energy workbench integration renders solarThermal with accessible controls and model boundaries","status":"passed","title":"renders solarThermal with accessible controls and model boundaries","duration":9.894099999999526,"failureMessages":[],"meta":{},"tags":[]},{"ancestorTitles":["Energy workbench integration"],"fullName":"Energy workbench integration renders wave with accessible controls and model boundaries","status":"passed","title":"renders wave with accessible controls and model boundaries","duration":8.654399999999441,"failureMessages":[],"meta":{},"tags":[]},{"ancestorTitles":["Energy workbench integration"],"fullName":"Energy workbench integration renders tidal with accessible controls and model boundaries","status":"passed","title":"renders tidal with accessible controls and model boundaries","duration":14.811400000000503,"failureMessages":[],"meta":{},"tags":[]},{"ancestorTitles":["Energy workbench integration"],"fullName":"Energy workbench integration renders biomass with accessible controls and model boundaries","status":"passed","title":"renders biomass with accessible controls and model boundaries","duration":25.196399999998903,"failureMessages":[],"meta":{},"tags":[]},{"ancestorTitles":["Energy workbench integration"],"fullName":"Energy workbench integration renders storage with accessible controls and model boundaries","status":"passed","title":"renders storage with accessible controls and model boundaries","duration":11.148400000000038,"failureMessages":[],"meta":{},"tags":[]},{"ancestorTitles":["Energy workbench integration"],"fullName":"Energy workbench integration links the core library and individual lessons to the mechanism studio","status":"passed","title":"links the core library and individual lessons to the mechanism studio","duration":12.542600000000675,"failureMessages":[],"meta":{},"tags":[]},{"ancestorTitles":["Energy workbench integration"],"fullName":"Energy workbench integration keeps source and desktop deployment copies identical","status":"passed","title":"keeps source and desktop deployment copies identical","duration":206.21909999999843,"failureMessages":[],"meta":{},"tags":[]},{"ancestorTitles":["Changing operating conditions"],"fullName":"Changing operating conditions integrates solarPv scenario energy without counting an extra endpoint interval","status":"passed","title":"integrates solarPv scenario energy without counting an extra endpoint interval","duration":7.460799999998926,"failureMessages":[],"meta":{},"tags":[]},{"ancestorTitles":["Changing operating conditions"],"fullName":"Changing operating conditions integrates wind scenario energy without counting an extra endpoint interval","status":"passed","title":"integrates wind scenario energy without counting an extra endpoint interval","duration":2.6771000000007916,"failureMessages":[],"meta":{},"tags":[]},{"ancestorTitles":["Changing operating conditions"],"fullName":"Changing operating conditions integrates hydro scenario energy without counting an extra endpoint interval","status":"passed","title":"integrates hydro scenario energy without counting an extra endpoint interval","duration":3.3245000000006257,"failureMessages":[],"meta":{},"tags":[]},{"ancestorTitles":["Changing operating conditions"],"fullName":"Changing operating conditions integrates geothermal scenario energy without counting an extra endpoint interval","status":"passed","title":"integrates geothermal scenario energy without counting an extra endpoint interval","duration":2.7047999999995227,"failureMessages":[],"meta":{},"tags":[]},{"ancestorTitles":["Changing operating conditions"],"fullName":"Changing operating conditions integrates solarThermal scenario energy without counting an extra endpoint interval","status":"passed","title":"integrates solarThermal scenario energy without counting an extra endpoint interval","duration":2.2646999999997206,"failureMessages":[],"meta":{},"tags":[]},{"ancestorTitles":["Changing operating conditions"],"fullName":"Changing operating conditions integrates wave scenario energy without counting an extra endpoint interval","status":"passed","title":"integrates wave scenario energy without counting an extra endpoint interval","duration":2.105999999999767,"failureMessages":[],"meta":{},"tags":[]},{"ancestorTitles":["Changing operating conditions"],"fullName":"Changing operating conditions integrates tidal scenario energy without counting an extra endpoint interval","status":"passed","title":"integrates tidal scenario energy without counting an extra endpoint interval","duration":6.9385999999994965,"failureMessages":[],"meta":{},"tags":[]},{"ancestorTitles":["Changing operating conditions"],"fullName":"Changing operating conditions integrates biomass scenario energy without counting an extra endpoint interval","status":"passed","title":"integrates biomass scenario energy without counting an extra endpoint interval","duration":2.748700000000099,"failureMessages":[],"meta":{},"tags":[]},{"ancestorTitles":["Changing operating conditions"],"fullName":"Changing operating conditions makes a high wind resource shut down rather than continue generating","status":"passed","title":"makes a high wind resource shut down rather than continue generating","duration":2.07129999999961,"failureMessages":[],"meta":{},"tags":[]},{"ancestorTitles":["Changing operating conditions"],"fullName":"Changing operating conditions keeps cloud profiles, control clamping, and no-resource behavior explicit","status":"passed","title":"keeps cloud profiles, control clamping, and no-resource behavior explicit","duration":2.1447000000007392,"failureMessages":[],"meta":{},"tags":[]},{"ancestorTitles":["Changing operating conditions"],"fullName":"Changing operating conditions preserves tidal current reversal and cubic resource scaling","status":"passed","title":"preserves tidal current reversal and cubic resource scaling","duration":11.430099999999584,"failureMessages":[],"meta":{},"tags":[]},{"ancestorTitles":["Scheduled battery dispatch"],"fullName":"Scheduled battery dispatch conserves energy and respects power, capacity, and request limits at every minute","status":"passed","title":"conserves energy and respects power, capacity, and request limits at every minute","duration":378.84469999999965,"failureMessages":[],"meta":{},"tags":[]},{"ancestorTitles":["Scheduled battery dispatch"],"fullName":"Scheduled battery dispatch recovers 44 kWh from 50 kWh of interrupted charging and tracks unmet requests","status":"passed","title":"recovers 44 kWh from 50 kWh of interrupted charging and tracks unmet requests","duration":1.9179999999996653,"failureMessages":[],"meta":{},"tags":[]},{"ancestorTitles":["Scheduled battery dispatch"],"fullName":"Scheduled battery dispatch holds external requests fixed when the battery power or capacity is changed","status":"passed","title":"holds external requests fixed when the battery power or capacity is changed","duration":5.507499999999709,"failureMessages":[],"meta":{},"tags":[]},{"ancestorTitles":["Meaningful reading comparisons"],"fullName":"Meaningful reading comparisons isolates one changed input in the same scenario at the same time","status":"passed","title":"isolates one changed input in the same scenario at the same time","duration":5.629699999999502,"failureMessages":[],"meta":{},"tags":[]},{"ancestorTitles":["Meaningful reading comparisons"],"fullName":"Meaningful reading comparisons does not attribute differences to one variable when the profile or meaningful time changed","status":"passed","title":"does not attribute differences to one variable when the profile or meaningful time changed","duration":6.8805000000011205,"failureMessages":[],"meta":{},"tags":[]},{"ancestorTitles":["Meaningful reading comparisons"],"fullName":"Meaningful reading comparisons ignores illustrative animation time for steady generation but keeps storage time meaningful","status":"passed","title":"ignores illustrative animation time for steady generation but keeps storage time meaningful","duration":2.7327000000004773,"failureMessages":[],"meta":{},"tags":[]},{"ancestorTitles":["Meaningful reading comparisons"],"fullName":"Meaningful reading comparisons handles legacy readings, unknown programs, and zero-output baselines without fabricated percentage gains","status":"passed","title":"handles legacy readings, unknown programs, and zero-output baselines without fabricated percentage gains","duration":3.931800000000294,"failureMessages":[],"meta":{},"tags":[]},{"ancestorTitles":["Meaningful reading comparisons"],"fullName":"Meaningful reading comparisons renders a restored operating experiment with named readings and explicit context","status":"passed","title":"renders a restored operating experiment with named readings and explicit context","duration":94.26759999999922,"failureMessages":[],"meta":{},"tags":[]}],"startTime":1789860816815,"endTime":1789860817850.2676,"status":"passed","message":"","name":"C:/Users/cabba/OneDrive/Desktop/UDL-Tool-Updated/tests/renewables_energy3d.test.js"},{"assertionResults":[{"ancestorTitles":["Interactive energy pathway and balance graphic"],"fullName":"Interactive energy pathway and balance graphic solarPv reconciles every minute in both native scenarios and the steady workbench","status":"passed","title":"solarPv reconciles every minute in both native scenarios and the steady workbench","duration":474.40120000000024,"failureMessages":[],"meta":{},"tags":[]},{"ancestorTitles":["Interactive energy pathway and balance graphic"],"fullName":"Interactive energy pathway and balance graphic wind reconciles every minute in both native scenarios and the steady workbench","status":"passed","title":"wind reconciles every minute in both native scenarios and the steady workbench","duration":593.1140999999998,"failureMessages":[],"meta":{},"tags":[]},{"ancestorTitles":["Interactive energy pathway and balance graphic"],"fullName":"Interactive energy pathway and balance graphic hydro reconciles every minute in both native scenarios and the steady workbench","status":"passed","title":"hydro reconciles every minute in both native scenarios and the steady workbench","duration":209.47770000000037,"failureMessages":[],"meta":{},"tags":[]},{"ancestorTitles":["Interactive energy pathway and balance graphic"],"fullName":"Interactive energy pathway and balance graphic geothermal reconciles every minute in both native scenarios and the steady workbench","status":"passed","title":"geothermal reconciles every minute in both native scenarios and the steady workbench","duration":143.40840000000026,"failureMessages":[],"meta":{},"tags":[]},{"ancestorTitles":["Interactive energy pathway and balance graphic"],"fullName":"Interactive energy pathway and balance graphic solarThermal reconciles every minute in both native scenarios and the steady workbench","status":"passed","title":"solarThermal reconciles every minute in both native scenarios and the steady workbench","duration":126.96959999999945,"failureMessages":[],"meta":{},"tags":[]},{"ancestorTitles":["Interactive energy pathway and balance graphic"],"fullName":"Interactive energy pathway and balance graphic wave reconciles every minute in both native scenarios and the steady workbench","status":"passed","title":"wave reconciles every minute in both native scenarios and the steady workbench","duration":84.49189999999999,"failureMessages":[],"meta":{},"tags":[]},{"ancestorTitles":["Interactive energy pathway and balance graphic"],"fullName":"Interactive energy pathway and balance graphic tidal reconciles every minute in both native scenarios and the steady workbench","status":"passed","title":"tidal reconciles every minute in both native scenarios and the steady workbench","duration":284.6990999999998,"failureMessages":[],"meta":{},"tags":[]},{"ancestorTitles":["Interactive energy pathway and balance graphic"],"fullName":"Interactive energy pathway and balance graphic biomass reconciles every minute in both native scenarios and the steady workbench","status":"passed","title":"biomass reconciles every minute in both native scenarios and the steady workbench","duration":69.73890000000029,"failureMessages":[],"meta":{},"tags":[]},{"ancestorTitles":["Interactive energy pathway and balance graphic"],"fullName":"Interactive energy pathway and balance graphic storage reconciles every minute in both native scenarios and the steady workbench","status":"passed","title":"storage reconciles every minute in both native scenarios and the steady workbench","duration":113.05939999999919,"failureMessages":[],"meta":{},"tags":[]},{"ancestorTitles":["Interactive energy pathway and balance graphic"],"fullName":"Interactive energy pathway and balance graphic partitions known PV input once without counting DC power again","status":"passed","title":"partitions known PV input once without counting DC power again","duration":43.050500000000284,"failureMessages":[],"meta":{},"tags":[]},{"ancestorTitles":["Interactive energy pathway and balance graphic"],"fullName":"Interactive energy pathway and balance graphic exposes a percentage instead of inventing intermediate power in combined models","status":"passed","title":"exposes a percentage instead of inventing intermediate power in combined models","duration":5.8708000000005995,"failureMessages":[],"meta":{},"tags":[]},{"ancestorTitles":["Interactive energy pathway and balance graphic"],"fullName":"Interactive energy pathway and balance graphic accounts for protective shutdown as unextracted stream power","status":"passed","title":"accounts for protective shutdown as unextracted stream power","duration":23.115899999999783,"failureMessages":[],"meta":{},"tags":[]},{"ancestorTitles":["Interactive energy pathway and balance graphic"],"fullName":"Interactive energy pathway and balance graphic includes the generator rating in the downstream remainder","status":"passed","title":"includes the generator rating in the downstream remainder","duration":1.2682999999997264,"failureMessages":[],"meta":{},"tags":[]},{"ancestorTitles":["Interactive energy pathway and balance graphic"],"fullName":"Interactive energy pathway and balance graphic shows a true empty balance and undefined shares when the resource is absent","status":"passed","title":"shows a true empty balance and undefined shares when the resource is absent","duration":3.0812999999998283,"failureMessages":[],"meta":{},"tags":[]},{"ancestorTitles":["Interactive energy pathway and balance graphic"],"fullName":"Interactive energy pathway and balance graphic retains finite proportional shares for tiny positive resource values","status":"passed","title":"retains finite proportional shares for tiny positive resource values","duration":1.5261000000000422,"failureMessages":[],"meta":{},"tags":[]},{"ancestorTitles":["Interactive energy pathway and balance graphic"],"fullName":"Interactive energy pathway and balance graphic preserves tidal-direction symmetry in all chart segments","status":"passed","title":"preserves tidal-direction symmetry in all chart segments","duration":2.046299999999974,"failureMessages":[],"meta":{},"tags":[]},{"ancestorTitles":["Interactive energy pathway and balance graphic"],"fullName":"Interactive energy pathway and balance graphic separates battery power from stored energy at the half-cycle and endpoint","status":"passed","title":"separates battery power from stored energy at the half-cycle and endpoint","duration":2.9421999999995023,"failureMessages":[],"meta":{},"tags":[]},{"ancestorTitles":["Interactive energy pathway and balance graphic"],"fullName":"Interactive energy pathway and balance graphic includes initial battery energy before any charging occurs","status":"passed","title":"includes initial battery energy before any charging occurs","duration":3.052500000000691,"failureMessages":[],"meta":{},"tags":[]},{"ancestorTitles":["Interactive energy pathway and balance graphic"],"fullName":"Interactive energy pathway and balance graphic reconciles native storage losses throughout a complete cycle","status":"passed","title":"reconciles native storage losses throughout a complete cycle","duration":1.353399999999965,"failureMessages":[],"meta":{},"tags":[]},{"ancestorTitles":["Interactive energy pathway and balance graphic"],"fullName":"Interactive energy pathway and balance graphic uses actual battery-bank accounting from microgrid dispatch, including an absent bank","status":"passed","title":"uses actual battery-bank accounting from microgrid dispatch, including an absent bank","duration":189.8056999999999,"failureMessages":[],"meta":{},"tags":[]},{"ancestorTitles":["Interactive energy pathway and balance graphic"],"fullName":"Interactive energy pathway and balance graphic does not mutate the simulation and rejects absent or unknown runs","status":"passed","title":"does not mutate the simulation and rejects absent or unknown runs","duration":18.33519999999953,"failureMessages":[],"meta":{},"tags":[]},{"ancestorTitles":["Interactive energy pathway and balance graphic"],"fullName":"Interactive energy pathway and balance graphic renders interactive stage controls with energy-budget values","status":"passed","title":"renders interactive stage controls with energy-budget values","duration":83.5009,"failureMessages":[],"meta":{},"tags":[]},{"ancestorTitles":["Interactive energy pathway and balance graphic"],"fullName":"Interactive energy pathway and balance graphic renders an empty battery balance without undefined percentages","status":"passed","title":"renders an empty battery balance without undefined percentages","duration":17.134100000000217,"failureMessages":[],"meta":{},"tags":[]}],"startTime":1789860812372,"endTime":1789860814870.134,"status":"passed","message":"","name":"C:/Users/cabba/OneDrive/Desktop/UDL-Tool-Updated/tests/renewables_energy_pathway.test.js"},{"assertionResults":[{"ancestorTitles":["Renewables inquiry form accessibility"],"fullName":"Renewables inquiry form accessibility keeps source and public mirrors identical","status":"passed","title":"keeps source and public mirrors identical","duration":12.96020000000135,"failureMessages":[],"meta":{},"tags":[]},{"ancestorTitles":["Renewables inquiry form accessibility"],"fullName":"Renewables inquiry form accessibility provides accessible names for renewable-grid reflection fields","status":"passed","title":"provides accessible names for renewable-grid reflection fields","duration":6.695999999999913,"failureMessages":[],"meta":{},"tags":[]}],"startTime":1789860824260,"endTime":1789860824279.696,"status":"passed","message":"","name":"C:/Users/cabba/OneDrive/Desktop/UDL-Tool-Updated/tests/renewables_form_controls_a11y.test.js"},{"assertionResults":[{"ancestorTitles":["Storage and demand energy balance"],"fullName":"Storage and demand energy balance solarPv conserves power and energy in every mode and source scenario","status":"passed","title":"solarPv conserves power and energy in every mode and source scenario","duration":130.59369999999944,"failureMessages":[],"meta":{},"tags":[]},{"ancestorTitles":["Storage and demand energy balance"],"fullName":"Storage and demand energy balance wind conserves power and energy in every mode and source scenario","status":"passed","title":"wind conserves power and energy in every mode and source scenario","duration":53.988100000000486,"failureMessages":[],"meta":{},"tags":[]},{"ancestorTitles":["Storage and demand energy balance"],"fullName":"Storage and demand energy balance hydro conserves power and energy in every mode and source scenario","status":"passed","title":"hydro conserves power and energy in every mode and source scenario","duration":35.9403999999995,"failureMessages":[],"meta":{},"tags":[]},{"ancestorTitles":["Storage and demand energy balance"],"fullName":"Storage and demand energy balance geothermal conserves power and energy in every mode and source scenario","status":"passed","title":"geothermal conserves power and energy in every mode and source scenario","duration":30.730499999999665,"failureMessages":[],"meta":{},"tags":[]},{"ancestorTitles":["Storage and demand energy balance"],"fullName":"Storage and demand energy balance solarThermal conserves power and energy in every mode and source scenario","status":"passed","title":"solarThermal conserves power and energy in every mode and source scenario","duration":28.36449999999968,"failureMessages":[],"meta":{},"tags":[]},{"ancestorTitles":["Storage and demand energy balance"],"fullName":"Storage and demand energy balance wave conserves power and energy in every mode and source scenario","status":"passed","title":"wave conserves power and energy in every mode and source scenario","duration":35.158800000001065,"failureMessages":[],"meta":{},"tags":[]},{"ancestorTitles":["Storage and demand energy balance"],"fullName":"Storage and demand energy balance tidal conserves power and energy in every mode and source scenario","status":"passed","title":"tidal conserves power and energy in every mode and source scenario","duration":106.88689999999951,"failureMessages":[],"meta":{},"tags":[]},{"ancestorTitles":["Storage and demand energy balance"],"fullName":"Storage and demand energy balance biomass conserves power and energy in every mode and source scenario","status":"passed","title":"biomass conserves power and energy in every mode and source scenario","duration":37.936499999999796,"failureMessages":[],"meta":{},"tags":[]},{"ancestorTitles":["Storage and demand energy balance"],"fullName":"Storage and demand energy balance integrates a known steady PV surplus without grid charging or extra endpoint energy","status":"passed","title":"integrates a known steady PV surplus without grid charging or extra endpoint energy","duration":3.505799999998999,"failureMessages":[],"meta":{},"tags":[]},{"ancestorTitles":["Storage and demand energy balance"],"fullName":"Storage and demand energy balance scales identical generation units without changing the resource physics","status":"passed","title":"scales identical generation units without changing the resource physics","duration":4.459899999999834,"failureMessages":[],"meta":{},"tags":[]},{"ancestorTitles":["Storage and demand energy balance"],"fullName":"Storage and demand energy balance removing the battery exactly matches the no-battery comparison","status":"passed","title":"removing the battery exactly matches the no-battery comparison","duration":2.5317999999988388,"failureMessages":[],"meta":{},"tags":[]},{"ancestorTitles":["Storage and demand energy balance"],"fullName":"Storage and demand energy balance keeps outage intervals half-open and restores the grid at the correct minute","status":"passed","title":"keeps outage intervals half-open and restores the grid at the correct minute","duration":1.9324999999989814,"failureMessages":[],"meta":{},"tags":[]},{"ancestorTitles":["Storage and demand energy balance"],"fullName":"Storage and demand energy balance does not charge an empty battery from grid imports","status":"passed","title":"does not charge an empty battery from grid imports","duration":1.5294000000012602,"failureMessages":[],"meta":{},"tags":[]},{"ancestorTitles":["Storage and demand energy balance"],"fullName":"Storage and demand energy balance limits discharge power and uses the grid only for the remaining deficit","status":"passed","title":"limits discharge power and uses the grid only for the remaining deficit","duration":1.624100000000908,"failureMessages":[],"meta":{},"tags":[]},{"ancestorTitles":["Storage and demand energy balance"],"fullName":"Storage and demand energy balance holds the reserve floor during outages and does not create reserve energy","status":"passed","title":"holds the reserve floor during outages and does not create reserve energy","duration":2.309400000000096,"failureMessages":[],"meta":{},"tags":[]},{"ancestorTitles":["Storage and demand energy balance"],"fullName":"Storage and demand energy balance handles partial-minute filling and accounts for charging conversion loss","status":"passed","title":"handles partial-minute filling and accounts for charging conversion loss","duration":4.380900000000111,"failureMessages":[],"meta":{},"tags":[]},{"ancestorTitles":["Storage and demand energy balance"],"fullName":"Storage and demand energy balance handles partial-minute depletion without exceeding power or usable energy","status":"passed","title":"handles partial-minute depletion without exceeding power or usable energy","duration":4.652400000000853,"failureMessages":[],"meta":{},"tags":[]},{"ancestorTitles":["Storage and demand energy balance"],"fullName":"Storage and demand energy balance scales bank energy and power separately from generation and demand","status":"passed","title":"scales bank energy and power separately from generation and demand","duration":2.0907999999999447,"failureMessages":[],"meta":{},"tags":[]},{"ancestorTitles":["Storage and demand energy balance"],"fullName":"Storage and demand energy balance reports no demand without inventing a coverage percentage","status":"passed","title":"reports no demand without inventing a coverage percentage","duration":2.072699999998804,"failureMessages":[],"meta":{},"tags":[]},{"ancestorTitles":["Storage and demand energy balance"],"fullName":"Storage and demand energy balance prescribes demand patterns over the selected sequence duration","status":"passed","title":"prescribes demand patterns over the selected sequence duration","duration":4.951900000000023,"failureMessages":[],"meta":{},"tags":[]},{"ancestorTitles":["Storage and demand energy balance"],"fullName":"Storage and demand energy balance bounds invalid input, rejects nonnumeric controls, and clamps outage duration after the start changes","status":"passed","title":"bounds invalid input, rejects nonnumeric controls, and clamps outage duration after the start changes","duration":1.8113000000012107,"failureMessages":[],"meta":{},"tags":[]},{"ancestorTitles":["Storage and demand energy balance"],"fullName":"Storage and demand energy balance preserves all captured inputs across serialization without mutating workbench data","status":"passed","title":"preserves all captured inputs across serialization without mutating workbench data","duration":9.1867000000002,"failureMessages":[],"meta":{},"tags":[]},{"ancestorTitles":["Storage and demand energy balance"],"fullName":"Storage and demand energy balance renders the dedicated workspace with results, grid controls, and no-battery comparison","status":"passed","title":"renders the dedicated workspace with results, grid controls, and no-battery comparison","duration":284.9189000000006,"failureMessages":[],"meta":{},"tags":[]}],"startTime":1789860820740,"endTime":1789860821532.919,"status":"passed","message":"","name":"C:/Users/cabba/OneDrive/Desktop/UDL-Tool-Updated/tests/renewables_microgrid.test.js"}]}