{"numTotalTestSuites":49,"numPassedTestSuites":49,"numFailedTestSuites":0,"numPendingTestSuites":0,"numTotalTests":417,"numPassedTests":417,"numFailedTests":0,"numPendingTests":0,"numTodoTests":0,"snapshot":{"added":0,"failure":false,"filesAdded":0,"filesRemoved":0,"filesRemovedList":[],"filesUnmatched":0,"filesUpdated":0,"matched":0,"total":0,"unchecked":0,"uncheckedKeysByFile":[],"unmatched":0,"updated":0,"didUpdate":false},"startTime":1789259422426,"success":true,"testResults":[{"assertionResults":[{"ancestorTitles":["Demand shifting"],"fullName":"Demand shifting moves an exactly known energy quantity without deleting demand","status":"passed","title":"moves an exactly known energy quantity without deleting demand","duration":57.51820000000225,"failureMessages":[],"meta":{},"tags":[]},{"ancestorTitles":["Demand shifting"],"fullName":"Demand shifting moves earlier as well as later and preserves the same energy","status":"passed","title":"moves earlier as well as later and preserves the same energy","duration":12.337100000000646,"failureMessages":[],"meta":{},"tags":[]},{"ancestorTitles":["Demand shifting"],"fullName":"Demand shifting accounts for cancellation in overlapping source and receiving windows","status":"passed","title":"accounts for cancellation in overlapping source and receiving windows","duration":2.6442000000024564,"failureMessages":[],"meta":{},"tags":[]},{"ancestorTitles":["Demand shifting"],"fullName":"Demand shifting leaves constant demand unchanged when the two windows are identical","status":"passed","title":"leaves constant demand unchanged when the two windows are identical","duration":3.347200000000157,"failureMessages":[],"meta":{},"tags":[]},{"ancestorTitles":["Demand shifting"],"fullName":"Demand shifting can redistribute variable demand within one window while preserving energy","status":"passed","title":"can redistribute variable demand within one window while preserving energy","duration":2.1359000000011292,"failureMessages":[],"meta":{},"tags":[]},{"ancestorTitles":["Demand shifting"],"fullName":"Demand shifting takes a percentage of each original interval rather than substituting average demand","status":"passed","title":"takes a percentage of each original interval rather than substituting average demand","duration":8.337799999997515,"failureMessages":[],"meta":{},"tags":[]},{"ancestorTitles":["Demand shifting"],"fullName":"Demand shifting never allocates energy to the terminal boundary or outside the horizon","status":"passed","title":"never allocates energy to the terminal boundary or outside the horizon","duration":2.7655000000013388,"failureMessages":[],"meta":{},"tags":[]},{"ancestorTitles":["Demand shifting"],"fullName":"Demand shifting keeps disabled and zero-percent schedules identical to legacy demand","status":"passed","title":"keeps disabled and zero-percent schedules identical to legacy demand","duration":5.150700000001962,"failureMessages":[],"meta":{},"tags":[]},{"ancestorTitles":["Demand shifting"],"fullName":"Demand shifting handles no demand without inventing moved energy or coverage","status":"passed","title":"handles no demand without inventing moved energy or coverage","duration":1.6743999999998778,"failureMessages":[],"meta":{},"tags":[]},{"ancestorTitles":["Demand shifting"],"fullName":"Demand shifting preserves tiny and large positive loads through a one-minute receiving window","status":"passed","title":"preserves tiny and large positive loads through a one-minute receiving window","duration":3.433000000000902,"failureMessages":[],"meta":{},"tags":[]},{"ancestorTitles":["Demand shifting"],"fullName":"Demand shifting bounds malformed input and keeps both windows inside a changing horizon","status":"passed","title":"bounds malformed input and keeps both windows inside a changing horizon","duration":1.6901999999972759,"failureMessages":[],"meta":{},"tags":[]},{"ancestorTitles":["Demand shifting"],"fullName":"Demand shifting can avoid outage demand by scheduling it while the grid is available","status":"passed","title":"can avoid outage demand by scheduling it while the grid is available","duration":14.512300000002142,"failureMessages":[],"meta":{},"tags":[]},{"ancestorTitles":["Demand shifting"],"fullName":"Demand shifting can worsen supply gaps by concentrating load into a high-power pulse","status":"passed","title":"can worsen supply gaps by concentrating load into a high-power pulse","duration":2.605599999998958,"failureMessages":[],"meta":{},"tags":[]},{"ancestorTitles":["Demand shifting"],"fullName":"Demand shifting reduces supply gaps in the daylight starter without adding generation or a battery","status":"passed","title":"reduces supply gaps in the daylight starter without adding generation or a battery","duration":6.57129999999961,"failureMessages":[],"meta":{},"tags":[]},{"ancestorTitles":["Demand shifting"],"fullName":"Demand shifting solarPv conserves demand and system energy across all strategies with two generators","status":"passed","title":"solarPv conserves demand and system energy across all strategies with two generators","duration":3.835000000002765,"failureMessages":[],"meta":{},"tags":[]},{"ancestorTitles":["Demand shifting"],"fullName":"Demand shifting wind conserves demand and system energy across all strategies with two generators","status":"passed","title":"wind conserves demand and system energy across all strategies with two generators","duration":2.5078000000030443,"failureMessages":[],"meta":{},"tags":[]},{"ancestorTitles":["Demand shifting"],"fullName":"Demand shifting hydro conserves demand and system energy across all strategies with two generators","status":"passed","title":"hydro conserves demand and system energy across all strategies with two generators","duration":3.015499999997701,"failureMessages":[],"meta":{},"tags":[]},{"ancestorTitles":["Demand shifting"],"fullName":"Demand shifting geothermal conserves demand and system energy across all strategies with two generators","status":"passed","title":"geothermal conserves demand and system energy across all strategies with two generators","duration":2.8871999999973923,"failureMessages":[],"meta":{},"tags":[]},{"ancestorTitles":["Demand shifting"],"fullName":"Demand shifting solarThermal conserves demand and system energy across all strategies with two generators","status":"passed","title":"solarThermal conserves demand and system energy across all strategies with two generators","duration":3.7481000000007043,"failureMessages":[],"meta":{},"tags":[]},{"ancestorTitles":["Demand shifting"],"fullName":"Demand shifting wave conserves demand and system energy across all strategies with two generators","status":"passed","title":"wave conserves demand and system energy across all strategies with two generators","duration":2.2180000000007567,"failureMessages":[],"meta":{},"tags":[]},{"ancestorTitles":["Demand shifting"],"fullName":"Demand shifting tidal conserves demand and system energy across all strategies with two generators","status":"passed","title":"tidal conserves demand and system energy across all strategies with two generators","duration":5.796200000000681,"failureMessages":[],"meta":{},"tags":[]},{"ancestorTitles":["Demand shifting"],"fullName":"Demand shifting biomass conserves demand and system energy across all strategies with two generators","status":"passed","title":"biomass conserves demand and system energy across all strategies with two generators","duration":1.956900000001042,"failureMessages":[],"meta":{},"tags":[]},{"ancestorTitles":["Demand shifting"],"fullName":"Demand shifting keeps demand independent of battery designs, dispatch policies, and companion presence","status":"passed","title":"keeps demand independent of battery designs, dispatch policies, and companion presence","duration":2.924799999997049,"failureMessages":[],"meta":{},"tags":[]},{"ancestorTitles":["Demand shifting"],"fullName":"Demand shifting captures and reconstructs the shifted demand in outage and battery-design studies","status":"passed","title":"captures and reconstructs the shifted demand in outage and battery-design studies","duration":48.88419999999678,"failureMessages":[],"meta":{},"tags":[]},{"ancestorTitles":["Demand shifting"],"fullName":"Demand shifting serializes the schedule and simulation without mutating captured settings","status":"passed","title":"serializes the schedule and simulation without mutating captured settings","duration":10.837800000001153,"failureMessages":[],"meta":{},"tags":[]},{"ancestorTitles":["Demand shifting"],"fullName":"Demand shifting renders the bench, original-versus-shifted data, and recorded study conditions","status":"passed","title":"renders the bench, original-versus-shifted data, and recorded study conditions","duration":173.21549999999843,"failureMessages":[],"meta":{},"tags":[]}],"startTime":1789259444147,"endTime":1789259444534.2156,"status":"passed","message":"","name":"C:/Users/cabba/OneDrive/Desktop/UDL-Tool-Updated/tests/renewables_demand_shift.test.js"},{"assertionResults":[{"ancestorTitles":["Battery design comparisons"],"fullName":"Battery design comparisons separates a power bottleneck from an energy bottleneck with a hand-calculated demand balance","status":"passed","title":"separates a power bottleneck from an energy bottleneck with a hand-calculated demand balance","duration":94.76260000000002,"failureMessages":[],"meta":{},"tags":[]},{"ancestorTitles":["Battery design comparisons"],"fullName":"Battery design comparisons holds the initial kWh fixed except when smaller banks cannot contain them","status":"passed","title":"holds the initial kWh fixed except when smaller banks cannot contain them","duration":34.36199999999917,"failureMessages":[],"meta":{},"tags":[]},{"ancestorTitles":["Battery design comparisons"],"fullName":"Battery design comparisons makes the additional starting energy in a percentage comparison explicit","status":"passed","title":"makes the additional starting energy in a percentage comparison explicit","duration":24.459399999999732,"failureMessages":[],"meta":{},"tags":[]},{"ancestorTitles":["Battery design comparisons"],"fullName":"Battery design comparisons does not fill a larger empty battery or charge it from the grid","status":"passed","title":"does not fill a larger empty battery or charge it from the grid","duration":21.639100000000326,"failureMessages":[],"meta":{},"tags":[]},{"ancestorTitles":["Battery design comparisons"],"fullName":"Battery design comparisons excludes grid imports from coverage even when all demand is served","status":"passed","title":"excludes grid imports from coverage even when all demand is served","duration":14.920199999998658,"failureMessages":[],"meta":{},"tags":[]},{"ancestorTitles":["Battery design comparisons"],"fullName":"Battery design comparisons explains a strategy-held full battery as an energy/strategy limit","status":"passed","title":"explains a strategy-held full battery as an energy/strategy limit","duration":14.821200000000317,"failureMessages":[],"meta":{},"tags":[]},{"ancestorTitles":["Battery design comparisons"],"fullName":"Battery design comparisons identifies only nondominated sampled equipment pairs that meet the target","status":"passed","title":"identifies only nondominated sampled equipment pairs that meet the target","duration":13.526700000000346,"failureMessages":[],"meta":{},"tags":[]},{"ancestorTitles":["Battery design comparisons"],"fullName":"Battery design comparisons evaluates coverage targets against local demand with no fabricated zero-demand successes","status":"passed","title":"evaluates coverage targets against local demand with no fabricated zero-demand successes","duration":16.299699999999575,"failureMessages":[],"meta":{},"tags":[]},{"ancestorTitles":["Battery design comparisons"],"fullName":"Battery design comparisons detects small positive demand and distinguishes a zero target","status":"passed","title":"detects small positive demand and distinguishes a zero target","duration":29.118899999999485,"failureMessages":[],"meta":{},"tags":[]},{"ancestorTitles":["Battery design comparisons"],"fullName":"Battery design comparisons does not mistake a tiny positive target for a zero target","status":"passed","title":"does not mistake a tiny positive target for a zero target","duration":10.790500000000975,"failureMessages":[],"meta":{},"tags":[]},{"ancestorTitles":["Battery design comparisons"],"fullName":"Battery design comparisons retains reserve behavior when more capacity protects more of the same initial energy","status":"passed","title":"retains reserve behavior when more capacity protects more of the same initial energy","duration":12.255199999999604,"failureMessages":[],"meta":{},"tags":[]},{"ancestorTitles":["Battery design comparisons"],"fullName":"Battery design comparisons normalizes replay equipment before preserving the starting energy","status":"passed","title":"normalizes replay equipment before preserving the starting energy","duration":5.243899999999485,"failureMessages":[],"meta":{},"tags":[]},{"ancestorTitles":["Battery design comparisons"],"fullName":"Battery design comparisons scales bank capacity, power, and initial energy with the fixed unit count","status":"passed","title":"scales bank capacity, power, and initial energy with the fixed unit count","duration":20.33309999999983,"failureMessages":[],"meta":{},"tags":[]},{"ancestorTitles":["Battery design comparisons"],"fullName":"Battery design comparisons returns an empty comparison for an absent battery while retaining the baseline","status":"passed","title":"returns an empty comparison for an absent battery while retaining the baseline","duration":1.7716999999993277,"failureMessages":[],"meta":{},"tags":[]},{"ancestorTitles":["Battery design comparisons"],"fullName":"Battery design comparisons bounds malformed input, orders axes, and deduplicates collapsed ranges","status":"passed","title":"bounds malformed input, orders axes, and deduplicates collapsed ranges","duration":30.480899999998655,"failureMessages":[],"meta":{},"tags":[]},{"ancestorTitles":["Battery design comparisons"],"fullName":"Battery design comparisons reconstructs candidates exactly for 3D replay without retaining all minute rows","status":"passed","title":"reconstructs candidates exactly for 3D replay without retaining all minute rows","duration":25.856700000000274,"failureMessages":[],"meta":{},"tags":[]},{"ancestorTitles":["Battery design comparisons"],"fullName":"Battery design comparisons captures and serializes normalized inputs without mutating the request","status":"passed","title":"captures and serializes normalized inputs without mutating the request","duration":19.76969999999892,"failureMessages":[],"meta":{},"tags":[]},{"ancestorTitles":["Battery design comparisons"],"fullName":"Battery design comparisons solarPv preserves energy conservation and reconstructs every sampled case","status":"passed","title":"solarPv preserves energy conservation and reconstructs every sampled case","duration":17.778400000001056,"failureMessages":[],"meta":{},"tags":[]},{"ancestorTitles":["Battery design comparisons"],"fullName":"Battery design comparisons wind preserves energy conservation and reconstructs every sampled case","status":"passed","title":"wind preserves energy conservation and reconstructs every sampled case","duration":19.215799999999945,"failureMessages":[],"meta":{},"tags":[]},{"ancestorTitles":["Battery design comparisons"],"fullName":"Battery design comparisons hydro preserves energy conservation and reconstructs every sampled case","status":"passed","title":"hydro preserves energy conservation and reconstructs every sampled case","duration":16.42280000000028,"failureMessages":[],"meta":{},"tags":[]},{"ancestorTitles":["Battery design comparisons"],"fullName":"Battery design comparisons geothermal preserves energy conservation and reconstructs every sampled case","status":"passed","title":"geothermal preserves energy conservation and reconstructs every sampled case","duration":17.312999999998283,"failureMessages":[],"meta":{},"tags":[]},{"ancestorTitles":["Battery design comparisons"],"fullName":"Battery design comparisons solarThermal preserves energy conservation and reconstructs every sampled case","status":"passed","title":"solarThermal preserves energy conservation and reconstructs every sampled case","duration":16.1846000000005,"failureMessages":[],"meta":{},"tags":[]},{"ancestorTitles":["Battery design comparisons"],"fullName":"Battery design comparisons wave preserves energy conservation and reconstructs every sampled case","status":"passed","title":"wave preserves energy conservation and reconstructs every sampled case","duration":9.845100000000457,"failureMessages":[],"meta":{},"tags":[]},{"ancestorTitles":["Battery design comparisons"],"fullName":"Battery design comparisons tidal preserves energy conservation and reconstructs every sampled case","status":"passed","title":"tidal preserves energy conservation and reconstructs every sampled case","duration":37.32970000000023,"failureMessages":[],"meta":{},"tags":[]},{"ancestorTitles":["Battery design comparisons"],"fullName":"Battery design comparisons biomass preserves energy conservation and reconstructs every sampled case","status":"passed","title":"biomass preserves energy conservation and reconstructs every sampled case","duration":8.274499999999534,"failureMessages":[],"meta":{},"tags":[]},{"ancestorTitles":["Battery design comparisons"],"fullName":"Battery design comparisons renders captured conditions, comparisons, and notes alongside the existing studies","status":"passed","title":"renders captured conditions, comparisons, and notes alongside the existing studies","duration":218.47280000000137,"failureMessages":[],"meta":{},"tags":[]}],"startTime":1789259434485,"endTime":1789259435237.473,"status":"passed","message":"","name":"C:/Users/cabba/OneDrive/Desktop/UDL-Tool-Updated/tests/renewables_designs.test.js"},{"assertionResults":[{"ancestorTitles":["Two-input mechanism design maps"],"fullName":"Two-input mechanism design maps solarPv changes only the two axes and conserves energy for steady and both operating scenarios","status":"passed","title":"solarPv changes only the two axes and conserves energy for steady and both operating scenarios","duration":61.452500000003056,"failureMessages":[],"meta":{},"tags":[]},{"ancestorTitles":["Two-input mechanism design maps"],"fullName":"Two-input mechanism design maps wind changes only the two axes and conserves energy for steady and both operating scenarios","status":"passed","title":"wind changes only the two axes and conserves energy for steady and both operating scenarios","duration":19.354099999996834,"failureMessages":[],"meta":{},"tags":[]},{"ancestorTitles":["Two-input mechanism design maps"],"fullName":"Two-input mechanism design maps hydro changes only the two axes and conserves energy for steady and both operating scenarios","status":"passed","title":"hydro changes only the two axes and conserves energy for steady and both operating scenarios","duration":8.914300000000367,"failureMessages":[],"meta":{},"tags":[]},{"ancestorTitles":["Two-input mechanism design maps"],"fullName":"Two-input mechanism design maps geothermal changes only the two axes and conserves energy for steady and both operating scenarios","status":"passed","title":"geothermal changes only the two axes and conserves energy for steady and both operating scenarios","duration":6.385099999999511,"failureMessages":[],"meta":{},"tags":[]},{"ancestorTitles":["Two-input mechanism design maps"],"fullName":"Two-input mechanism design maps solarThermal changes only the two axes and conserves energy for steady and both operating scenarios","status":"passed","title":"solarThermal changes only the two axes and conserves energy for steady and both operating scenarios","duration":7.734700000000885,"failureMessages":[],"meta":{},"tags":[]},{"ancestorTitles":["Two-input mechanism design maps"],"fullName":"Two-input mechanism design maps wave changes only the two axes and conserves energy for steady and both operating scenarios","status":"passed","title":"wave changes only the two axes and conserves energy for steady and both operating scenarios","duration":5.475699999999051,"failureMessages":[],"meta":{},"tags":[]},{"ancestorTitles":["Two-input mechanism design maps"],"fullName":"Two-input mechanism design maps tidal changes only the two axes and conserves energy for steady and both operating scenarios","status":"passed","title":"tidal changes only the two axes and conserves energy for steady and both operating scenarios","duration":15.516300000002957,"failureMessages":[],"meta":{},"tags":[]},{"ancestorTitles":["Two-input mechanism design maps"],"fullName":"Two-input mechanism design maps biomass changes only the two axes and conserves energy for steady and both operating scenarios","status":"passed","title":"biomass changes only the two axes and conserves energy for steady and both operating scenarios","duration":6.13470000000234,"failureMessages":[],"meta":{},"tags":[]},{"ancestorTitles":["Two-input mechanism design maps"],"fullName":"Two-input mechanism design maps storage changes only the two axes and conserves energy for steady and both operating scenarios","status":"passed","title":"storage changes only the two axes and conserves energy for steady and both operating scenarios","duration":11.194500000001426,"failureMessages":[],"meta":{},"tags":[]},{"ancestorTitles":["Two-input mechanism design maps"],"fullName":"Two-input mechanism design maps matches the analytical PV product and exact target combinations","status":"passed","title":"matches the analytical PV product and exact target combinations","duration":2.083700000002864,"failureMessages":[],"meta":{},"tags":[]},{"ancestorTitles":["Two-input mechanism design maps"],"fullName":"Two-input mechanism design maps transposes axes without changing the tested combinations or outputs","status":"passed","title":"transposes axes without changing the tested combinations or outputs","duration":1.7287999999971362,"failureMessages":[],"meta":{},"tags":[]},{"ancestorTitles":["Two-input mechanism design maps"],"fullName":"Two-input mechanism design maps deduplicates each axis at its native fractional control step","status":"passed","title":"deduplicates each axis at its native fractional control step","duration":1.514100000000326,"failureMessages":[],"meta":{},"tags":[]},{"ancestorTitles":["Two-input mechanism design maps"],"fullName":"Two-input mechanism design maps bounds work to 49 trials and retains the snapped endpoints","status":"passed","title":"bounds work to 49 trials and retains the snapped endpoints","duration":0.846399999998539,"failureMessages":[],"meta":{},"tags":[]},{"ancestorTitles":["Two-input mechanism design maps"],"fullName":"Two-input mechanism design maps normalizes missing controls and unsupported sample counts","status":"passed","title":"normalizes missing controls and unsupported sample counts","duration":0.7942000000002736,"failureMessages":[],"meta":{},"tags":[]},{"ancestorTitles":["Two-input mechanism design maps"],"fullName":"Two-input mechanism design maps rejects duplicate input axes","status":"passed","title":"rejects duplicate input axes","duration":0.6754999999975553,"failureMessages":[],"meta":{},"tags":[]},{"ancestorTitles":["Two-input mechanism design maps"],"fullName":"Two-input mechanism design maps rejects equal or reversed ranges on either axis","status":"passed","title":"rejects equal or reversed ranges on either axis","duration":1.180000000000291,"failureMessages":[],"meta":{},"tags":[]},{"ancestorTitles":["Two-input mechanism design maps"],"fullName":"Two-input mechanism design maps rejects invalid targets while allowing no target and zero","status":"passed","title":"rejects invalid targets while allowing no target and zero","duration":1.2027000000016415,"failureMessages":[],"meta":{},"tags":[]},{"ancestorTitles":["Two-input mechanism design maps"],"fullName":"Two-input mechanism design maps clears delivery targets only when the power/energy unit changes","status":"passed","title":"clears delivery targets only when the power/energy unit changes","duration":0.8159000000014203,"failureMessages":[],"meta":{},"tags":[]},{"ancestorTitles":["Two-input mechanism design maps"],"fullName":"Two-input mechanism design maps captures rotor/generator saturation without assuming a linear response","status":"passed","title":"captures rotor/generator saturation without assuming a linear response","duration":0.9624000000003434,"failureMessages":[],"meta":{},"tags":[]},{"ancestorTitles":["Two-input mechanism design maps"],"fullName":"Two-input mechanism design maps reports all-zero ties and unreachable targets during wind shutdown","status":"passed","title":"reports all-zero ties and unreachable targets during wind shutdown","duration":0.8440999999984342,"failureMessages":[],"meta":{},"tags":[]},{"ancestorTitles":["Two-input mechanism design maps"],"fullName":"Two-input mechanism design maps preserves reversal symmetry in the tidal map","status":"passed","title":"preserves reversal symmetry in the tidal map","duration":0.7119000000020606,"failureMessages":[],"meta":{},"tags":[]},{"ancestorTitles":["Two-input mechanism design maps"],"fullName":"Two-input mechanism design maps measures the full daylight sequence independently of inspection minute","status":"passed","title":"measures the full daylight sequence independently of inspection minute","duration":7.874700000000303,"failureMessages":[],"meta":{},"tags":[]},{"ancestorTitles":["Two-input mechanism design maps"],"fullName":"Two-input mechanism design maps records when a varied base input scales the scenario and is clamped","status":"passed","title":"records when a varied base input scales the scenario and is clamped","duration":3.0090999999993073,"failureMessages":[],"meta":{},"tags":[]},{"ancestorTitles":["Two-input mechanism design maps"],"fullName":"Two-input mechanism design maps matches a lossless empty battery cycle and exposes the power/capacity limit","status":"passed","title":"matches a lossless empty battery cycle and exposes the power/capacity limit","duration":1.4086999999999534,"failureMessages":[],"meta":{},"tags":[]},{"ancestorTitles":["Two-input mechanism design maps"],"fullName":"Two-input mechanism design maps holds scheduled battery requests fixed and reveals limited charging supply","status":"passed","title":"holds scheduled battery requests fixed and reveals limited charging supply","duration":3.7884000000012747,"failureMessages":[],"meta":{},"tags":[]},{"ancestorTitles":["Two-input mechanism design maps"],"fullName":"Two-input mechanism design maps shows additional initial energy when capacity changes at a fixed charge percentage","status":"passed","title":"shows additional initial energy when capacity changes at a fixed charge percentage","duration":3.624100000000908,"failureMessages":[],"meta":{},"tags":[]},{"ancestorTitles":["Two-input mechanism design maps"],"fullName":"Two-input mechanism design maps retains an independent reference outside the sampled range","status":"passed","title":"retains an independent reference outside the sampled range","duration":0.9548999999969965,"failureMessages":[],"meta":{},"tags":[]},{"ancestorTitles":["Two-input mechanism design maps"],"fullName":"Two-input mechanism design maps does not mutate requests and reproduces serialized maps with bounded predictions","status":"passed","title":"does not mutate requests and reproduces serialized maps with bounded predictions","duration":1.2099999999991269,"failureMessages":[],"meta":{},"tags":[]},{"ancestorTitles":["Two-input mechanism design maps"],"fullName":"Two-input mechanism design maps exports every combination with target, units, versions, and both exact settings","status":"passed","title":"exports every combination with target, units, versions, and both exact settings","duration":2.180499999998574,"failureMessages":[],"meta":{},"tags":[]},{"ancestorTitles":["Two-input mechanism design maps"],"fullName":"Two-input mechanism design maps renders saved maps, selected trials, and inspection actions","status":"passed","title":"renders saved maps, selected trials, and inspection actions","duration":19.664099999998143,"failureMessages":[],"meta":{},"tags":[]}],"startTime":1789259446986,"endTime":1789259447185.664,"status":"passed","message":"","name":"C:/Users/cabba/OneDrive/Desktop/UDL-Tool-Updated/tests/renewables_design_map.test.js"},{"assertionResults":[{"ancestorTitles":["Renewables Lab diagram tabs accessibility"],"fullName":"Renewables Lab diagram tabs accessibility keeps source and public mirrors identical","status":"passed","title":"keeps source and public mirrors identical","duration":7.7429000000011,"failureMessages":[],"meta":{},"tags":[]},{"ancestorTitles":["Renewables Lab diagram tabs accessibility"],"fullName":"Renewables Lab diagram tabs accessibility gives diagram tabs roving focus and arrow/Home/End navigation","status":"passed","title":"gives diagram tabs roving focus and arrow/Home/End navigation","duration":5.103699999999662,"failureMessages":[],"meta":{},"tags":[]},{"ancestorTitles":["Renewables Lab diagram tabs accessibility"],"fullName":"Renewables Lab diagram tabs accessibility links the selected diagram to its tabpanel","status":"passed","title":"links the selected diagram to its tabpanel","duration":4.667099999998754,"failureMessages":[],"meta":{},"tags":[]}],"startTime":1789259450440,"endTime":1789259450457.667,"status":"passed","message":"","name":"C:/Users/cabba/OneDrive/Desktop/UDL-Tool-Updated/tests/renewables_diagram_tabs_a11y.test.js"},{"assertionResults":[{"ancestorTitles":["Individual energy mechanism calculations"],"fullName":"Individual energy mechanism calculations includes every core renewable mechanism with separate wave and tidal physics","status":"passed","title":"includes every core renewable mechanism with separate wave and tidal physics","duration":49.302700000000186,"failureMessages":[],"meta":{},"tags":[]},{"ancestorTitles":["Individual energy mechanism calculations"],"fullName":"Individual energy mechanism calculations solarPv remains finite and accounts for resource power at every control boundary","status":"passed","title":"solarPv remains finite and accounts for resource power at every control boundary","duration":13.339200000002165,"failureMessages":[],"meta":{},"tags":[]},{"ancestorTitles":["Individual energy mechanism calculations"],"fullName":"Individual energy mechanism calculations wind remains finite and accounts for resource power at every control boundary","status":"passed","title":"wind remains finite and accounts for resource power at every control boundary","duration":1.4910000000018044,"failureMessages":[],"meta":{},"tags":[]},{"ancestorTitles":["Individual energy mechanism calculations"],"fullName":"Individual energy mechanism calculations hydro remains finite and accounts for resource power at every control boundary","status":"passed","title":"hydro remains finite and accounts for resource power at every control boundary","duration":1.3332999999984168,"failureMessages":[],"meta":{},"tags":[]},{"ancestorTitles":["Individual energy mechanism calculations"],"fullName":"Individual energy mechanism calculations geothermal remains finite and accounts for resource power at every control boundary","status":"passed","title":"geothermal remains finite and accounts for resource power at every control boundary","duration":1.7252000000007683,"failureMessages":[],"meta":{},"tags":[]},{"ancestorTitles":["Individual energy mechanism calculations"],"fullName":"Individual energy mechanism calculations solarThermal remains finite and accounts for resource power at every control boundary","status":"passed","title":"solarThermal remains finite and accounts for resource power at every control boundary","duration":1.2633000000023458,"failureMessages":[],"meta":{},"tags":[]},{"ancestorTitles":["Individual energy mechanism calculations"],"fullName":"Individual energy mechanism calculations wave remains finite and accounts for resource power at every control boundary","status":"passed","title":"wave remains finite and accounts for resource power at every control boundary","duration":1.681300000000192,"failureMessages":[],"meta":{},"tags":[]},{"ancestorTitles":["Individual energy mechanism calculations"],"fullName":"Individual energy mechanism calculations tidal remains finite and accounts for resource power at every control boundary","status":"passed","title":"tidal remains finite and accounts for resource power at every control boundary","duration":1.4241000000001804,"failureMessages":[],"meta":{},"tags":[]},{"ancestorTitles":["Individual energy mechanism calculations"],"fullName":"Individual energy mechanism calculations biomass remains finite and accounts for resource power at every control boundary","status":"passed","title":"biomass remains finite and accounts for resource power at every control boundary","duration":1.2980999999999767,"failureMessages":[],"meta":{},"tags":[]},{"ancestorTitles":["Individual energy mechanism calculations"],"fullName":"Individual energy mechanism calculations uses the cosine of beam incidence, area, and inverter efficiency for PV","status":"passed","title":"uses the cosine of beam incidence, area, and inverter efficiency for PV","duration":1.175199999997858,"failureMessages":[],"meta":{},"tags":[]},{"ancestorTitles":["Individual energy mechanism calculations"],"fullName":"Individual energy mechanism calculations applies cubic wind speed, generator clipping, and protective operating limits","status":"passed","title":"applies cubic wind speed, generator clipping, and protective operating limits","duration":1.1317999999992026,"failureMessages":[],"meta":{},"tags":[]},{"ancestorTitles":["Individual energy mechanism calculations"],"fullName":"Individual energy mechanism calculations keeps hydro head and flow independent with correctly scaled kW","status":"passed","title":"keeps hydro head and flow independent with correctly scaled kW","duration":0.7091000000000349,"failureMessages":[],"meta":{},"tags":[]},{"ancestorTitles":["Individual energy mechanism calculations"],"fullName":"Individual energy mechanism calculations bounds geothermal electricity below extracted heat and the Carnot limit","status":"passed","title":"bounds geothermal electricity below extracted heat and the Carnot limit","duration":0.6856000000007043,"failureMessages":[],"meta":{},"tags":[]},{"ancestorTitles":["Individual energy mechanism calculations"],"fullName":"Individual energy mechanism calculations keeps CSP light, receiver heat, and electrical stages separate","status":"passed","title":"keeps CSP light, receiver heat, and electrical stages separate","duration":1.317799999997078,"failureMessages":[],"meta":{},"tags":[]},{"ancestorTitles":["Individual energy mechanism calculations"],"fullName":"Individual energy mechanism calculations uses height squared and period for mean wave power","status":"passed","title":"uses height squared and period for mean wave power","duration":0.7735999999968044,"failureMessages":[],"meta":{},"tags":[]},{"ancestorTitles":["Individual energy mechanism calculations"],"fullName":"Individual energy mechanism calculations uses current magnitude for tidal power and zero at slack water","status":"passed","title":"uses current magnitude for tidal power and zero at slack water","duration":0.7450000000026193,"failureMessages":[],"meta":{},"tags":[]},{"ancestorTitles":["Individual energy mechanism calculations"],"fullName":"Individual energy mechanism calculations converts kg/h times MJ/kg to kW without subtracting moisture twice","status":"passed","title":"converts kg/h times MJ/kg to kW without subtracting moisture twice","duration":0.67870000000039,"failureMessages":[],"meta":{},"tags":[]},{"ancestorTitles":["Individual energy mechanism calculations"],"fullName":"Individual energy mechanism calculations sanitizes saved settings, unknown IDs, and nonfinite inputs without mutating them","status":"passed","title":"sanitizes saved settings, unknown IDs, and nonfinite inputs without mutating them","duration":0.801499999997759,"failureMessages":[],"meta":{},"tags":[]},{"ancestorTitles":["Battery cycle energy conservation"],"fullName":"Battery cycle energy conservation conserves initial + accepted − delivered − losses = stored across all phases and capacity limits","status":"passed","title":"conserves initial + accepted − delivered − losses = stored across all phases and capacity limits","duration":4.50630000000092,"failureMessages":[],"meta":{},"tags":[]},{"ancestorTitles":["Battery cycle energy conservation"],"fullName":"Battery cycle energy conservation recovers the round-trip fraction when an initially empty battery completes the cycle","status":"passed","title":"recovers the round-trip fraction when an initially empty battery completes the cycle","duration":0.7754999999997381,"failureMessages":[],"meta":{},"tags":[]},{"ancestorTitles":["Battery cycle energy conservation"],"fullName":"Battery cycle energy conservation counts initial stored energy and avoids creating energy on timeline rewind","status":"passed","title":"counts initial stored energy and avoids creating energy on timeline rewind","duration":0.7489999999997963,"failureMessages":[],"meta":{},"tags":[]},{"ancestorTitles":["Energy workbench integration"],"fullName":"Energy workbench integration renders solarPv with accessible controls and model boundaries","status":"passed","title":"renders solarPv with accessible controls and model boundaries","duration":14.86030000000028,"failureMessages":[],"meta":{},"tags":[]},{"ancestorTitles":["Energy workbench integration"],"fullName":"Energy workbench integration renders wind with accessible controls and model boundaries","status":"passed","title":"renders wind with accessible controls and model boundaries","duration":8.389500000001135,"failureMessages":[],"meta":{},"tags":[]},{"ancestorTitles":["Energy workbench integration"],"fullName":"Energy workbench integration renders hydro with accessible controls and model boundaries","status":"passed","title":"renders hydro with accessible controls and model boundaries","duration":5.416900000000169,"failureMessages":[],"meta":{},"tags":[]},{"ancestorTitles":["Energy workbench integration"],"fullName":"Energy workbench integration renders geothermal with accessible controls and model boundaries","status":"passed","title":"renders geothermal with accessible controls and model boundaries","duration":4.667500000003201,"failureMessages":[],"meta":{},"tags":[]},{"ancestorTitles":["Energy workbench integration"],"fullName":"Energy workbench integration renders solarThermal with accessible controls and model boundaries","status":"passed","title":"renders solarThermal with accessible controls and model boundaries","duration":5.236300000000483,"failureMessages":[],"meta":{},"tags":[]},{"ancestorTitles":["Energy workbench integration"],"fullName":"Energy workbench integration renders wave with accessible controls and model boundaries","status":"passed","title":"renders wave with accessible controls and model boundaries","duration":5.58350000000064,"failureMessages":[],"meta":{},"tags":[]},{"ancestorTitles":["Energy workbench integration"],"fullName":"Energy workbench integration renders tidal with accessible controls and model boundaries","status":"passed","title":"renders tidal with accessible controls and model boundaries","duration":4.702399999998306,"failureMessages":[],"meta":{},"tags":[]},{"ancestorTitles":["Energy workbench integration"],"fullName":"Energy workbench integration renders biomass with accessible controls and model boundaries","status":"passed","title":"renders biomass with accessible controls and model boundaries","duration":4.576399999998102,"failureMessages":[],"meta":{},"tags":[]},{"ancestorTitles":["Energy workbench integration"],"fullName":"Energy workbench integration renders storage with accessible controls and model boundaries","status":"passed","title":"renders storage with accessible controls and model boundaries","duration":5.379999999997381,"failureMessages":[],"meta":{},"tags":[]},{"ancestorTitles":["Energy workbench integration"],"fullName":"Energy workbench integration links the core library and individual lessons to the mechanism studio","status":"passed","title":"links the core library and individual lessons to the mechanism studio","duration":4.045399999999063,"failureMessages":[],"meta":{},"tags":[]},{"ancestorTitles":["Energy workbench integration"],"fullName":"Energy workbench integration keeps source and desktop deployment copies identical","status":"passed","title":"keeps source and desktop deployment copies identical","duration":6.6137999999991735,"failureMessages":[],"meta":{},"tags":[]},{"ancestorTitles":["Changing operating conditions"],"fullName":"Changing operating conditions integrates solarPv scenario energy without counting an extra endpoint interval","status":"passed","title":"integrates solarPv scenario energy without counting an extra endpoint interval","duration":5.340700000000652,"failureMessages":[],"meta":{},"tags":[]},{"ancestorTitles":["Changing operating conditions"],"fullName":"Changing operating conditions integrates wind scenario energy without counting an extra endpoint interval","status":"passed","title":"integrates wind scenario energy without counting an extra endpoint interval","duration":6.295799999999872,"failureMessages":[],"meta":{},"tags":[]},{"ancestorTitles":["Changing operating conditions"],"fullName":"Changing operating conditions integrates hydro scenario energy without counting an extra endpoint interval","status":"passed","title":"integrates hydro scenario energy without counting an extra endpoint interval","duration":1.665899999999965,"failureMessages":[],"meta":{},"tags":[]},{"ancestorTitles":["Changing operating conditions"],"fullName":"Changing operating conditions integrates geothermal scenario energy without counting an extra endpoint interval","status":"passed","title":"integrates geothermal scenario energy without counting an extra endpoint interval","duration":1.6673000000009779,"failureMessages":[],"meta":{},"tags":[]},{"ancestorTitles":["Changing operating conditions"],"fullName":"Changing operating conditions integrates solarThermal scenario energy without counting an extra endpoint interval","status":"passed","title":"integrates solarThermal scenario energy without counting an extra endpoint interval","duration":1.7229999999981374,"failureMessages":[],"meta":{},"tags":[]},{"ancestorTitles":["Changing operating conditions"],"fullName":"Changing operating conditions integrates wave scenario energy without counting an extra endpoint interval","status":"passed","title":"integrates wave scenario energy without counting an extra endpoint interval","duration":1.439300000001822,"failureMessages":[],"meta":{},"tags":[]},{"ancestorTitles":["Changing operating conditions"],"fullName":"Changing operating conditions integrates tidal scenario energy without counting an extra endpoint interval","status":"passed","title":"integrates tidal scenario energy without counting an extra endpoint interval","duration":5.263800000000629,"failureMessages":[],"meta":{},"tags":[]},{"ancestorTitles":["Changing operating conditions"],"fullName":"Changing operating conditions integrates biomass scenario energy without counting an extra endpoint interval","status":"passed","title":"integrates biomass scenario energy without counting an extra endpoint interval","duration":1.635099999999511,"failureMessages":[],"meta":{},"tags":[]},{"ancestorTitles":["Changing operating conditions"],"fullName":"Changing operating conditions makes a high wind resource shut down rather than continue generating","status":"passed","title":"makes a high wind resource shut down rather than continue generating","duration":0.9815999999991618,"failureMessages":[],"meta":{},"tags":[]},{"ancestorTitles":["Changing operating conditions"],"fullName":"Changing operating conditions keeps cloud profiles, control clamping, and no-resource behavior explicit","status":"passed","title":"keeps cloud profiles, control clamping, and no-resource behavior explicit","duration":0.8428999999996449,"failureMessages":[],"meta":{},"tags":[]},{"ancestorTitles":["Changing operating conditions"],"fullName":"Changing operating conditions preserves tidal current reversal and cubic resource scaling","status":"passed","title":"preserves tidal current reversal and cubic resource scaling","duration":1.5253999999986263,"failureMessages":[],"meta":{},"tags":[]},{"ancestorTitles":["Scheduled battery dispatch"],"fullName":"Scheduled battery dispatch conserves energy and respects power, capacity, and request limits at every minute","status":"passed","title":"conserves energy and respects power, capacity, and request limits at every minute","duration":170.6033000000025,"failureMessages":[],"meta":{},"tags":[]},{"ancestorTitles":["Scheduled battery dispatch"],"fullName":"Scheduled battery dispatch recovers 44 kWh from 50 kWh of interrupted charging and tracks unmet requests","status":"passed","title":"recovers 44 kWh from 50 kWh of interrupted charging and tracks unmet requests","duration":1.3800999999984924,"failureMessages":[],"meta":{},"tags":[]},{"ancestorTitles":["Scheduled battery dispatch"],"fullName":"Scheduled battery dispatch holds external requests fixed when the battery power or capacity is changed","status":"passed","title":"holds external requests fixed when the battery power or capacity is changed","duration":1.2538999999997031,"failureMessages":[],"meta":{},"tags":[]},{"ancestorTitles":["Meaningful reading comparisons"],"fullName":"Meaningful reading comparisons isolates one changed input in the same scenario at the same time","status":"passed","title":"isolates one changed input in the same scenario at the same time","duration":1.381199999999808,"failureMessages":[],"meta":{},"tags":[]},{"ancestorTitles":["Meaningful reading comparisons"],"fullName":"Meaningful reading comparisons does not attribute differences to one variable when the profile or meaningful time changed","status":"passed","title":"does not attribute differences to one variable when the profile or meaningful time changed","duration":2.9304000000011,"failureMessages":[],"meta":{},"tags":[]},{"ancestorTitles":["Meaningful reading comparisons"],"fullName":"Meaningful reading comparisons ignores illustrative animation time for steady generation but keeps storage time meaningful","status":"passed","title":"ignores illustrative animation time for steady generation but keeps storage time meaningful","duration":0.8467999999993481,"failureMessages":[],"meta":{},"tags":[]},{"ancestorTitles":["Meaningful reading comparisons"],"fullName":"Meaningful reading comparisons handles legacy readings, unknown programs, and zero-output baselines without fabricated percentage gains","status":"passed","title":"handles legacy readings, unknown programs, and zero-output baselines without fabricated percentage gains","duration":0.8022999999993772,"failureMessages":[],"meta":{},"tags":[]},{"ancestorTitles":["Meaningful reading comparisons"],"fullName":"Meaningful reading comparisons renders a restored operating experiment with named readings and explicit context","status":"passed","title":"renders a restored operating experiment with named readings and explicit context","duration":22.52740000000267,"failureMessages":[],"meta":{},"tags":[]}],"startTime":1789259442727,"endTime":1789259443114.5273,"status":"passed","message":"","name":"C:/Users/cabba/OneDrive/Desktop/UDL-Tool-Updated/tests/renewables_energy3d.test.js"},{"assertionResults":[{"ancestorTitles":["Controlled renewable experiments"],"fullName":"Controlled renewable experiments solarPv varies only one input and reuses steady and full-scenario calculations","status":"passed","title":"solarPv varies only one input and reuses steady and full-scenario calculations","duration":55.27520000000004,"failureMessages":[],"meta":{},"tags":[]},{"ancestorTitles":["Controlled renewable experiments"],"fullName":"Controlled renewable experiments wind varies only one input and reuses steady and full-scenario calculations","status":"passed","title":"wind varies only one input and reuses steady and full-scenario calculations","duration":14.738600000000588,"failureMessages":[],"meta":{},"tags":[]},{"ancestorTitles":["Controlled renewable experiments"],"fullName":"Controlled renewable experiments hydro varies only one input and reuses steady and full-scenario calculations","status":"passed","title":"hydro varies only one input and reuses steady and full-scenario calculations","duration":4.38550000000032,"failureMessages":[],"meta":{},"tags":[]},{"ancestorTitles":["Controlled renewable experiments"],"fullName":"Controlled renewable experiments geothermal varies only one input and reuses steady and full-scenario calculations","status":"passed","title":"geothermal varies only one input and reuses steady and full-scenario calculations","duration":4.389000000002852,"failureMessages":[],"meta":{},"tags":[]},{"ancestorTitles":["Controlled renewable experiments"],"fullName":"Controlled renewable experiments solarThermal varies only one input and reuses steady and full-scenario calculations","status":"passed","title":"solarThermal varies only one input and reuses steady and full-scenario calculations","duration":3.5561999999990803,"failureMessages":[],"meta":{},"tags":[]},{"ancestorTitles":["Controlled renewable experiments"],"fullName":"Controlled renewable experiments wave varies only one input and reuses steady and full-scenario calculations","status":"passed","title":"wave varies only one input and reuses steady and full-scenario calculations","duration":3.4694000000017695,"failureMessages":[],"meta":{},"tags":[]},{"ancestorTitles":["Controlled renewable experiments"],"fullName":"Controlled renewable experiments tidal varies only one input and reuses steady and full-scenario calculations","status":"passed","title":"tidal varies only one input and reuses steady and full-scenario calculations","duration":11.103800000000774,"failureMessages":[],"meta":{},"tags":[]},{"ancestorTitles":["Controlled renewable experiments"],"fullName":"Controlled renewable experiments biomass varies only one input and reuses steady and full-scenario calculations","status":"passed","title":"biomass varies only one input and reuses steady and full-scenario calculations","duration":3.67160000000149,"failureMessages":[],"meta":{},"tags":[]},{"ancestorTitles":["Controlled renewable experiments"],"fullName":"Controlled renewable experiments storage varies only one input and reuses steady and full-scenario calculations","status":"passed","title":"storage varies only one input and reuses steady and full-scenario calculations","duration":6.063399999999092,"failureMessages":[],"meta":{},"tags":[]},{"ancestorTitles":["Controlled renewable experiments"],"fullName":"Controlled renewable experiments samples legal distinct control values, keeps both endpoints, and bounds work","status":"passed","title":"samples legal distinct control values, keeps both endpoints, and bounds work","duration":1.7355999999999767,"failureMessages":[],"meta":{},"tags":[]},{"ancestorTitles":["Controlled renewable experiments"],"fullName":"Controlled renewable experiments rejects invalid ranges and targets while recovering missing or corrupt optional settings","status":"passed","title":"rejects invalid ranges and targets while recovering missing or corrupt optional settings","duration":1.3417999999983294,"failureMessages":[],"meta":{},"tags":[]},{"ancestorTitles":["Controlled renewable experiments"],"fullName":"Controlled renewable experiments clears a target when its measurement unit changes","status":"passed","title":"clears a target when its measurement unit changes","duration":1.0629999999982829,"failureMessages":[],"meta":{},"tags":[]},{"ancestorTitles":["Controlled renewable experiments"],"fullName":"Controlled renewable experiments matches analytic PV scaling and computes a sampled target without interpolating","status":"passed","title":"matches analytic PV scaling and computes a sampled target without interpolating","duration":0.9563000000016473,"failureMessages":[],"meta":{},"tags":[]},{"ancestorTitles":["Controlled renewable experiments"],"fullName":"Controlled renewable experiments finds an interior wind maximum and counts ties instead of assuming more input is always better","status":"passed","title":"finds an interior wind maximum and counts ties instead of assuming more input is always better","duration":0.9645000000018626,"failureMessages":[],"meta":{},"tags":[]},{"ancestorTitles":["Controlled renewable experiments"],"fullName":"Controlled renewable experiments preserves tidal reversal symmetry and finds an unreachable target","status":"passed","title":"preserves tidal reversal symmetry and finds an unreachable target","duration":0.7098999999980151,"failureMessages":[],"meta":{},"tags":[]},{"ancestorTitles":["Controlled renewable experiments"],"fullName":"Controlled renewable experiments evaluates the full scenario even when the inspection minute has no output","status":"passed","title":"evaluates the full scenario even when the inspection minute has no output","duration":7.705399999998917,"failureMessages":[],"meta":{},"tags":[]},{"ancestorTitles":["Controlled renewable experiments"],"fullName":"Controlled renewable experiments keeps battery offers fixed and exposes capacity saturation under limited supply","status":"passed","title":"keeps battery offers fixed and exposes capacity saturation under limited supply","duration":1.8707000000031258,"failureMessages":[],"meta":{},"tags":[]},{"ancestorTitles":["Controlled renewable experiments"],"fullName":"Controlled renewable experiments captures shutdown and input clipping counts in operating experiments","status":"passed","title":"captures shutdown and input clipping counts in operating experiments","duration":1.0542000000023108,"failureMessages":[],"meta":{},"tags":[]},{"ancestorTitles":["Controlled renewable experiments"],"fullName":"Controlled renewable experiments keeps the reference independent of the sampled range and avoids percentages from zero","status":"passed","title":"keeps the reference independent of the sampled range and avoids percentages from zero","duration":1.0515999999988708,"failureMessages":[],"meta":{},"tags":[]},{"ancestorTitles":["Controlled renewable experiments"],"fullName":"Controlled renewable experiments does not mutate captured settings and recomputes identical experiments after serialization","status":"passed","title":"does not mutate captured settings and recomputes identical experiments after serialization","duration":1.7189999999973224,"failureMessages":[],"meta":{},"tags":[]},{"ancestorTitles":["Controlled renewable experiments"],"fullName":"Controlled renewable experiments renders stored results with target, prediction, conclusion, and model context","status":"passed","title":"renders stored results with target, prediction, conclusion, and model context","duration":20.36909999999989,"failureMessages":[],"meta":{},"tags":[]},{"ancestorTitles":["Controlled renewable experiments"],"fullName":"Controlled renewable experiments does not treat zero as a tiny positive target or collapse small outputs into ties","status":"passed","title":"does not treat zero as a tiny positive target or collapse small outputs into ties","duration":0.8960000000006403,"failureMessages":[],"meta":{},"tags":[]},{"ancestorTitles":["Controlled renewable experiments"],"fullName":"Controlled renewable experiments rejects object prototype names as technology identifiers","status":"passed","title":"rejects object prototype names as technology identifiers","duration":0.6383999999998196,"failureMessages":[],"meta":{},"tags":[]}],"startTime":1789259448210,"endTime":1789259448359.6384,"status":"passed","message":"","name":"C:/Users/cabba/OneDrive/Desktop/UDL-Tool-Updated/tests/renewables_experiments.test.js"},{"assertionResults":[{"ancestorTitles":["Renewables inquiry form accessibility"],"fullName":"Renewables inquiry form accessibility keeps source and public mirrors identical","status":"passed","title":"keeps source and public mirrors identical","duration":7.066500000000815,"failureMessages":[],"meta":{},"tags":[]},{"ancestorTitles":["Renewables inquiry form accessibility"],"fullName":"Renewables inquiry form accessibility provides accessible names for renewable-grid reflection fields","status":"passed","title":"provides accessible names for renewable-grid reflection fields","duration":3.2242000000005646,"failureMessages":[],"meta":{},"tags":[]}],"startTime":1789259452417,"endTime":1789259452427.224,"status":"passed","message":"","name":"C:/Users/cabba/OneDrive/Desktop/UDL-Tool-Updated/tests/renewables_form_controls_a11y.test.js"},{"assertionResults":[{"ancestorTitles":["Grid connection capacity"],"fullName":"Grid connection capacity preserves unlimited imports for legacy or disabled settings","status":"passed","title":"preserves unlimited imports for legacy or disabled settings","duration":67.4719,"failureMessages":[],"meta":{},"tags":[]},{"ancestorTitles":["Grid connection capacity"],"fullName":"Grid connection capacity caps every connected interval and accounts for the exact missing energy","status":"passed","title":"caps every connected interval and accounts for the exact missing energy","duration":16.684700000000248,"failureMessages":[],"meta":{},"tags":[]},{"ancestorTitles":["Grid connection capacity"],"fullName":"Grid connection capacity reports spare capacity and no limiting interval when the cap exceeds demand","status":"passed","title":"reports spare capacity and no limiting interval when the cap exceeds demand","duration":3.391399999999976,"failureMessages":[],"meta":{},"tags":[]},{"ancestorTitles":["Grid connection capacity"],"fullName":"Grid connection capacity does not call a fully supplied interval a shortfall just because imports equal the cap","status":"passed","title":"does not call a fully supplied interval a shortfall just because imports equal the cap","duration":2.9238000000000284,"failureMessages":[],"meta":{},"tags":[]},{"ancestorTitles":["Grid connection capacity"],"fullName":"Grid connection capacity accepts fractional connection ratings without rounding them to equipment steps","status":"passed","title":"accepts fractional connection ratings without rounding them to equipment steps","duration":3.7694000000001324,"failureMessages":[],"meta":{},"tags":[]},{"ancestorTitles":["Grid connection capacity"],"fullName":"Grid connection capacity separates outage shortfalls from cap shortfalls and requests no power while unavailable","status":"passed","title":"separates outage shortfalls from cap shortfalls and requests no power while unavailable","duration":3.2844999999997526,"failureMessages":[],"meta":{},"tags":[]},{"ancestorTitles":["Grid connection capacity"],"fullName":"Grid connection capacity ignores the configured cap during islanded operation","status":"passed","title":"ignores the configured cap during islanded operation","duration":3.786399999999958,"failureMessages":[],"meta":{},"tags":[]},{"ancestorTitles":["Grid connection capacity"],"fullName":"Grid connection capacity keeps a zero-capacity connection available for strategy decisions","status":"passed","title":"keeps a zero-capacity connection available for strategy decisions","duration":5.636800000000221,"failureMessages":[],"meta":{},"tags":[]},{"ancestorTitles":["Grid connection capacity"],"fullName":"Grid connection capacity still permits normal battery dispatch with a zero grid import cap","status":"passed","title":"still permits normal battery dispatch with a zero grid import cap","duration":2.592399999999998,"failureMessages":[],"meta":{},"tags":[]},{"ancestorTitles":["Grid connection capacity"],"fullName":"Grid connection capacity bounds malformed connection inputs without enabling a cap accidentally","status":"passed","title":"bounds malformed connection inputs without enabling a cap accidentally","duration":1.678299999999581,"failureMessages":[],"meta":{},"tags":[]},{"ancestorTitles":["Grid connection capacity"],"fullName":"Grid connection capacity handles zero demand and gives the terminal endpoint zero power fields","status":"passed","title":"handles zero demand and gives the terminal endpoint zero power fields","duration":2.728599999999915,"failureMessages":[],"meta":{},"tags":[]},{"ancestorTitles":["Grid connection capacity"],"fullName":"Grid connection capacity does not use unused grid capacity to charge an empty battery","status":"passed","title":"does not use unused grid capacity to charge an empty battery","duration":2.1778999999996813,"failureMessages":[],"meta":{},"tags":[]},{"ancestorTitles":["Grid connection capacity"],"fullName":"Grid connection capacity applies the same cap to the no-battery comparison","status":"passed","title":"applies the same cap to the no-battery comparison","duration":2.0410000000001673,"failureMessages":[],"meta":{},"tags":[]},{"ancestorTitles":["Grid connection capacity"],"fullName":"Grid connection capacity treats the connection limit as a whole-system rating rather than a per-unit rating","status":"passed","title":"treats the connection limit as a whole-system rating rather than a per-unit rating","duration":2.185699999999997,"failureMessages":[],"meta":{},"tags":[]},{"ancestorTitles":["Grid connection capacity"],"fullName":"Grid connection capacity leaves generation and battery history identical in the unlimited replay","status":"passed","title":"leaves generation and battery history identical in the unlimited replay","duration":8.764200000000073,"failureMessages":[],"meta":{},"tags":[]},{"ancestorTitles":["Grid connection capacity"],"fullName":"Grid connection capacity shows a connection shortfall from compressed demand without changing total energy","status":"passed","title":"shows a connection shortfall from compressed demand without changing total energy","duration":4.944599999999809,"failureMessages":[],"meta":{},"tags":[]},{"ancestorTitles":["Grid connection capacity"],"fullName":"Grid connection capacity combines two generators before determining required imports","status":"passed","title":"combines two generators before determining required imports","duration":3.501800000000003,"failureMessages":[],"meta":{},"tags":[]},{"ancestorTitles":["Grid connection capacity"],"fullName":"Grid connection capacity counts a genuine tiny shortfall consistently in both shortfall counters","status":"passed","title":"counts a genuine tiny shortfall consistently in both shortfall counters","duration":3.012199999999666,"failureMessages":[],"meta":{},"tags":[]},{"ancestorTitles":["Grid connection capacity"],"fullName":"Grid connection capacity preserves the cap in outage and battery-design replays without changing local-coverage targets","status":"passed","title":"preserves the cap in outage and battery-design replays without changing local-coverage targets","duration":124.26800000000003,"failureMessages":[],"meta":{},"tags":[]},{"ancestorTitles":["Grid connection capacity"],"fullName":"Grid connection capacity reconciles grid-covered and unserved energy inside the same gap episode","status":"passed","title":"reconciles grid-covered and unserved energy inside the same gap episode","duration":12.382900000000063,"failureMessages":[],"meta":{},"tags":[]},{"ancestorTitles":["Grid connection capacity"],"fullName":"Grid connection capacity solarPv conserves energy with a limited connection across every grid state and strategy","status":"passed","title":"solarPv conserves energy with a limited connection across every grid state and strategy","duration":69.53810000000021,"failureMessages":[],"meta":{},"tags":[]},{"ancestorTitles":["Grid connection capacity"],"fullName":"Grid connection capacity wind conserves energy with a limited connection across every grid state and strategy","status":"passed","title":"wind conserves energy with a limited connection across every grid state and strategy","duration":74.79620000000023,"failureMessages":[],"meta":{},"tags":[]},{"ancestorTitles":["Grid connection capacity"],"fullName":"Grid connection capacity hydro conserves energy with a limited connection across every grid state and strategy","status":"passed","title":"hydro conserves energy with a limited connection across every grid state and strategy","duration":61.88389999999981,"failureMessages":[],"meta":{},"tags":[]},{"ancestorTitles":["Grid connection capacity"],"fullName":"Grid connection capacity geothermal conserves energy with a limited connection across every grid state and strategy","status":"passed","title":"geothermal conserves energy with a limited connection across every grid state and strategy","duration":88.19369999999981,"failureMessages":[],"meta":{},"tags":[]},{"ancestorTitles":["Grid connection capacity"],"fullName":"Grid connection capacity solarThermal conserves energy with a limited connection across every grid state and strategy","status":"passed","title":"solarThermal conserves energy with a limited connection across every grid state and strategy","duration":71.82940000000008,"failureMessages":[],"meta":{},"tags":[]},{"ancestorTitles":["Grid connection capacity"],"fullName":"Grid connection capacity wave conserves energy with a limited connection across every grid state and strategy","status":"passed","title":"wave conserves energy with a limited connection across every grid state and strategy","duration":59.48939999999993,"failureMessages":[],"meta":{},"tags":[]},{"ancestorTitles":["Grid connection capacity"],"fullName":"Grid connection capacity tidal conserves energy with a limited connection across every grid state and strategy","status":"passed","title":"tidal conserves energy with a limited connection across every grid state and strategy","duration":484.83590000000004,"failureMessages":[],"meta":{},"tags":[]},{"ancestorTitles":["Grid connection capacity"],"fullName":"Grid connection capacity biomass conserves energy with a limited connection across every grid state and strategy","status":"passed","title":"biomass conserves energy with a limited connection across every grid state and strategy","duration":115.54359999999997,"failureMessages":[],"meta":{},"tags":[]},{"ancestorTitles":["Grid connection capacity"],"fullName":"Grid connection capacity normalizes and serializes without mutating input or trusting old result totals","status":"passed","title":"normalizes and serializes without mutating input or trusting old result totals","duration":36.33600000000024,"failureMessages":[],"meta":{},"tags":[]},{"ancestorTitles":["Grid connection capacity"],"fullName":"Grid connection capacity renders controls, the unlimited comparison, provenance, and the connection observation","status":"passed","title":"renders controls, the unlimited comparison, provenance, and the connection observation","duration":255.0579000000007,"failureMessages":[],"meta":{},"tags":[]}],"startTime":1789259424880,"endTime":1789259426476.0579,"status":"passed","message":"","name":"C:/Users/cabba/OneDrive/Desktop/UDL-Tool-Updated/tests/renewables_grid_limits.test.js"},{"assertionResults":[{"ancestorTitles":["Two recorded grid cases"],"fullName":"Two recorded grid cases defaults to the recorded baseline versus the first fixed-reserve case","status":"passed","title":"defaults to the recorded baseline versus the first fixed-reserve case","duration":59.30579999999827,"failureMessages":[],"meta":{},"tags":[]},{"ancestorTitles":["Two recorded grid cases"],"fullName":"Two recorded grid cases normalizes invalid saved choices, minutes, chart modes, and notes","status":"passed","title":"normalizes invalid saved choices, minutes, chart modes, and notes","duration":27.431000000000495,"failureMessages":[],"meta":{},"tags":[]},{"ancestorTitles":["Two recorded grid cases"],"fullName":"Two recorded grid cases preserves exact pair settings and matches independent simulation totals","status":"passed","title":"preserves exact pair settings and matches independent simulation totals","duration":6.508099999999104,"failureMessages":[],"meta":{},"tags":[]},{"ancestorTitles":["Two recorded grid cases"],"fullName":"Two recorded grid cases separates intervals where B helps and hurts with a hand-calculated trade-off","status":"passed","title":"separates intervals where B helps and hurts with a hand-calculated trade-off","duration":4.504800000002433,"failureMessages":[],"meta":{},"tags":[]},{"ancestorTitles":["Two recorded grid cases"],"fullName":"Two recorded grid cases does not treat equal total unmet energy as equal timing","status":"passed","title":"does not treat equal total unmet energy as equal timing","duration":4.449899999999616,"failureMessages":[],"meta":{},"tags":[]},{"ancestorTitles":["Two recorded grid cases"],"fullName":"Two recorded grid cases reverses deltas and improvement directions when A and B are swapped","status":"passed","title":"reverses deltas and improvement directions when A and B are swapped","duration":7.51510000000053,"failureMessages":[],"meta":{},"tags":[]},{"ancestorTitles":["Two recorded grid cases"],"fullName":"Two recorded grid cases gives identical cases zero deltas and no critical unmet-demand moments","status":"passed","title":"gives identical cases zero deltas and no critical unmet-demand moments","duration":3.701199999999517,"failureMessages":[],"meta":{},"tags":[]},{"ancestorTitles":["Two recorded grid cases"],"fullName":"Two recorded grid cases allows the same unmet demand with different grid use and final storage","status":"passed","title":"allows the same unmet demand with different grid use and final storage","duration":3.748700000000099,"failureMessages":[],"meta":{},"tags":[]},{"ancestorTitles":["Two recorded grid cases"],"fullName":"Two recorded grid cases measures stored energy at boundaries and gives the terminal endpoint zero power","status":"passed","title":"measures stored energy at boundaries and gives the terminal endpoint zero power","duration":5.2357000000010885,"failureMessages":[],"meta":{},"tags":[]},{"ancestorTitles":["Two recorded grid cases"],"fullName":"Two recorded grid cases reconciles minute deltas with total energy and shortfall categories","status":"passed","title":"reconciles minute deltas with total energy and shortfall categories","duration":32.65690000000177,"failureMessages":[],"meta":{},"tags":[]},{"ancestorTitles":["Two recorded grid cases"],"fullName":"Two recorded grid cases uses a relative threshold for real tiny differences","status":"passed","title":"uses a relative threshold for real tiny differences","duration":8.415600000000268,"failureMessages":[],"meta":{},"tags":[]},{"ancestorTitles":["Two recorded grid cases"],"fullName":"Two recorded grid cases handles no demand and no bank without inventing coverage or differences","status":"passed","title":"handles no demand and no bank without inventing coverage or differences","duration":3.9579999999987194,"failureMessages":[],"meta":{},"tags":[]},{"ancestorTitles":["Two recorded grid cases"],"fullName":"Two recorded grid cases preserves zero-rated grid availability and islanded behavior","status":"passed","title":"preserves zero-rated grid availability and islanded behavior","duration":4.994399999999587,"failureMessages":[],"meta":{},"tags":[]},{"ancestorTitles":["Two recorded grid cases"],"fullName":"Two recorded grid cases supports all 17 rating choices and single-rating experiments","status":"passed","title":"supports all 17 rating choices and single-rating experiments","duration":7.14600000000064,"failureMessages":[],"meta":{},"tags":[]},{"ancestorTitles":["Two recorded grid cases"],"fullName":"Two recorded grid cases preserves captured companion generation and demand shifting in both cases","status":"passed","title":"preserves captured companion generation and demand shifting in both cases","duration":5.684700000001612,"failureMessages":[],"meta":{},"tags":[]},{"ancestorTitles":["Two recorded grid cases"],"fullName":"Two recorded grid cases recomputes from captured inputs without mutating them or trusting persisted totals","status":"passed","title":"recomputes from captured inputs without mutating them or trusting persisted totals","duration":9.716300000000047,"failureMessages":[],"meta":{},"tags":[]},{"ancestorTitles":["Two recorded grid cases"],"fullName":"Two recorded grid cases keeps model results independent of comparison notes, chart mode, and cursor","status":"passed","title":"keeps model results independent of comparison notes, chart mode, and cursor","duration":8.08770000000004,"failureMessages":[],"meta":{},"tags":[]},{"ancestorTitles":["Two recorded grid cases"],"fullName":"Two recorded grid cases exports per-minute values, signed changes, and exact case provenance","status":"passed","title":"exports per-minute values, signed changes, and exact case provenance","duration":49.84469999999783,"failureMessages":[],"meta":{},"tags":[]},{"ancestorTitles":["Two recorded grid cases"],"fullName":"Two recorded grid cases solarPv maintains both ledgers and common resource timing","status":"passed","title":"solarPv maintains both ledgers and common resource timing","duration":3.4192000000002736,"failureMessages":[],"meta":{},"tags":[]},{"ancestorTitles":["Two recorded grid cases"],"fullName":"Two recorded grid cases wind maintains both ledgers and common resource timing","status":"passed","title":"wind maintains both ledgers and common resource timing","duration":3.0258000000030734,"failureMessages":[],"meta":{},"tags":[]},{"ancestorTitles":["Two recorded grid cases"],"fullName":"Two recorded grid cases hydro maintains both ledgers and common resource timing","status":"passed","title":"hydro maintains both ledgers and common resource timing","duration":3.352199999997538,"failureMessages":[],"meta":{},"tags":[]},{"ancestorTitles":["Two recorded grid cases"],"fullName":"Two recorded grid cases geothermal maintains both ledgers and common resource timing","status":"passed","title":"geothermal maintains both ledgers and common resource timing","duration":2.754799999998795,"failureMessages":[],"meta":{},"tags":[]},{"ancestorTitles":["Two recorded grid cases"],"fullName":"Two recorded grid cases solarThermal maintains both ledgers and common resource timing","status":"passed","title":"solarThermal maintains both ledgers and common resource timing","duration":2.7410000000018044,"failureMessages":[],"meta":{},"tags":[]},{"ancestorTitles":["Two recorded grid cases"],"fullName":"Two recorded grid cases wave maintains both ledgers and common resource timing","status":"passed","title":"wave maintains both ledgers and common resource timing","duration":2.7580999999991036,"failureMessages":[],"meta":{},"tags":[]},{"ancestorTitles":["Two recorded grid cases"],"fullName":"Two recorded grid cases tidal maintains both ledgers and common resource timing","status":"passed","title":"tidal maintains both ledgers and common resource timing","duration":7.73489999999947,"failureMessages":[],"meta":{},"tags":[]},{"ancestorTitles":["Two recorded grid cases"],"fullName":"Two recorded grid cases biomass maintains both ledgers and common resource timing","status":"passed","title":"biomass maintains both ledgers and common resource timing","duration":2.5554000000011,"failureMessages":[],"meta":{},"tags":[]},{"ancestorTitles":["Two recorded grid cases"],"fullName":"Two recorded grid cases renders comparison controls, saved preferences, directions, and two exact-minute inspections","status":"passed","title":"renders comparison controls, saved preferences, directions, and two exact-minute inspections","duration":180.19959999999992,"failureMessages":[],"meta":{},"tags":[]}],"startTime":1789259439726,"endTime":1789259440188.1997,"status":"passed","message":"","name":"C:/Users/cabba/OneDrive/Desktop/UDL-Tool-Updated/tests/renewables_grid_pair.test.js"},{"assertionResults":[{"ancestorTitles":["Improvement and worsening periods"],"fullName":"Improvement and worsening periods groups the hand-calculated trade-off into three chronological periods","status":"passed","title":"groups the hand-calculated trade-off into three chronological periods","duration":58.457900000001246,"failureMessages":[],"meta":{},"tags":[]},{"ancestorTitles":["Improvement and worsening periods"],"fullName":"Improvement and worsening periods preserves improvement and worsening even when net energy change is zero","status":"passed","title":"preserves improvement and worsening even when net energy change is zero","duration":17.58770000000004,"failureMessages":[],"meta":{},"tags":[]},{"ancestorTitles":["Improvement and worsening periods"],"fullName":"Improvement and worsening periods ends periods at an unchanged minute or immediate direction reversal","status":"passed","title":"ends periods at an unchanged minute or immediate direction reversal","duration":1.538700000000972,"failureMessages":[],"meta":{},"tags":[]},{"ancestorTitles":["Improvement and worsening periods"],"fullName":"Improvement and worsening periods uses end-exclusive boundaries and selects the first largest difference","status":"passed","title":"uses end-exclusive boundaries and selects the first largest difference","duration":1.5289999999986321,"failureMessages":[],"meta":{},"tags":[]},{"ancestorTitles":["Improvement and worsening periods"],"fullName":"Improvement and worsening periods reads storage at the actual start and end instead of summing boundaries","status":"passed","title":"reads storage at the actual start and end instead of summing boundaries","duration":5.068699999999808,"failureMessages":[],"meta":{},"tags":[]},{"ancestorTitles":["Improvement and worsening periods"],"fullName":"Improvement and worsening periods counts availability without splitting a continuous directional period","status":"passed","title":"counts availability without splitting a continuous directional period","duration":1.6639000000031956,"failureMessages":[],"meta":{},"tags":[]},{"ancestorTitles":["Improvement and worsening periods"],"fullName":"Improvement and worsening periods keeps raw changes below the threshold in the reconciliation","status":"passed","title":"keeps raw changes below the threshold in the reconciliation","duration":1.1710000000020955,"failureMessages":[],"meta":{},"tags":[]},{"ancestorTitles":["Improvement and worsening periods"],"fullName":"Improvement and worsening periods recognizes meaningful changes at very small demand scales","status":"passed","title":"recognizes meaningful changes at very small demand scales","duration":1.1435999999994237,"failureMessages":[],"meta":{},"tags":[]},{"ancestorTitles":["Improvement and worsening periods"],"fullName":"Improvement and worsening periods ignores the final endpoint and supports a one-minute period","status":"passed","title":"ignores the final endpoint and supports a one-minute period","duration":1.1601000000009662,"failureMessages":[],"meta":{},"tags":[]},{"ancestorTitles":["Improvement and worsening periods"],"fullName":"Improvement and worsening periods reverses directions and signed energy when cases are swapped","status":"passed","title":"reverses directions and signed energy when cases are swapped","duration":6.803099999997357,"failureMessages":[],"meta":{},"tags":[]},{"ancestorTitles":["Improvement and worsening periods"],"fullName":"Improvement and worsening periods has no periods for identical unmet demand even if imports and storage differ","status":"passed","title":"has no periods for identical unmet demand even if imports and storage differ","duration":4.136300000001938,"failureMessages":[],"meta":{},"tags":[]},{"ancestorTitles":["Improvement and worsening periods"],"fullName":"Improvement and worsening periods handles no demand and reports an empty header-only export","status":"passed","title":"handles no demand and reports an empty header-only export","duration":4.41729999999734,"failureMessa
[...]
ion","duration":2.677900000000591,"failureMessages":[],"meta":{},"tags":[]},{"ancestorTitles":["Supply gap explorer"],"fullName":"Supply gap explorer does not attribute more held energy than is physically available","status":"passed","title":"does not attribute more held energy than is physically available","duration":3.0113000000001193,"failureMessages":[],"meta":{},"tags":[]},{"ancestorTitles":["Supply gap explorer"],"fullName":"Supply gap explorer recognizes strategy-held storage while grid backup is available","status":"passed","title":"recognizes strategy-held storage while grid backup is available","duration":2.4572000000007392,"failureMessages":[],"meta":{},"tags":[]},{"ancestorTitles":["Supply gap explorer"],"fullName":"Supply gap explorer releases strategy-held energy inside an outage and accounts for later depletion","status":"passed","title":"releases strategy-held energy inside an outage and accounts for later depletion","duration":3.7036000000007334,"failureMessages":[],"meta":{},"tags":[]},{"ancestorTitles":["Supply gap explorer"],"fullName":"Supply gap explorer counts a zero power rating as a power limit even if the bank is full","status":"passed","title":"counts a zero power rating as a power limit even if the bank is full","duration":2.206000000000131,"failureMessages":[],"meta":{},"tags":[]},{"ancestorTitles":["Supply gap explorer"],"fullName":"Supply gap explorer includes discharge efficiency in the physically deliverable energy","status":"passed","title":"includes discharge efficiency in the physically deliverable energy","duration":1.5675000000010186,"failureMessages":[],"meta":{},"tags":[]},{"ancestorTitles":["Supply gap explorer"],"fullName":"Supply gap explorer keeps genuine tiny demand gaps while ignoring a zero-demand sequence","status":"passed","title":"keeps genuine tiny demand gaps while ignoring a zero-demand sequence","duration":4.143199999998615,"failureMessages":[],"meta":{},"tags":[]},{"ancestorTitles":["Supply gap explorer"],"fullName":"Supply gap explorer does not invent a gap during surplus generation and charging","status":"passed","title":"does not invent a gap during surplus generation and charging","duration":5.917499999999563,"failureMessages":[],"meta":{},"tags":[]},{"ancestorTitles":["Supply gap explorer"],"fullName":"Supply gap explorer regroups episodes when demand shifting removes demand from an intermediate window","status":"passed","title":"regroups episodes when demand shifting removes demand from an intermediate window","duration":2.9693000000006577,"failureMessages":[],"meta":{},"tags":[]},{"ancestorTitles":["Supply gap explorer"],"fullName":"Supply gap explorer solarPv reconciles every gap minute and episode across all battery strategies","status":"passed","title":"solarPv reconciles every gap minute and episode across all battery strategies","duration":35.95980000000054,"failureMessages":[],"meta":{},"tags":[]},{"ancestorTitles":["Supply gap explorer"],"fullName":"Supply gap explorer wind reconciles every gap minute and episode across all battery strategies","status":"passed","title":"wind reconciles every gap minute and episode across all battery strategies","duration":40.82589999999982,"failureMessages":[],"meta":{},"tags":[]},{"ancestorTitles":["Supply gap explorer"],"fullName":"Supply gap explorer hydro reconciles every gap minute and episode across all battery strategies","status":"passed","title":"hydro reconciles every gap minute and episode across all battery strategies","duration":33.36899999999878,"failureMessages":[],"meta":{},"tags":[]},{"ancestorTitles":["Supply gap explorer"],"fullName":"Supply gap explorer geothermal reconciles every gap minute and episode across all battery strategies","status":"passed","title":"geothermal reconciles every gap minute and episode across all battery strategies","duration":32.4278000000013,"failureMessages":[],"meta":{},"tags":[]},{"ancestorTitles":["Supply gap explorer"],"fullName":"Supply gap explorer solarThermal reconciles every gap minute and episode across all battery strategies","status":"passed","title":"solarThermal reconciles every gap minute and episode across all battery strategies","duration":32.061900000000605,"failureMessages":[],"meta":{},"tags":[]},{"ancestorTitles":["Supply gap explorer"],"fullName":"Supply gap explorer wave reconciles every gap minute and episode across all battery strategies","status":"passed","title":"wave reconciles every gap minute and episode across all battery strategies","duration":30.32420000000093,"failureMessages":[],"meta":{},"tags":[]},{"ancestorTitles":["Supply gap explorer"],"fullName":"Supply gap explorer tidal reconciles every gap minute and episode across all battery strategies","status":"passed","title":"tidal reconciles every gap minute and episode across all battery strategies","duration":180.77309999999852,"failureMessages":[],"meta":{},"tags":[]},{"ancestorTitles":["Supply gap explorer"],"fullName":"Supply gap explorer biomass reconciles every gap minute and episode across all battery strategies","status":"passed","title":"biomass reconciles every gap minute and episode across all battery strategies","duration":30.023600000000442,"failureMessages":[],"meta":{},"tags":[]},{"ancestorTitles":["Supply gap explorer"],"fullName":"Supply gap explorer uses stable sorting, selected period keys, bounded pages, and independent scopes","status":"passed","title":"uses stable sorting, selected period keys, bounded pages, and independent scopes","duration":2.8194000000003143,"failureMessages":[],"meta":{},"tags":[]},{"ancestorTitles":["Supply gap explorer"],"fullName":"Supply gap explorer exports complete minute accounting and chronological episodes with reproducible settings","status":"passed","title":"exports complete minute accounting and chronological episodes with reproducible settings","duration":11.46559999999954,"failureMessages":[],"meta":{},"tags":[]},{"ancestorTitles":["Supply gap explorer"],"fullName":"Supply gap explorer replays serialized settings without mutation or changing dispatch","status":"passed","title":"replays serialized settings without mutation or changing dispatch","duration":17.87380000000121,"failureMessages":[],"meta":{},"tags":[]},{"ancestorTitles":["Supply gap explorer"],"fullName":"Supply gap explorer renders the explorer, both gap scopes, explanations, and exact inspection controls","status":"passed","title":"renders the explorer, both gap scopes, explanations, and exact inspection controls","duration":183.85449999999946,"failureMessages":[],"meta":{},"tags":[]}],"startTime":1789259432458,"endTime":1789259433215.8545,"status":"passed","message":"","name":"C:/Users/cabba/OneDrive/Desktop/UDL-Tool-Updated/tests/renewables_supply_gaps.test.js"},{"assertionResults":[{"ancestorTitles":["Renewables history table accessibility"],"fullName":"Renewables history table accessibility assigns column scope to year-by-year table headers","status":"passed","title":"assigns column scope to year-by-year table headers","duration":8.391999999999825,"failureMessages":[],"meta":{},"tags":[]},{"ancestorTitles":["Renewables history table accessibility"],"fullName":"Renewables history table accessibility keeps source and public mirrors identical","status":"passed","title":"keeps source and public mirrors identical","duration":6.997800000001007,"failureMessages":[],"meta":{},"tags":[]}],"startTime":1789259451418,"endTime":1789259451434.9978,"status":"passed","message":"","name":"C:/Users/cabba/OneDrive/Desktop/UDL-Tool-Updated/tests/renewables_table_a11y.test.js"},{"assertionResults":[{"ancestorTitles":["Renewables transition hourly model"],"fullName":"Renewables transition hourly model conserves power in every region and storage energy across every hour","status":"passed","title":"conserves power in every region and storage energy across every hour","duration":454.17559999999867,"failureMessages":[],"meta":{},"tags":[]},{"ancestorTitles":["Renewables transition hourly model"],"fullName":"Renewables transition hourly model keeps empty storage from creating electricity","status":"passed","title":"keeps empty storage from creating electricity","duration":15.058100000000195,"failureMessages":[],"meta":{},"tags":[]},{"ancestorTitles":["Renewables transition hourly model"],"fullName":"Renewables transition hourly model treats capacity, annual additions, power and duration as separate quantities","status":"passed","title":"treats capacity, annual additions, power and duration as separate quantities","duration":1.7755999999990308,"failureMessages":[],"meta":{},"tags":[]},{"ancestorTitles":["Renewables transition hourly model"],"fullName":"Renewables transition hourly model has no solar generation outside each region daylight window","status":"passed","title":"has no solar generation outside each region daylight window","duration":6.250599999999395,"failureMessages":[],"meta":{},"tags":[]},{"ancestorTitles":["Renewables transition hourly model"],"fullName":"Renewables transition hourly model turns off all transfers when regional links are zero","status":"passed","title":"turns off all transfers when regional links are zero","duration":13.779899999999543,"failureMessages":[],"meta":{},"tags":[]},{"ancestorTitles":["Renewables transition hourly model"],"fullName":"Renewables transition hourly model produces actual transfers and caps them by both offers and demand","status":"passed","title":"produces actual transfers and caps them by both offers and demand","duration":4.24619999999959,"failureMessages":[],"meta":{},"tags":[]},{"ancestorTitles":["Renewables transition hourly model"],"fullName":"Renewables transition hourly model makes weather lulls reduce renewable generation and heat waves increase demand","status":"passed","title":"makes weather lulls reduce renewable generation and heat waves increase demand","duration":4.254299999998693,"failureMessages":[],"meta":{},"tags":[]},{"ancestorTitles":["Renewables transition hourly model"],"fullName":"Renewables transition hourly model exposes shortages when retiring capacity faster than replacements cover the lull","status":"passed","title":"exposes shortages when retiring capacity faster than replacements cover the lull","duration":2.0676000000003114,"failureMessages":[],"meta":{},"tags":[]},{"ancestorTitles":["Renewables transition hourly model"],"fullName":"Renewables transition hourly model bounds malformed saved inputs and stays deterministic","status":"passed","title":"bounds malformed saved inputs and stays deterministic","duration":10.551699999999983,"failureMessages":[],"meta":{},"tags":[]},{"ancestorTitles":["Renewables transition hourly model"],"fullName":"Renewables transition hourly model keeps resource allocation weights normalized","status":"passed","title":"keeps resource allocation weights normalized","duration":1.5203999999994267,"failureMessages":[],"meta":{},"tags":[]},{"ancestorTitles":["Transition UI entry and model transparency"],"fullName":"Transition UI entry and model transparency makes the sandbox reachable in the core library","status":"passed","title":"makes the sandbox reachable in the core library","duration":9.32340000000113,"failureMessages":[],"meta":{},"tags":[]},{"ancestorTitles":["Transition UI entry and model transparency"],"fullName":"Transition UI entry and model transparency renders the workbench, equivalent data, and honest model boundaries","status":"passed","title":"renders the workbench, equivalent data, and honest model boundaries","duration":48.01050000000032,"failureMessages":[],"meta":{},"tags":[]},{"ancestorTitles":["Regional planning and resilience"],"fullName":"Regional planning and resilience runs an entire week and clips timed outages at the run boundary","status":"passed","title":"runs an entire week and clips timed outages at the run boundary","duration":4.246099999998478,"failureMessages":[],"meta":{},"tags":[]},{"ancestorTitles":["Regional planning and resilience"],"fullName":"Regional planning and resilience allocates only new construction and conserves national installed capacity","status":"passed","title":"allocates only new construction and conserves national installed capacity","duration":1.1131999999997788,"failureMessages":[],"meta":{},"tags":[]},{"ancestorTitles":["Regional planning and resilience"],"fullName":"Regional planning and resilience recovers default allocation when all siting weights are zero","status":"passed","title":"recovers default allocation when all siting weights are zero","duration":1.1671999999998661,"failureMessages":[],"meta":{},"tags":[]},{"ancestorTitles":["Regional planning and resilience"],"fullName":"Regional planning and resilience changes regional generation when the same national portfolio is sited differently","status":"passed","title":"changes regional generation when the same national portfolio is sited differently","duration":3.4830000000001746,"failureMessages":[],"meta":{},"tags":[]},{"ancestorTitles":["Regional planning and resilience"],"fullName":"Regional planning and resilience moves evening energy to midday without reducing total or regional demand","status":"passed","title":"moves evening energy to midday without reducing total or regional demand","duration":5.481800000001385,"failureMessages":[],"meta":{},"tags":[]},{"ancestorTitles":["Regional planning and resilience"],"fullName":"Regional planning and resilience accounts for transmission losses exactly once and exposes delivered transfers","status":"passed","title":"accounts for transmission losses exactly once and exposes delivered transfers","duration":2.1098000000001775,"failureMessages":[],"meta":{},"tags":[]},{"ancestorTitles":["Regional planning and resilience"],"fullName":"Regional planning and resilience isolates only the selected region during the exact outage window","status":"passed","title":"isolates only the selected region during the exact outage window","duration":4.249700000000303,"failureMessages":[],"meta":{},"tags":[]},{"ancestorTitles":["Regional planning and resilience"],"fullName":"Regional planning and resilience keeps reserve releases inside energy and power limits","status":"passed","title":"keeps reserve releases inside energy and power limits","duration":14.35740000000078,"failureMessages":[],"meta":{},"tags":[]},{"ancestorTitles":["Regional planning and resilience"],"fullName":"Regional planning and resilience reports the actual hardest hour and longest consecutive shortage","status":"passed","title":"reports the actual hardest hour and longest consecutive shortage","duration":6.4747000000006665,"failureMessages":[],"meta":{},"tags":[]},{"ancestorTitles":["Regional planning and resilience"],"fullName":"Regional planning and resilience runs four comparable week-long stresses without changing the plan","status":"passed","title":"runs four comparable week-long stresses without changing the plan","duration":15.05199999999968,"failureMessages":[],"meta":{},"tags":[]},{"ancestorTitles":["Expanded planning UI and saved-model migration"],"fullName":"Expanded planning UI and saved-model migration renders week-long controls, regional siting, and explicit loss assumptions","status":"passed","title":"renders week-long controls, regional siting, and explicit loss assumptions","duration":84.64600000000064,"failureMessages":[],"meta":{},"tags":[]},{"ancestorTitles":["Expanded planning UI and saved-model migration"],"fullName":"Expanded planning UI and saved-model migration recalculates a legacy saved plan under the current model rather than trusting old totals","status":"passed","title":"recalculates a legacy saved plan under the current model rather than trusting old totals","duration":184.02750000000015,"failureMessages":[],"meta":{},"tags":[]},{"ancestorTitles":["Controlled experiments and planning challenges"],"fullName":"Controlled experiments and planning challenges samples one variable, includes the current baseline, and preserves every other assumption","status":"passed","title":"samples one variable, includes the current baseline, and preserves every other assumption","duration":29.842500000000655,"failureMessages":[],"meta":{},"tags":[]},{"ancestorTitles":["Controlled experiments and planning challenges"],"fullName":"Controlled experiments and planning challenges keeps a comparison valid when loading its variable but expires it when another assumption changes","status":"passed","title":"keeps a comparison valid when loading its variable but expires it when another assumption changes","duration":4.302200000000084,"failureMessages":[],"meta":{},"tags":[]},{"ancestorTitles":["Controlled experiments and planning challenges"],"fullName":"Controlled experiments and planning challenges shows that additional storage duration cannot generate energy when storage never charges","status":"passed","title":"shows that additional storage duration cannot generate energy when storage never charges","duration":3.6555000000007567,"failureMessages":[],"meta":{},"tags":[]},{"ancestorTitles":["Controlled experiments and planning challenges"],"fullName":"Controlled experiments and planning challenges provides an initially unmet and achievable evening challenge","status":"passed","title":"provides an initially unmet and achievable evening challenge","duration":3.482900000000882,"failureMessages":[],"meta":{},"tags":[]},{"ancestorTitles":["Controlled experiments and planning challenges"],"fullName":"Controlled experiments and planning challenges provides an initially unmet and achievable connections challenge","status":"passed","title":"provides an initially unmet and achievable connections challenge","duration":2.8351000000002387,"failureMessages":[],"meta":{},"tags":[]},{"ancestorTitles":["Controlled experiments and planning challenges"],"fullName":"Controlled experiments and planning challenges provides an initially unmet and achievable winter challenge","status":"passed","title":"provides an initially unmet and achievable winter challenge","duration":5.54149999999936,"failureMessages":[],"meta":{},"tags":[]},{"ancestorTitles":["Controlled experiments and planning challenges"],"fullName":"Controlled experiments and planning challenges rejects solutions that alter fixed conditions or site additional generation elsewhere","status":"passed","title":"rejects solutions that alter fixed conditions or site additional generation elsewhere","duration":3.0624000000007072,"failureMessages":[],"meta":{},"tags":[]},{"ancestorTitles":["Dispatch explanations"],"fullName":"Dispatch explanations accounts for local sources, uses, and actual storage history without counting unmet demand as a use","status":"passed","title":"accounts for local sources, uses, and actual storage history without counting unmet demand as a use","duration":6.149900000000343,"failureMessages":[],"meta":{},"tags":[]},{"ancestorTitles":["Dispatch explanations"],"fullName":"Dispatch explanations distinguishes empty energy, charge power limits, and discharge power limits","status":"passed","title":"distinguishes empty energy, charge power limits, and discharge power limits","duration":3.25170000000071,"failureMessages":[],"meta":{},"tags":[]},{"ancestorTitles":["Dispatch explanations"],"fullName":"Dispatch explanations reports an outage only inside its scheduled window and bounds invalid selections","status":"passed","title":"reports an outage only inside its scheduled window and bounds invalid selections","duration":1.6608999999989464,"failureMessages":[],"meta":{},"tags":[]},{"ancestorTitles":["Dispatch explanations"],"fullName":"Dispatch explanations renders the guided challenge, experiment controls, and selected-hour explanation accessibly","status":"passed","title":"renders the guided challenge, experiment controls, and selected-hour explanation accessibly","duration":41.535499999999956,"failureMessages":[],"meta":{},"tags":[]}],"startTime":1789259430209,"endTime":1789259431213.5354,"status":"passed","message":"","name":"C:/Users/cabba/OneDrive/Desktop/UDL-Tool-Updated/tests/renewables_transition.test.js"}]}