{"numTotalTestSuites":47,"numPassedTestSuites":47,"numFailedTestSuites":0,"numPendingTestSuites":0,"numTotalTests":387,"numPassedTests":387,"numFailedTests":0,"numPendingTests":0,"numTodoTests":0,"snapshot":{"added":0,"failure":false,"filesAdded":0,"filesRemoved":0,"filesRemovedList":[],"filesUnmatched":0,"filesUpdated":0,"matched":0,"total":0,"unchecked":0,"uncheckedKeysByFile":[],"unmatched":0,"updated":0,"didUpdate":false},"startTime":1789256692504,"success":true,"testResults":[{"assertionResults":[{"ancestorTitles":["Demand shifting"],"fullName":"Demand shifting moves an exactly known energy quantity without deleting demand","status":"passed","title":"moves an exactly known energy quantity without deleting demand","duration":87.71770000000106,"failureMessages":[],"meta":{},"tags":[]},{"ancestorTitles":["Demand shifting"],"fullName":"Demand shifting moves earlier as well as later and preserves the same energy","status":"passed","title":"moves earlier as well as later and preserves the same energy","duration":12.72859999999855,"failureMessages":[],"meta":{},"tags":[]},{"ancestorTitles":["Demand shifting"],"fullName":"Demand shifting accounts for cancellation in overlapping source and receiving windows","status":"passed","title":"accounts for cancellation in overlapping source and receiving windows","duration":2.0800000000017462,"failureMessages":[],"meta":{},"tags":[]},{"ancestorTitles":["Demand shifting"],"fullName":"Demand shifting leaves constant demand unchanged when the two windows are identical","status":"passed","title":"leaves constant demand unchanged when the two windows are identical","duration":13.079499999999825,"failureMessages":[],"meta":{},"tags":[]},{"ancestorTitles":["Demand shifting"],"fullName":"Demand shifting can redistribute variable demand within one window while preserving energy","status":"passed","title":"can redistribute variable demand within one window while preserving energy","duration":5.935299999999188,"failureMessages":[],"meta":{},"tags":[]},{"ancestorTitles":["Demand shifting"],"fullName":"Demand shifting takes a percentage of each original interval rather than substituting average demand","status":"passed","title":"takes a percentage of each original interval rather than substituting average demand","duration":11.240499999999884,"failureMessages":[],"meta":{},"tags":[]},{"ancestorTitles":["Demand shifting"],"fullName":"Demand shifting never allocates energy to the terminal boundary or outside the horizon","status":"passed","title":"never allocates energy to the terminal boundary or outside the horizon","duration":3.3224000000009255,"failureMessages":[],"meta":{},"tags":[]},{"ancestorTitles":["Demand shifting"],"fullName":"Demand shifting keeps disabled and zero-percent schedules identical to legacy demand","status":"passed","title":"keeps disabled and zero-percent schedules identical to legacy demand","duration":3.7316999999984546,"failureMessages":[],"meta":{},"tags":[]},{"ancestorTitles":["Demand shifting"],"fullName":"Demand shifting handles no demand without inventing moved energy or coverage","status":"passed","title":"handles no demand without inventing moved energy or coverage","duration":5.867199999998775,"failureMessages":[],"meta":{},"tags":[]},{"ancestorTitles":["Demand shifting"],"fullName":"Demand shifting preserves tiny and large positive loads through a one-minute receiving window","status":"passed","title":"preserves tiny and large positive loads through a one-minute receiving window","duration":4.530000000000655,"failureMessages":[],"meta":{},"tags":[]},{"ancestorTitles":["Demand shifting"],"fullName":"Demand shifting bounds malformed input and keeps both windows inside a changing horizon","status":"passed","title":"bounds malformed input and keeps both windows inside a changing horizon","duration":2.6490999999987253,"failureMessages":[],"meta":{},"tags":[]},{"ancestorTitles":["Demand shifting"],"fullName":"Demand shifting can avoid outage demand by scheduling it while the grid is available","status":"passed","title":"can avoid outage demand by scheduling it while the grid is available","duration":14.551799999999275,"failureMessages":[],"meta":{},"tags":[]},{"ancestorTitles":["Demand shifting"],"fullName":"Demand shifting can worsen supply gaps by concentrating load into a high-power pulse","status":"passed","title":"can worsen supply gaps by concentrating load into a high-power pulse","duration":2.1595000000015716,"failureMessages":[],"meta":{},"tags":[]},{"ancestorTitles":["Demand shifting"],"fullName":"Demand shifting reduces supply gaps in the daylight starter without adding generation or a battery","status":"passed","title":"reduces supply gaps in the daylight starter without adding generation or a battery","duration":4.391900000000533,"failureMessages":[],"meta":{},"tags":[]},{"ancestorTitles":["Demand shifting"],"fullName":"Demand shifting solarPv conserves demand and system energy across all strategies with two generators","status":"passed","title":"solarPv conserves demand and system energy across all strategies with two generators","duration":3.24330000000009,"failureMessages":[],"meta":{},"tags":[]},{"ancestorTitles":["Demand shifting"],"fullName":"Demand shifting wind conserves demand and system energy across all strategies with two generators","status":"passed","title":"wind conserves demand and system energy across all strategies with two generators","duration":2.3432000000011612,"failureMessages":[],"meta":{},"tags":[]},{"ancestorTitles":["Demand shifting"],"fullName":"Demand shifting hydro conserves demand and system energy across all strategies with two generators","status":"passed","title":"hydro conserves demand and system energy across all strategies with two generators","duration":2.2343000000000757,"failureMessages":[],"meta":{},"tags":[]},{"ancestorTitles":["Demand shifting"],"fullName":"Demand shifting geothermal conserves demand and system energy across all strategies with two generators","status":"passed","title":"geothermal conserves demand and system energy across all strategies with two generators","duration":2.233799999999974,"failureMessages":[],"meta":{},"tags":[]},{"ancestorTitles":["Demand shifting"],"fullName":"Demand shifting solarThermal conserves demand and system energy across all strategies with two generators","status":"passed","title":"solarThermal conserves demand and system energy across all strategies with two generators","duration":2.1841000000003987,"failureMessages":[],"meta":{},"tags":[]},{"ancestorTitles":["Demand shifting"],"fullName":"Demand shifting wave conserves demand and system energy across all strategies with two generators","status":"passed","title":"wave conserves demand and system energy across all strategies with two generators","duration":2.6108000000003813,"failureMessages":[],"meta":{},"tags":[]},{"ancestorTitles":["Demand shifting"],"fullName":"Demand shifting tidal conserves demand and system energy across all strategies with two generators","status":"passed","title":"tidal conserves demand and system energy across all strategies with two generators","duration":6.664600000000064,"failureMessages":[],"meta":{},"tags":[]},{"ancestorTitles":["Demand shifting"],"fullName":"Demand shifting biomass conserves demand and system energy across all strategies with two generators","status":"passed","title":"biomass conserves demand and system energy across all strategies with two generators","duration":1.8306999999986147,"failureMessages":[],"meta":{},"tags":[]},{"ancestorTitles":["Demand shifting"],"fullName":"Demand shifting keeps demand independent of battery designs, dispatch policies, and companion presence","status":"passed","title":"keeps demand independent of battery designs, dispatch policies, and companion presence","duration":3.3260000000009313,"failureMessages":[],"meta":{},"tags":[]},{"ancestorTitles":["Demand shifting"],"fullName":"Demand shifting captures and reconstructs the shifted demand in outage and battery-design studies","status":"passed","title":"captures and reconstructs the shifted demand in outage and battery-design studies","duration":79.18499999999949,"failureMessages":[],"meta":{},"tags":[]},{"ancestorTitles":["Demand shifting"],"fullName":"Demand shifting serializes the schedule and simulation without mutating captured settings","status":"passed","title":"serializes the schedule and simulation without mutating captured settings","duration":10.058399999999892,"failureMessages":[],"meta":{},"tags":[]},{"ancestorTitles":["Demand shifting"],"fullName":"Demand shifting renders the bench, original-versus-shifted data, and recorded study conditions","status":"passed","title":"renders the bench, original-versus-shifted data, and recorded study conditions","duration":210.505799999999,"failureMessages":[],"meta":{},"tags":[]}],"startTime":1789256704881,"endTime":1789256705382.5059,"status":"passed","message":"","name":"C:/Users/cabba/OneDrive/Desktop/UDL-Tool-Updated/tests/renewables_demand_shift.test.js"},{"assertionResults":[{"ancestorTitles":["Battery design comparisons"],"fullName":"Battery design comparisons separates a power bottleneck from an energy bottleneck with a hand-calculated demand balance","status":"passed","title":"separates a power bottleneck from an energy bottleneck with a hand-calculated demand balance","duration":103.54739999999947,"failureMessages":[],"meta":{},"tags":[]},{"ancestorTitles":["Battery design comparisons"],"fullName":"Battery design comparisons holds the initial kWh fixed except when smaller banks cannot contain them","status":"passed","title":"holds the initial kWh fixed except when smaller banks cannot contain them","duration":25.875200000000405,"failureMessages":[],"meta":{},"tags":[]},{"ancestorTitles":["Battery design comparisons"],"fullName":"Battery design comparisons makes the additional starting energy in a percentage comparison explicit","status":"passed","title":"makes the additional starting energy in a percentage comparison explicit","duration":17.342099999999846,"failureMessages":[],"meta":{},"tags":[]},{"ancestorTitles":["Battery design comparisons"],"fullName":"Battery design comparisons does not fill a larger empty battery or charge it from the grid","status":"passed","title":"does not fill a larger empty battery or charge it from the grid","duration":28.557999999999083,"failureMessages":[],"meta":{},"tags":[]},{"ancestorTitles":["Battery design comparisons"],"fullName":"Battery design comparisons excludes grid imports from coverage even when all demand is served","status":"passed","title":"excludes grid imports from coverage even when all demand is served","duration":27.951100000000224,"failureMessages":[],"meta":{},"tags":[]},{"ancestorTitles":["Battery design comparisons"],"fullName":"Battery design comparisons explains a strategy-held full battery as an energy/strategy limit","status":"passed","title":"explains a strategy-held full battery as an energy/strategy limit","duration":17.713800000001356,"failureMessages":[],"meta":{},"tags":[]},{"ancestorTitles":["Battery design comparisons"],"fullName":"Battery design comparisons identifies only nondominated sampled equipment pairs that meet the target","status":"passed","title":"identifies only nondominated sampled equipment pairs that meet the target","duration":18.051699999999983,"failureMessages":[],"meta":{},"tags":[]},{"ancestorTitles":["Battery design comparisons"],"fullName":"Battery design comparisons evaluates coverage targets against local demand with no fabricated zero-demand successes","status":"passed","title":"evaluates coverage targets against local demand with no fabricated zero-demand successes","duration":29.34809999999925,"failureMessages":[],"meta":{},"tags":[]},{"ancestorTitles":["Battery design comparisons"],"fullName":"Battery design comparisons detects small positive demand and distinguishes a zero target","status":"passed","title":"detects small positive demand and distinguishes a zero target","duration":20.659499999999753,"failureMessages":[],"meta":{},"tags":[]},{"ancestorTitles":["Battery design comparisons"],"fullName":"Battery design comparisons does not mistake a tiny positive target for a zero target","status":"passed","title":"does not mistake a tiny positive target for a zero target","duration":9.760200000000623,"failureMessages":[],"meta":{},"tags":[]},{"ancestorTitles":["Battery design comparisons"],"fullName":"Battery design comparisons retains reserve behavior when more capacity protects more of the same initial energy","status":"passed","title":"retains reserve behavior when more capacity protects more of the same initial energy","duration":9.736499999999069,"failureMessages":[],"meta":{},"tags":[]},{"ancestorTitles":["Battery design comparisons"],"fullName":"Battery design comparisons normalizes replay equipment before preserving the starting energy","status":"passed","title":"normalizes replay equipment before preserving the starting energy","duration":1.5300000000006548,"failureMessages":[],"meta":{},"tags":[]},{"ancestorTitles":["Battery design comparisons"],"fullName":"Battery design comparisons scales bank capacity, power, and initial energy with the fixed unit count","status":"passed","title":"scales bank capacity, power, and initial energy with the fixed unit count","duration":23.125200000000405,"failureMessages":[],"meta":{},"tags":[]},{"ancestorTitles":["Battery design comparisons"],"fullName":"Battery design comparisons returns an empty comparison for an absent battery while retaining the baseline","status":"passed","title":"returns an empty comparison for an absent battery while retaining the baseline","duration":1.8603000000002794,"failureMessages":[],"meta":{},"tags":[]},{"ancestorTitles":["Battery design comparisons"],"fullName":"Battery design comparisons bounds malformed input, orders axes, and deduplicates collapsed ranges","status":"passed","title":"bounds malformed input, orders axes, and deduplicates collapsed ranges","duration":40.836599999998725,"failureMessages":[],"meta":{},"tags":[]},{"ancestorTitles":["Battery design comparisons"],"fullName":"Battery design comparisons reconstructs candidates exactly for 3D replay without retaining all minute rows","status":"passed","title":"reconstructs candidates exactly for 3D replay without retaining all minute rows","duration":21.389999999999418,"failureMessages":[],"meta":{},"tags":[]},{"ancestorTitles":["Battery design comparisons"],"fullName":"Battery design comparisons captures and serializes normalized inputs without mutating the request","status":"passed","title":"captures and serializes normalized inputs without mutating the request","duration":40.61750000000029,"failureMessages":[],"meta":{},"tags":[]},{"ancestorTitles":["Battery design comparisons"],"fullName":"Battery design comparisons solarPv preserves energy conservation and reconstructs every sampled case","status":"passed","title":"solarPv preserves energy conservation and reconstructs every sampled case","duration":23.66359999999986,"failureMessages":[],"meta":{},"tags":[]},{"ancestorTitles":["Battery design comparisons"],"fullName":"Battery design comparisons wind preserves energy conservation and reconstructs every sampled case","status":"passed","title":"wind preserves energy conservation and reconstructs every sampled case","duration":8.454899999998815,"failureMessages":[],"meta":{},"tags":[]},{"ancestorTitles":["Battery design comparisons"],"fullName":"Battery design comparisons hydro preserves energy conservation and reconstructs every sampled case","status":"passed","title":"hydro preserves energy conservation and reconstructs every sampled case","duration":6.8179999999993015,"failureMessages":[],"meta":{},"tags":[]},{"ancestorTitles":["Battery design comparisons"],"fullName":"Battery design comparisons geothermal preserves energy conservation and reconstructs every sampled case","status":"passed","title":"geothermal preserves energy conservation and reconstructs every sampled case","duration":8.105499999999665,"failureMessages":[],"meta":{},"tags":[]},{"ancestorTitles":["Battery design comparisons"],"fullName":"Battery design comparisons solarThermal preserves energy conservation and reconstructs every sampled case","status":"passed","title":"solarThermal preserves energy conservation and reconstructs every sampled case","duration":7.011400000001231,"failureMessages":[],"meta":{},"tags":[]},{"ancestorTitles":["Battery design comparisons"],"fullName":"Battery design comparisons wave preserves energy conservation and reconstructs every sampled case","status":"passed","title":"wave preserves energy conservation and reconstructs every sampled case","duration":7.725399999999354,"failureMessages":[],"meta":{},"tags":[]},{"ancestorTitles":["Battery design comparisons"],"fullName":"Battery design comparisons tidal preserves energy conservation and reconstructs every sampled case","status":"passed","title":"tidal preserves energy conservation and reconstructs every sampled case","duration":38.66899999999987,"failureMessages":[],"meta":{},"tags":[]},{"ancestorTitles":["Battery design comparisons"],"fullName":"Battery design comparisons biomass preserves energy conservation and reconstructs every sampled case","status":"passed","title":"biomass preserves energy conservation and reconstructs every sampled case","duration":6.965699999998833,"failureMessages":[],"meta":{},"tags":[]},{"ancestorTitles":["Battery design comparisons"],"fullName":"Battery design comparisons renders captured conditions, comparisons, and notes alongside the existing studies","status":"passed","title":"renders captured conditions, comparisons, and notes alongside the existing studies","duration":219.1312999999991,"failureMessages":[],"meta":{},"tags":[]}],"startTime":1789256706839,"endTime":1789256707604.1313,"status":"passed","message":"","name":"C:/Users/cabba/OneDrive/Desktop/UDL-Tool-Updated/tests/renewables_designs.test.js"},{"assertionResults":[{"ancestorTitles":["Renewables Lab diagram tabs accessibility"],"fullName":"Renewables Lab diagram tabs accessibility keeps source and public mirrors identical","status":"passed","title":"keeps source and public mirrors identical","duration":16.56890000000203,"failureMessages":[],"meta":{},"tags":[]},{"ancestorTitles":["Renewables Lab diagram tabs accessibility"],"fullName":"Renewables Lab diagram tabs accessibility gives diagram tabs roving focus and arrow/Home/End navigation","status":"passed","title":"gives diagram tabs roving focus and arrow/Home/End navigation","duration":6.486799999998766,"failureMessages":[],"meta":{},"tags":[]},{"ancestorTitles":["Renewables Lab diagram tabs accessibility"],"fullName":"Renewables Lab diagram tabs accessibility links the selected diagram to its tabpanel","status":"passed","title":"links the selected diagram to its tabpanel","duration":4.66899999999805,"failureMessages":[],"meta":{},"tags":[]}],"startTime":1789256722905,"endTime":1789256722932.669,"status":"passed","message":"","name":"C:/Users/cabba/OneDrive/Desktop/UDL-Tool-Updated/tests/renewables_diagram_tabs_a11y.test.js"},{"assertionResults":[{"ancestorTitles":["Individual energy mechanism calculations"],"fullName":"Individual energy mechanism calculations includes every core renewable mechanism with separate wave and tidal physics","status":"passed","title":"includes every core renewable mechanism with separate wave and tidal physics","duration":44.03319999999985,"failureMessages":[],"meta":{},"tags":[]},{"ancestorTitles":["Individual energy mechanism calculations"],"fullName":"Individual energy mechanism calculations solarPv remains finite and accounts for resource power at every control boundary","status":"passed","title":"solarPv remains finite and accounts for resource power at every control boundary","duration":10.197599999999511,"failureMessages":[],"meta":{},"tags":[]},{"ancestorTitles":["Individual energy mechanism calculations"],"fullName":"Individual energy mechanism calculations wind remains finite and accounts for resource power at every control boundary","status":"passed","title":"wind remains finite and accounts for resource power at every control boundary","duration":1.2599000000009255,"failureMessages":[],"meta":{},"tags":[]},{"ancestorTitles":["Individual energy mechanism calculations"],"fullName":"Individual energy mechanism calculations hydro remains finite and accounts for resource power at every control boundary","status":"passed","title":"hydro remains finite and accounts for resource power at every control boundary","duration":1.097700000000259,"failureMessages":[],"meta":{},"tags":[]},{"ancestorTitles":["Individual energy mechanism calculations"],"fullName":"Individual energy mechanism calculations geothermal remains finite and accounts for resource power at every control boundary","status":"passed","title":"geothermal remains finite and accounts for resource power at every control boundary","duration":1.0938000000005559,"failureMessages":[],"meta":{},"tags":[]},{"ancestorTitles":["Individual energy mechanism calculations"],"fullName":"Individual energy mechanism calculations solarThermal remains finite and accounts for resource power at every control boundary","status":"passed","title":"solarThermal remains finite and accounts for resource power at every control boundary","duration":1.0826999999990221,"failureMessages":[],"meta":{},"tags":[]},{"ancestorTitles":["Individual energy mechanism calculations"],"fullName":"Individual energy mechanism calculations wave remains finite and accounts for resource power at every control boundary","status":"passed","title":"wave remains finite and accounts for resource power at every control boundary","duration":1.06210000000101,"failureMessages":[],"meta":{},"tags":[]},{"ancestorTitles":["Individual energy mechanism calculations"],"fullName":"Individual energy mechanism calculations tidal remains finite and accounts for resource power at every control boundary","status":"passed","title":"tidal remains finite and accounts for resource power at every control boundary","duration":1.7531999999991967,"failureMessages":[],"meta":{},"tags":[]},{"ancestorTitles":["Individual energy mechanism calculations"],"fullName":"Individual energy mechanism calculations biomass remains finite and accounts for resource power at every control boundary","status":"passed","title":"biomass remains finite and accounts for resource power at every control boundary","duration":1.5540000000000873,"failureMessages":[],"meta":{},"tags":[]},{"ancestorTitles":["Individual energy mechanism calculations"],"fullName":"Individual energy mechanism calculations uses the cosine of beam incidence, area, and inverter efficiency for PV","status":"passed","title":"uses the cosine of beam incidence, area, and inverter efficiency for PV","duration":1.131599999998798,"failureMessages":[],"meta":{},"tags":[]},{"ancestorTitles":["Individual energy mechanism calculations"],"fullName":"Individual energy mechanism calculations applies cubic wind speed, generator clipping, and protective operating limits","status":"passed","title":"applies cubic wind speed, generator clipping, and protective operating limits","duration":1.1620999999995547,"failureMessages":[],"meta":{},"tags":[]},{"ancestorTitles":["Individual energy mechanism calculations"],"fullName":"Individual energy mechanism calculations keeps hydro head and flow independent with correctly scaled kW","status":"passed","title":"keeps hydro head and flow independent with correctly scaled kW","duration":0.6455999999998312,"failureMessages":[],"meta":{},"tags":[]},{"ancestorTitles":["Individual energy mechanism calculations"],"fullName":"Individual energy mechanism calculations bounds geothermal electricity below extracted heat and the Carnot limit","status":"passed","title":"bounds geothermal electricity below extracted heat and the Carnot limit","duration":0.6136999999998807,"failureMessages":[],"meta":{},"tags":[]},{"ancestorTitles":["Individual energy mechanism calculations"],"fullName":"Individual energy mechanism calculations keeps CSP light, receiver heat, and electrical stages separate","status":"passed","title":"keeps CSP light, receiver heat, and electrical stages separate","duration":0.6311999999998079,"failureMessages":[],"meta":{},"tags":[]},{"ancestorTitles":["Individual energy mechanism calculations"],"fullName":"Individual energy mechanism calculations uses height squared and period for mean wave power","status":"passed","title":"uses height squared and period for mean wave power","duration":0.5907999999999447,"failureMessages":[],"meta":{},"tags":[]},{"ancestorTitles":["Individual energy mechanism calculations"],"fullName":"Individual energy mechanism calculations uses current magnitude for tidal power and zero at slack water","status":"passed","title":"uses current magnitude for tidal power and zero at slack water","duration":0.5741999999991094,"failureMessages":[],"meta":{},"tags":[]},{"ancestorTitles":["Individual energy mechanism calculations"],"fullName":"Individual energy mechanism calculations converts kg/h times MJ/kg to kW without subtracting moisture twice","status":"passed","title":"converts kg/h times MJ/kg to kW without subtracting moisture twice","duration":0.5607999999992899,"failureMessages":[],"meta":{},"tags":[]},{"ancestorTitles":["Individual energy mechanism calculations"],"fullName":"Individual energy mechanism calculations sanitizes saved settings, unknown IDs, and nonfinite inputs without mutating them","status":"passed","title":"sanitizes saved settings, unknown IDs, and nonfinite inputs without mutating them","duration":0.6265999999995984,"failureMessages":[],"meta":{},"tags":[]},{"ancestorTitles":["Battery cycle energy conservation"],"fullName":"Battery cycle energy conservation conserves initial + accepted − delivered − losses = stored across all phases and capacity limits","status":"passed","title":"conserves initial + accepted − delivered − losses = stored across all phases and capacity limits","duration":3.768899999999121,"failureMessages":[],"meta":{},"tags":[]},{"ancestorTitles":["Battery cycle energy conservation"],"fullName":"Battery cycle energy conservation recovers the round-trip fraction when an initially empty battery completes the cycle","status":"passed","title":"recovers the round-trip fraction when an initially empty battery completes the cycle","duration":0.6545999999998457,"failureMessages":[],"meta":{},"tags":[]},{"ancestorTitles":["Battery cycle energy conservation"],"fullName":"Battery cycle energy conservation counts initial stored energy and avoids creating energy on timeline rewind","status":"passed","title":"counts initial stored energy and avoids creating energy on timeline rewind","duration":0.5873000000010506,"failureMessages":[],"meta":{},"tags":[]},{"ancestorTitles":["Energy workbench integration"],"fullName":"Energy workbench integration renders solarPv with accessible controls and model boundaries","status":"passed","title":"renders solarPv with accessible controls and model boundaries","duration":13.21769999999924,"failureMessages":[],"meta":{},"tags":[]},{"ancestorTitles":["Energy workbench integration"],"fullName":"Energy workbench integration renders wind with accessible controls and model boundaries","status":"passed","title":"renders wind with accessible controls and model boundaries","duration":9.548600000000079,"failureMessages":[],"meta":{},"tags":[]},{"ancestorTitles":["Energy workbench integration"],"fullName":"Energy workbench integration renders hydro with accessible controls and model boundaries","status":"passed","title":"renders hydro with accessible controls and model boundaries","duration":4.355800000001182,"failureMessages":[],"meta":{},"tags":[]},{"ancestorTitles":["Energy workbench integration"],"fullName":"Energy workbench integration renders geothermal with accessible controls and model boundaries","status":"passed","title":"renders geothermal with accessible controls and model boundaries","duration":4.3166999999994005,"failureMessages":[],"meta":{},"tags":[]},{"ancestorTitles":["Energy workbench integration"],"fullName":"Energy workbench integration renders solarThermal with accessible controls and model boundaries","status":"passed","title":"renders solarThermal with accessible controls and model boundaries","duration":5.570799999999508,"failureMessages":[],"meta":{},"tags":[]},{"ancestorTitles":["Energy workbench integration"],"fullName":"Energy workbench integration renders wave with accessible controls and model boundaries","status":"passed","title":"renders wave with accessible controls and model boundaries","duration":4.348999999998341,"failureMessages":[],"meta":{},"tags":[]},{"ancestorTitles":["Energy workbench integration"],"fullName":"Energy workbench integration renders tidal with accessible controls and model boundaries","status":"passed","title":"renders tidal with accessible controls and model boundaries","duration":4.974600000001374,"failureMessages":[],"meta":{},"tags":[]},{"ancestorTitles":["Energy workbench integration"],"fullName":"Energy workbench integration renders biomass with accessible controls and model boundaries","status":"passed","title":"renders biomass with accessible controls and model boundaries","duration":4.973700000000463,"failureMessages":[],"meta":{},"tags":[]},{"ancestorTitles":["Energy workbench integration"],"fullName":"Energy workbench integration renders storage with accessible controls and model boundaries","status":"passed","title":"renders storage with accessible controls and model boundaries","duration":4.3060999999997875,"failureMessages":[],"meta":{},"tags":[]},{"ancestorTitles":["Energy workbench integration"],"fullName":"Energy workbench integration links the core library and individual lessons to the mechanism studio","status":"passed","title":"links the core library and individual lessons to the mechanism studio","duration":3.6103000000002794,"failureMessages":[],"meta":{},"tags":[]},{"ancestorTitles":["Energy workbench integration"],"fullName":"Energy workbench integration keeps source and desktop deployment copies identical","status":"passed","title":"keeps source and desktop deployment copies identical","duration":71.65229999999974,"failureMessages":[],"meta":{},"tags":[]},{"ancestorTitles":["Changing operating conditions"],"fullName":"Changing operating conditions integrates solarPv scenario energy without counting an extra endpoint interval","status":"passed","title":"integrates solarPv scenario energy without counting an extra endpoint interval","duration":4.98910000000069,"failureMessages":[],"meta":{},"tags":[]},{"ancestorTitles":["Changing operating conditions"],"fullName":"Changing operating conditions integrates wind scenario energy without counting an extra endpoint interval","status":"passed","title":"integrates wind scenario energy without counting an extra endpoint interval","duration":2.2432000000007974,"failureMessages":[],"meta":{},"tags":[]},{"ancestorTitles":["Changing operating conditions"],"fullName":"Changing operating conditions integrates hydro scenario energy without counting an extra endpoint interval","status":"passed","title":"integrates hydro scenario energy without counting an extra endpoint interval","duration":6.2379000000000815,"failureMessages":[],"meta":{},"tags":[]},{"ancestorTitles":["Changing operating conditions"],"fullName":"Changing operating conditions integrates geothermal scenario energy without counting an extra endpoint interval","status":"passed","title":"integrates geothermal scenario energy without counting an extra endpoint interval","duration":1.5300000000006548,"failureMessages":[],"meta":{},"tags":[]},{"ancestorTitles":["Changing operating conditions"],"fullName":"Changing operating conditions integrates solarThermal scenario energy without counting an extra endpoint interval","status":"passed","title":"integrates solarThermal scenario energy without counting an extra endpoint interval","duration":1.3795000000009168,"failureMessages":[],"meta":{},"tags":[]},{"ancestorTitles":["Changing operating conditions"],"fullName":"Changing operating conditions integrates wave scenario energy without counting an extra endpoint interval","status":"passed","title":"integrates wave scenario energy without counting an extra endpoint interval","duration":1.2934999999997672,"failureMessages":[],"meta":{},"tags":[]},{"ancestorTitles":["Changing operating conditions"],"fullName":"Changing operating conditions integrates tidal scenario energy without counting an extra endpoint interval","status":"passed","title":"integrates tidal scenario energy without counting an extra endpoint interval","duration":6.004100000000108,"failureMessages":[],"meta":{},"tags":[]},{"ancestorTitles":["Changing operating conditions"],"fullName":"Changing operating conditions integrates biomass scenario energy without counting an extra endpoint interval","status":"passed","title":"integrates biomass scenario energy without counting an extra endpoint interval","duration":1.4492000000009284,"failureMessages":[],"meta":{},"tags":[]},{"ancestorTitles":["Changing operating conditions"],"fullName":"Changing operating conditions makes a high wind resource shut down rather than continue generating","status":"passed","title":"makes a high wind resource shut down rather than continue generating","duration":0.9606000000003405,"failureMessages":[],"meta":{},"tags":[]},{"ancestorTitles":["Changing operating conditions"],"fullName":"Changing operating conditions keeps cloud profiles, control clamping, and no-resource behavior explicit","status":"passed","title":"keeps cloud profiles, control clamping, and no-resource behavior explicit","duration":0.8549999999995634,"failureMessages":[],"meta":{},"tags":[]},{"ancestorTitles":["Changing operating conditions"],"fullName":"Changing operating conditions preserves tidal current reversal and cubic resource scaling","status":"passed","title":"preserves tidal current reversal and cubic resource scaling","duration":1.2927999999992608,"failureMessages":[],"meta":{},"tags":[]},{"ancestorTitles":["Scheduled battery dispatch"],"fullName":"Scheduled battery dispatch conserves energy and respects power, capacity, and request limits at every minute","status":"passed","title":"conserves energy and respects power, capacity, and request limits at every minute","duration":162.13889999999992,"failureMessages":[],"meta":{},"tags":[]},{"ancestorTitles":["Scheduled battery dispatch"],"fullName":"Scheduled battery dispatch recovers 44 kWh from 50 kWh of interrupted charging and tracks unmet requests","status":"passed","title":"recovers 44 kWh from 50 kWh of interrupted charging and tracks unmet requests","duration":1.0925999999999476,"failureMessages":[],"meta":{},"tags":[]},{"ancestorTitles":["Scheduled battery dispatch"],"fullName":"Scheduled battery dispatch holds external requests fixed when the battery power or capacity is changed","status":"passed","title":"holds external requests fixed when the battery power or capacity is changed","duration":1.4055000000007567,"failureMessages":[],"meta":{},"tags":[]},{"ancestorTitles":["Meaningful reading comparisons"],"fullName":"Meaningful reading comparisons isolates one changed input in the same scenario at the same time","status":"passed","title":"isolates one changed input in the same scenario at the same time","duration":1.2135999999991327,"failureMessages":[],"meta":{},"tags":[]},{"ancestorTitles":["Meaningful reading comparisons"],"fullName":"Meaningful reading comparisons does not attribute differences to one variable when the profile or meaningful time changed","status":"passed","title":"does not attribute differences to one variable when the profile or meaningful time changed","duration":2.2333999999991647,"failureMessages":[],"meta":{},"tags":[]},{"ancestorTitles":["Meaningful reading comparisons"],"fullName":"Meaningful reading comparisons ignores illustrative animation time for steady generation but keeps storage time meaningful","status":"passed","title":"ignores illustrative animation time for steady generation but keeps storage time meaningful","duration":0.7370999999984633,"failureMessages":[],"meta":{},"tags":[]},{"ancestorTitles":["Meaningful reading comparisons"],"fullName":"Meaningful reading comparisons handles legacy readings, unknown programs, and zero-output baselines without fabricated percentage gains","status":"passed","title":"handles legacy readings, unknown programs, and zero-output baselines without fabricated percentage gains","duration":0.7182000000011612,"failureMessages":[],"meta":{},"tags":[]},{"ancestorTitles":["Meaningful reading comparisons"],"fullName":"Meaningful reading comparisons renders a restored operating experiment with named readings and explicit context","status":"passed","title":"renders a restored operating experiment with named readings and explicit context","duration":19.40020000000004,"failureMessages":[],"meta":{},"tags":[]}],"startTime":1789256703112,"endTime":1789256703536.4001,"status":"passed","message":"","name":"C:/Users/cabba/OneDrive/Desktop/UDL-Tool-Updated/tests/renewables_energy3d.test.js"},{"assertionResults":[{"ancestorTitles":["Controlled renewable experiments"],"fullName":"Controlled renewable experiments solarPv varies only one input and reuses steady and full-scenario calculations","status":"passed","title":"solarPv varies only one input and reuses steady and full-scenario calculations","duration":124.72249999999985,"failureMessages":[],"meta":{},"tags":[]},{"ancestorTitles":["Controlled renewable experiments"],"fullName":"Controlled renewable experiments wind varies only one input and reuses steady and full-scenario calculations","status":"passed","title":"wind varies only one input and reuses steady and full-scenario calculations","duration":18.73139999999694,"failureMessages":[],"meta":{},"tags":[]},{"ancestorTitles":["Controlled renewable experiments"],"fullName":"Controlled renewable experiments hydro varies only one input and reuses steady and full-scenario calculations","status":"passed","title":"hydro varies only one input and reuses steady and full-scenario calculations","duration":7.46049999999741,"failureMessages":[],"meta":{},"tags":[]},{"ancestorTitles":["Controlled renewable experiments"],"fullName":"Controlled renewable experiments geothermal varies only one input and reuses steady and full-scenario calculations","status":"passed","title":"geothermal varies only one input and reuses steady and full-scenario calculations","duration":5.467599999999948,"failureMessages":[],"meta":{},"tags":[]},{"ancestorTitles":["Controlled renewable experiments"],"fullName":"Controlled renewable experiments solarThermal varies only one input and reuses steady and full-scenario calculations","status":"passed","title":"solarThermal varies only one input and reuses steady and full-scenario calculations","duration":28.657600000002276,"failureMessages":[],"meta":{},"tags":[]},{"ancestorTitles":["Controlled renewable experiments"],"fullName":"Controlled renewable experiments wave varies only one input and reuses steady and full-scenario calculations","status":"passed","title":"wave varies only one input and reuses steady and full-scenario calculations","duration":10.58640000000014,"failureMessages":[],"meta":{},"tags":[]},{"ancestorTitles":["Controlled renewable experiments"],"fullName":"Controlled renewable experiments tidal varies only one input and reuses steady and full-scenario calculations","status":"passed","title":"tidal varies only one input and reuses steady and full-scenario calculations","duration":39.689399999999296,"failureMessages":[],"meta":{},"tags":[]},{"ancestorTitles":["Controlled renewable experiments"],"fullName":"Controlled renewable experiments biomass varies only one input and reuses steady and full-scenario calculations","status":"passed","title":"biomass varies only one input and reuses steady and full-scenario calculations","duration":5.057300000000396,"failureMessages":[],"meta":{},"tags":[]},{"ancestorTitles":["Controlled renewable experiments"],"fullName":"Controlled renewable experiments storage varies only one input and reuses steady and full-scenario calculations","status":"passed","title":"storage varies only one input and reuses steady and full-scenario calculations","duration":7.658500000001368,"failureMessages":[],"meta":{},"tags":[]},{"ancestorTitles":["Controlled renewable experiments"],"fullName":"Controlled renewable experiments samples legal distinct control values, keeps both endpoints, and bounds work","status":"passed","title":"samples legal distinct control values, keeps both endpoints, and bounds work","duration":2.2426999999988766,"failureMessages":[],"meta":{},"tags":[]},{"ancestorTitles":["Controlled renewable experiments"],"fullName":"Controlled renewable experiments rejects invalid ranges and targets while recovering missing or corrupt optional settings","status":"passed","title":"rejects invalid ranges and targets while recovering missing or corrupt optional settings","duration":1.6811000000016065,"failureMessages":[],"meta":{},"tags":[]},{"ancestorTitles":["Controlled renewable experiments"],"fullName":"Controlled renewable experiments clears a target when its measurement unit changes","status":"passed","title":"clears a target when its measurement unit changes","duration":0.939700000002631,"failureMessages":[],"meta":{},"tags":[]},{"ancestorTitles":["Controlled renewable experiments"],"fullName":"Controlled renewable experiments matches analytic PV scaling and computes a sampled target without interpolating","status":"passed","title":"matches analytic PV scaling and computes a sampled target without interpolating","duration":1.0128999999978987,"failureMessages":[],"meta":{},"tags":[]},{"ancestorTitles":["Controlled renewable experiments"],"fullName":"Controlled renewable experiments finds an interior wind maximum and counts ties instead of assuming more input is always better","status":"passed","title":"finds an interior wind maximum and counts ties instead of assuming more input is always better","duration":1.1124000000017986,"failureMessages":[],"meta":{},"tags":[]},{"ancestorTitles":["Controlled renewable experiments"],"fullName":"Controlled renewable experiments preserves tidal reversal symmetry and finds an unreachable target","status":"passed","title":"preserves tidal reversal symmetry and finds an unreachable target","duration":0.8725999999987835,"failureMessages":[],"meta":{},"tags":[]},{"ancestorTitles":["Controlled renewable experiments"],"fullName":"Controlled renewable experiments evaluates the full scenario even when the inspection minute has no output","status":"passed","title":"evaluates the full scenario even when the inspection minute has no output","duration":10.351800000000367,"failureMessages":[],"meta":{},"tags":[]},{"ancestorTitles":["Controlled renewable experiments"],"fullName":"Controlled renewable experiments keeps battery offers fixed and exposes capacity saturation under limited supply","status":"passed","title":"keeps battery offers fixed and exposes capacity saturation under limited supply","duration":2.173399999999674,"failureMessages":[],"meta":{},"tags":[]},{"ancestorTitles":["Controlled renewable experiments"],"fullName":"Controlled renewable experiments captures shutdown and input clipping counts in operating experiments","status":"passed","title":"captures shutdown and input clipping counts in operating experiments","duration":1.6101999999991676,"failureMessages":[],"meta":{},"tags":[]},{"ancestorTitles":["Controlled renewable experiments"],"fullName":"Controlled renewable experiments keeps the reference independent of the sampled range and avoids percentages from zero","status":"passed","title":"keeps the reference independent of the sampled range and avoids percentages from zero","duration":1.7943000000013853,"failureMessages":[],"meta":{},"tags":[]},{"ancestorTitles":["Controlled renewable experiments"],"fullName":"Controlled renewable experiments does not mutate captured settings and recomputes identical experiments after serialization","status":"passed","title":"does not mutate captured settings and recomputes identical experiments after serialization","duration":2.039699999997538,"failureMessages":[],"meta":{},"tags":[]},{"ancestorTitles":["Controlled renewable experiments"],"fullName":"Controlled renewable experiments renders stored results with target, prediction, conclusion, and model context","status":"passed","title":"renders stored results with target, prediction, conclusion, and model context","duration":25.57589999999982,"failureMessages":[],"meta":{},"tags":[]},{"ancestorTitles":["Controlled renewable experiments"],"fullName":"Controlled renewable experiments does not treat zero as a tiny positive target or collapse small outputs into ties","status":"passed","title":"does not treat zero as a tiny positive target or collapse small outputs into ties","duration":1.136900000001333,"failureMessages":[],"meta":{},"tags":[]},{"ancestorTitles":["Controlled renewable experiments"],"fullName":"Controlled renewable experiments rejects object prototype names as technology identifiers","status":"passed","title":"rejects object prototype names as technology identifiers","duration":0.8401000000012573,"failureMessages":[],"meta":{},"tags":[]}],"startTime":1789256715913,"endTime":1789256716214.84,"status":"passed","message":"","name":"C:/Users/cabba/OneDrive/Desktop/UDL-Tool-Updated/tests/renewables_experiments.test.js"},{"assertionResults":[{"ancestorTitles":["Renewables inquiry form accessibility"],"fullName":"Renewables inquiry form accessibility keeps source and public mirrors identical","status":"passed","title":"keeps source and public mirrors identical","duration":9.983400000000984,"failureMessages":[],"meta":{},"tags":[]},{"ancestorTitles":["Renewables inquiry form accessibility"],"fullName":"Renewables inquiry form accessibility provides accessible names for renewable-grid reflection fields","status":"passed","title":"provides accessible names for renewable-grid reflection fields","duration":4.558000000000902,"failureMessages":[],"meta":{},"tags":[]}],"startTime":1789256721213,"endTime":1789256721227.558,"status":"passed","message":"","name":"C:/Users/cabba/OneDrive/Desktop/UDL-Tool-Updated/tests/renewables_form_controls_a11y.test.js"},{"assertionResults":[{"ancestorTitles":["Grid connection capacity"],"fullName":"Grid connection capacity preserves unlimited imports for legacy or disabled settings","status":"passed","title":"preserves unlimited imports for legacy or disabled settings","duration":48.55670000000009,"failureMessages":[],"meta":{},"tags":[]},{"ancestorTitles":["Grid connection capacity"],"fullName":"Grid connection capacity caps every connected interval and accounts for the exact missing energy","status":"passed","title":"caps every connected interval and accounts for the exact missing energy","duration":11.718600000000151,"failureMessages":[],"meta":{},"tags":[]},{"ancestorTitles":["Grid connection capacity"],"fullName":"Grid connection capacity reports spare capacity and no limiting interval when the cap exceeds demand","status":"passed","title":"reports spare capacity and no limiting interval when the cap exceeds demand","duration":1.9420000000000073,"failureMessages":[],"meta":{},"tags":[]},{"ancestorTitles":["Grid connection capacity"],"fullName":"Grid connection capacity does not call a fully supplied interval a shortfall just because imports equal the cap","status":"passed","title":"does not call a fully supplied interval a shortfall just because imports equal the cap","duration":1.8560999999999694,"failureMessages":[],"meta":{},"tags":[]},{"ancestorTitles":["Grid connection capacity"],"fullName":"Grid connection capacity accepts fractional connection ratings without rounding them to equipment steps","status":"passed","title":"accepts fractional connection ratings without rounding them to equipment steps","duration":2.005699999999706,"failureMessages":[],"meta":{},"tags":[]},{"ancestorTitles":["Grid connection capacity"],"fullName":"Grid connection capacity separates outage shortfalls from cap shortfalls and requests no power while unavailable","status":"passed","title":"separates outage shortfalls from cap shortfalls and requests no power while unavailable","duration":2.0186000000003332,"failureMessages":[],"meta":{},"tags":[]},{"ancestorTitles":["Grid connection capacity"],"fullName":"Grid connection capacity ignores the configured cap during islanded operation","status":"passed","title":"ignores the configured cap during islanded operation","duration":2.2289999999998145,"failureMessages":[],"meta":{},"tags":[]},{"ancestorTitles":["Grid connection capacity"],"fullName":"Grid connection capacity keeps a zero-capacity connection available for strategy decisions","status":"passed","title":"keeps a zero-capacity connection available for strategy decisions","duration":3.465400000000045,"failureMessages":[],"meta":{},"tags":[]},{"ancestorTitles":["Grid connection capacity"],"fullName":"Grid connection capacity still permits normal battery dispatch with a zero grid import cap","status":"passed","title":"still permits normal battery dispatch with a zero grid import cap","duration":2.322099999999864,"failureMessages":[],"meta":{},"tags":[]},{"ancestorTitles":["Grid connection capacity"],"fullName":"Grid connection capacity bounds malformed connection inputs without enabling a cap accidentally","status":"passed","title":"bounds malformed connection inputs without enabling a cap accidentally","duration":1.274199999999837,"failureMessages":[],"meta":{},"tags":[]},{"ancestorTitles":["Grid connection capacity"],"fullName":"Grid connection capacity handles zero demand and gives the terminal endpoint zero power fields","status":"passed","title":"handles zero demand and gives the terminal endpoint zero power fields","duration":1.7501999999999498,"failureMessages":[],"meta":{},"tags":[]},{"ancestorTitles":["Grid connection capacity"],"fullName":"Grid connection capacity does not use unused grid capacity to charge an empty battery","status":"passed","title":"does not use unused grid capacity to charge an empty battery","duration":1.9192000000002736,"failureMessages":[],"meta":{},"tags":[]},{"ancestorTitles":["Grid connection capacity"],"fullName":"Grid connection capacity applies the same cap to the no-battery comparison","status":"passed","title":"applies the same cap to the no-battery comparison","duration":1.801300000000083,"failureMessages":[],"meta":{},"tags":[]},{"ancestorTitles":["Grid connection capacity"],"fullName":"Grid connection capacity treats the connection limit as a whole-system rating rather than a per-unit rating","status":"passed","title":"treats the connection limit as a whole-system rating rather than a per-unit rating","duration":1.3721999999997934,"failureMessages":[],"meta":{},"tags":[]},{"ancestorTitles":["Grid connection capacity"],"fullName":"Grid connection capacity leaves generation and battery history identical in the unlimited replay","status":"passed","title":"leaves generation and battery history identical in the unlimited replay","duration":5.255500000000211,"failureMessages":[],"meta":{},"tags":[]},{"ancestorTitles":["Grid connection capacity"],"fullName":"Grid connection capacity shows a connection shortfall from compressed demand without changing total energy","status":"passed","title":"shows a connection shortfall from compressed demand without changing total energy","duration":2.661399999999958,"failureMessages":[],"meta":{},"tags":[]},{"ancestorTitles":["Grid connection capacity"],"fullName":"Grid connection capacity combines two generators before determining required imports","status":"passed","title":"combines two generators before determining required imports","duration":1.662000000000262,"failureMessages":[],"meta":{},"tags":[]},{"ancestorTitles":["Grid connection capacity"],"fullName":"Grid connection capacity counts a genuine tiny shortfall consistently in both shortfall counters","status":"passed","title":"counts a genuine tiny shortfall consistently in both shortfall counters","duration":1.5093000000001666,"failureMessages":[],"meta":{},"tags":[]},{"ancestorTitles":["Grid connection capacity"],"fullName":"Grid connection capacity preserves the cap in outage and battery-design replays without changing local-coverage targets","status":"passed","title":"preserves the cap in outage and battery-design replays without changing local-coverage targets","duration":57.937299999999595,"failureMessages":[],"meta":{},"tags":[]},{"ancestorTitles":["Grid connection capacity"],"fullName":"Grid connection capacity reconciles grid-covered and unserved energy inside the same gap episode","status":"passed","title":"reconciles grid-covered and unserved energy inside the same gap episode","duration":7.10799999999972,"failureMessages":[],"meta":{},"tags":[]},{"ancestorTitles":["Grid connection capacity"],"fullName":"Grid connection capacity solarPv conserves energy with a limited connection across every grid state and strategy","status":"passed","title":"solarPv conserves energy with a limited connection across every grid state and strategy","duration":42.82729999999992,"failureMessages":[],"meta":{},"tags":[]},{"ancestorTitles":["Grid connection capacity"],"fullName":"Grid connection capacity wind conserves energy with a limited connection across every grid state and strategy","status":"passed","title":"wind conserves energy with a limited connection across every grid state and strategy","duration":47.74310000000014,"failureMessages":[],"meta":{},"tags":[]},{"ancestorTitles":["Grid connection capacity"],"fullName":"Grid connection capacity hydro conserves energy with a limited connection across every grid state and strategy","status":"passed","title":"hydro conserves energy with a limited connection across every grid state and strategy","duration":39.80709999999999,"failureMessages":[],"meta":{},"tags":[]},{"ancestorTitles":["Grid connection capacity"],"fullName":"Grid connection capacity geothermal conserves energy with a limited connection across every grid state and strategy","status":"passed","title":"geothermal conserves energy with a limited connection across every grid state and strategy","duration":38.35159999999996,"failureMessages":[],"meta":{},"tags":[]},{"ancestorTitles":["Grid connection capacity"],"fullName":"Grid connection capacity solarThermal conserves energy with a limited connection across every grid state and strategy","status":"passed","title":"solarThermal conserves energy with a limited connection across every grid state and strategy","duration":39.223799999999756,"failureMessages":[],"meta":{},"tags":[]},{"ancestorTitles":["Grid connection capacity"],"fullName":"Grid connection capacity wave conserves energy with a limited connection across every grid state and strategy","status":"passed","title":"wave conserves energy with a limited connection across every grid state and strategy","duration":42.52170000000024,"failureMessages":[],"meta":{},"tags":[]},{"ancestorTitles":["Grid connection capacity"],"fullName":"Grid connection capacity tidal conserves energy with a limited connection across every grid state and strategy","status":"passed","title":"tidal conserves energy with a limited connection across every grid state and strategy","duration":225.02620000000024,"failureMessages":[],"meta":{},"tags":[]},{"ancestorTitles":["Grid connection capacity"],"fullName":"Grid connection capacity biomass conserves energy with a limited connection across every grid state and strategy","status":"passed","title":"biomass conserves energy with a limited connection across every grid state and strategy","duration":40.89280000000008,"failureMessages":[],"meta":{},"tags":[]},{"ancestorTitles":["Grid connection capacity"],"fullName":"Grid connection capacity normalizes and serializes without mutating input or trusting old result totals","status":"passed","title":"normalizes and serializes without mutating input or trusting old result totals","duration":16.741599999999835,"failureMessages":[],"meta":{},"tags":[]},{"ancestorTitles":["Grid connection capacity"],"fullName":"Grid connection capacity renders controls, the unlimited comparison, provenance, and the connection observation","status":"passed","title":"renders controls, the unlimited comparison, provenance, and the connection observation","duration":160.7170000000001,"failureMessages":[],"meta":{},"tags":[]}],"startTime":1789256695286,"endTime":1789256696140.717,"status":"passed","message":"","name":"C:/Users/cabba/OneDrive/Desktop/UDL-Tool-Updated/tests/renewables_grid_limits.test.js"},{"assertionResults":[{"ancestorTitles":["Two recorded grid cases"],"fullName":"Two recorded grid cases defaults to the recorded baseline versus the first fixed-reserve case","status":"passed","title":"defaults to the recorded baseline versus the first fixed-reserve case","duration":125.30749999999898,"failureMessages":[],"meta":{},"tags":[]},{"ancestorTitles":["Two recorded grid cases"],"fullName":"Two recorded grid cases normalizes invalid saved choices, minutes, chart modes, and notes","status":"passed","title":"normalizes invalid saved choices, minutes, chart modes, and notes","duration":69.00380000000223,"failureMessages":[],"meta":{},"tags":[]},{"ancestorTitles":["Two recorded grid cases"],"fullName":"Two recorded grid cases preserves exact pair settings and matches independent simulation totals","status":"passed","title":"preserves exact pair settings and matches independent simulation totals","duration":8.268299999999726,"failureMessages":[],"meta":{},"tags":[]},{"ancestorTitles":["Two recorded grid cases"],"fullName":"Two recorded grid cases separates intervals where B helps and hurts with a hand-calculated trade-off","status":"passed","title":"separates intervals where B helps and hurts with a hand-calculated trade-off","duration":4.891599999999016,"failureMessages":[],"meta":{},"tags":[]},{"ancestorTitles":["Two recorded grid cases"],"fullName":"Two recorded grid cases does not treat equal total unmet energy as equal timing","status":"passed","title":"does not treat equal total unmet energy as equal timing","duration":4.5666999999994005,"failureMessages":[],"meta":{},"tags":[]},{"ancestorTitles":["Two recorded grid cases"],"fullName":"Two recorded grid cases reverses deltas and improvement directions when A and B are swapped","status":"passed","title":"reverses deltas and improvement directions when A and B are swapped","duration":8.44800000000032,"failureMessages":[],"meta":{},"tags":[]},{"ancestorTitles":["Two recorded grid cases"],"fullName":"Two recorded grid cases gives identical cases zero deltas and no critical unmet-demand moments","status":"passed","title":"gives identical cases zero deltas and no critical unmet-demand moments","duration":4.775799999999435,"failureMessages":[],"meta":{},"tags":[]},{"ancestorTitles":["Two recorded grid cases"],"fullName":"Two recorded grid cases allows the same unmet demand with different grid use and final storage","status":"passed","title":"allows the same unmet demand with different grid use and final storage","duration":4.721300000001065,"failureMessages":[],"meta":{},"tags":[]},{"ancestorTitles":["Two recorded grid cases"],"fullName":"Two recorded grid cases measures stored energy at boundaries and gives the terminal endpoint zero power","status":"passed","title":"measures stored energy at boundaries and gives the terminal endpoint zero power","duration":6.72190000000046,"failureMessages":[],"meta":{},"tags":[]},{"ancestorTitles":["Two recorded grid cases"],"fullName":"Two recorded grid cases reconciles minute deltas with total energy and shortfall categories","status":"passed","title":"reconciles minute deltas with total energy and shortfall categories","duration":35.9968000000008,"failureMessages":[],"meta":{},"tags":[]},{"ancestorTitles":["Two recorded grid cases"],"fullName":"Two recorded grid cases uses a relative threshold for real tiny differences","status":"passed","title":"uses a relative threshold for real tiny differences","duration":14.321100000001024,"failureMessages":[],"meta":{},"tags":[]},{"ancestorTitles":["Two recorded grid cases"],"fullName":"Two recorded grid cases handles no demand and no bank without inventing coverage or differences","status":"passed","title":"handles no demand and no bank without inventing coverage or differences","duration":3.853500000001077,"failureMessages":[],"meta":{},"tags":[]},{"ancestorTitles":["Two recorded grid cases"],"fullName":"Two recorded grid cases preserves zero-rated grid availability and islanded behavior","status":"passed","title":"preserves zero-rated grid availability and islanded behavior","duration":22.431399999997666,"failureMessages":[],"meta":{},"tags":[]},{"ancestorTitles":["Two recorded grid cases"],"fullName":"Two recorded grid cases supports all 17 rating choices and single-rating experiments","status":"passed","title":"supports all 17 rating choices and single-rating experiments","duration":10.421200000000681,"failureMessages":[],"meta":{},"tags":[]},{"ancestorTitles":["Two recorded grid cases"],"fullName":"Two recorded grid cases preserves captured companion generation and demand shifting in both cases","status":"passed","title":"preserves captured companion generation and demand shifting in both cases","duration":19.961699999999837,"failureMessages":[],"meta":{},"tags":[]},{"ancestorTitles":["Two recorded grid cases"],"fullName":"Two recorded grid cases recomputes from captured inputs without mutating them or trusting persisted totals","status":"passed","title":"recomputes from captured inputs without mutating them or trusting persisted totals","duration":20.465800000001764,"failureMessages":[],"meta":{},"tags":[]},{"ancestorTitles":["Two recorded grid cases"],"fullName":"Two recorded grid cases keeps model results independent of comparison notes, chart mode, and cursor","status":"passed","title":"keeps model results independent of comparison notes, chart mode, and cursor","duration":8.997299999999086,"failureMessages":[],"meta":{},"tags":[]},{"ancestorTitles":["Two recorded grid cases"],"fullName":"Two recorded grid cases exports per-minute values, signed changes, and exact case provenance","status":"passed","title":"exports per-minute values, signed changes, and exact case provenance","duration":87.77309999999852,"failureMessages":[],"meta":{},"tags":[]},{"ancestorTitles":["Two recorded grid cases"],"fullName":"Two recorded grid cases solarPv maintains both ledgers and common resource timing","status":"passed","title":"solarPv maintains both ledgers and common resource timing","duration":8.064300000001822,"failureMessages":[],"meta":{},"tags":[]},{"ancestorTitles":["Two recorded grid cases"],"fullName":"Two recorded grid cases wind maintains both ledgers and common resource timing","status":"passed","title":"wind maintains both ledgers and common resource timing","duration":3.317699999999604,"failureMessages":[],"meta":{},"tags":[]},{"ancestorTitles":["Two recorded grid cases"],"fullName":"Two recorded grid cases hydro maintains both ledgers and common resource timing","status":"passed","title":"hydro maintains both ledgers and common resource timing","duration":3.5266000000010536,"failureMessages":[],"meta":{},"tags":[]},{"ancestorTitles":["Two recorded grid cases"],"fullName":"Two recorded grid cases geothermal maintains both ledgers and common resource timing","status":"passed","title":"geothermal maintains both ledgers and common resource timing","duration":3.3786999999974796,"failureMessages":[],"meta":{},"tags":[]},{"ancestorTitles":["Two recorded grid cases"],"fullName":"Two recorded grid cases solarThermal maintains both ledgers and common resource timing","status":"passed","title":"solarThermal maintains both ledgers and common resource timing","duration":3.426100000000588,"failureMessages":[],"meta":{},"tags":[]},{"ancestorTitles":["Two recorded grid cases"],"fullName":"Two recorded grid cases wave maintains both ledgers and common resource timing","status":"passed","title":"wave maintains both ledgers and common resource timing","duration":3.2785000000003492,"failureMessages":[],"meta":{},"tags":[]},{"ancestorTitles":["Two recorded grid cases"],"fullName":"Two recorded grid cases tidal maintains both ledgers and common resource timing","status":"passed","title":"tidal maintains both ledgers and common resource timing","duration":8.405699999999342,"failureMessages":[],"meta":{},"tags":[]},{"ancestorTitles":["Two recorded grid cases"],"fullName":"Two recorded grid cases biomass maintains both ledgers and common resource timing","status":"passed","title":"biomass maintains both ledgers and common resource timing","duration":3.5486000000018976,"failureMessages":[],"meta":{},"tags":[]},{"ancestorTitles":["Two recorded grid cases"],"fullName":"Two recorded grid cases renders comparison controls, saved preferences, directions, and two exact-minute inspections","status":"passed","title":"renders comparison controls, saved preferences, directions, and two exact-minute inspections","duration":308.08350000000064,"failureMessages":[],"meta":{},"tags":[]}],"startTime":1789256713161,"endTime":1789256713968.0835,"status":"passed","message":"","name":"C:/Users/cabba/OneDrive/Desktop/UDL-Tool-Updated/tests/renewables_grid_pair.test.js"},{"assertionResults":[{"ancestorTitles":["Improvement and worsening periods"],"fullName":"Improvement and worsening periods groups the hand-calculated trade-off into three chronological periods","status":"passed","title":"groups the hand-calculated trade-off into three chronological periods","duration":57.66649999999936,"failureMessages":[],"meta":{},"tags":[]},{"ancestorTitles":["Improvement and worsening periods"],"fullName":"Improvement and worsening periods preserves improvement and worsening even when net energy change is zero","status":"passed","title":"preserves improvement and worsening even when net energy change is zero","duration":16.224200000000565,"failureMessages":[],"meta":{},"tags":[]},{"ancestorTitles":["Improvement and worsening periods"],"fullName":"Improvement and worsening periods ends periods at an unchanged minute or immediate direction reversal","status":"passed","title":"ends periods at an unchanged minute or immediate direction reversal","duration":1.2792999999983294,"failureMessages":[],"meta":{},"tags":[]},{"ancestorTitles":["Improvement and worsening periods"],"fullName":"Improvement and worsening periods uses end-exclusive boundaries and selects the first largest difference","status":"passed","title":"uses end-exclusive boundaries and selects the first largest difference","duration":1.126799999998184,"failureMessages":[],"meta":{},"tags":[]},{"ancestorTitles":["Improvement and worsening periods"],"fullName":"Improvement and worsening periods reads storage at the actual start and end instead of summing boundaries","status":"passed","title":"reads storage at the actual start and end instead of summing boundaries","duration":4.717699999997421,"failureMessages":[],"meta":{},"tags":[]},{"ancestorTitles":["Improvement and worsening periods"],"fullName":"Improvement and worsening periods counts availability without splitting a continuous directional period","status":"passed","title":"counts availability without splitting a continuous directional period","duration":1.2096999999994296,"failureMessages":[],"meta":{},"tags":[]},{"ancestorTitles":["Improvement and worsening periods"],"fullName":"Improvement and worsening periods keeps raw changes below the threshold in the reconciliation","status":"passed","title":"keeps raw changes below the threshold in the reconciliation","duration":1.2965000000003783,"failureMessages":[],"meta":{},"tags":[]},{"ancestorTitles":["Improvement and worsening periods"],"fullName":"Improvement and worsening periods recognizes meaningful changes at very small demand scales","status":"passed","title":"recognizes meaningful changes at very small demand scales","duration":1.4227000000028056,"failureMessages":[],"meta":{},"tags":[]},{"ancestorTitles":["Improvement and worsening periods"],"fullName":"Improvement and worsening periods ignores the final endpoint and supports a one-minute period","status":"passed","title":"ignores the final endpoint and supports a one-minute period","duration":1.4143000000003667,"failureMessages":[],"meta":{},"tags":[]},{"ancestorTitles":["Improvement and worsening periods"],"fullName":"Improvement and worsening periods reverses directions and signed energy when cases are swapped","status":"passed","title":"reverses directions and signed energy when cases are swapped","duration":6.804200000002311,"failureMessages":[],"meta":{},"tags":[]},{"ancestorTitles":["Improvement and worsening periods"],"fullName":"Improvement and worsening periods has no periods for identical unmet demand even if imports and storage differ","status":"passed","title":"has no periods for identical unmet demand even if imports and storage differ","duration":3.670799999999872,"failureMessages":[],"meta":{},"tags":[]},{"ancestorTitles":["Improvement and worsening periods"],"fullName":"Improvement and worsening periods handles no demand and reports an empty header-only export","status":"passed","title":"handles no demand and reports an empty header-only export","duration":3.505799999998999,"failureMessages":[],"meta":{},"tags":[]},{"ancestorTitles":["Improvement and worsening periods"],"fullName":"Improvement and worsening periods filters and ranks periods without changing chronological analysis","status":"passed","title":"filters and ranks periods without changing chronological analysis","duration":5.139999999999418,"failureMessages":[],"meta":{},"tags":[]},{"ancestorTitles":["Improvement and worsening periods"],"fullName":"Improvement and worsening periods normalizes invalid preferences and falls back to a current matching period","status":"passed","title":"normalizes invalid preferences and falls back to a current matching period","duration":4.111499999999069,"failureMessages":[],"meta":{},"tags":[]},{"ancestorTitles":["Improvement and worsening periods"],"fullName":"Improvement and worsening periods supports sorting by impact and exact chosen start, peak, or last minute","status":"passed","title":"supports sorting by impact and exact chosen start, peak, or last minute","duration":0.9025000000001455,"failureMessages":[],"meta":{},"tags":[]},{"ancestorTitles":["Improvement and worsening periods"],"fullName":"Improvement and worsening periods paginates many periods and follows a selected period to its page","status":"passed","title":"paginates many periods and follows a selected period to its page","duration":1.2923999999984517,"failureMessages":[],"meta":{},"tags":[]},{"ancestorTitles":["Improvement and worsening periods"],"fullName":"Improvement and worsening periods preserves period preferences while recomputing results from saved case inputs","status":"passed","title":"preserves period preferences while recomputing results from saved case inputs","duration":35.07500000000073,"failureMessages":[],"meta":{},"tags":[]},{"ancestorTitles":["Improvement and worsening periods"],"fullName":"Improvement and worsening periods exports all periods with signed energy, boundaries, and both exact case settings","status":"passed","title":"exports all periods with signed energy, boundaries, and both exact case settings","duration":7.452100000002247,"failureMessages":[],"meta":{},"tags":[]},{"ancestorTitles":["Improvement and worsening periods"],"fullName":"Improvement and worsening periods solarPv reconciles period energy, demand supply, boundaries, and interval counts","status":"passed","title":"solarPv reconciles period energy, demand supply, boundaries, and interval counts","duration":5.816599999998289,"failureMessages":[],"meta":{},"tags":[]},{"ancestorTitles":["Improvement and worsening periods"],"fullName":"Improvement and worsening periods wind reconciles period energy, demand supply, boundaries, and interval counts","status":"passed","title":"wind reconciles period energy, demand supply, boundaries, and interval counts","duration":4.022600000000239,"failureMessages":[],"meta":{},"tags":[]},{"ancestorTitles":["Improvement and worsening periods"],"fullName":"Improvement and worsening periods hydro reconciles period energy, demand supply, boundaries, and interval counts","status":"passed","title":"hydro reconciles period energy, demand supply, boundaries, and interval counts","duration":4.085999999999331,"failureMessages":[],"meta":{},"tags":[]},{"ancestorTitles":["Improvement and worsening periods"],"fullName":"Improvement and worsening periods geothermal reconciles period energy, demand supply, boundaries, and interval counts","status":"passed","title":"geothermal reconciles period energy, demand supply, boundaries, and interval counts","duration":3.9205000000001746,"failureMessages":[],"meta":{},"tags":[]},{"ancestorTitles":["Improvement and worsening periods"],"fullName":"Improvement and worsening periods solarThermal reconciles period energy, demand supply, boundaries, and interval counts","status":"passed","title":"solarThermal reconciles period energy, demand supply, boundaries, and interval counts","duration":3.402799999999843,"failureMessages":[],"meta":{},"tags":[]},{"ancestorTitles":["Improvement and worsening periods"],"fullName":"Improvement and worsening periods wave reconciles period energy, demand supply, boundaries, and interval counts","status":"passed","title":"wave reconciles period energy, demand supply, boundaries, and interval counts","duration":7.575099999998201,"failureMessages":[],"meta":{},"tags":[]},{"ancestorTitles":["Improvement and worsening periods"],"fullName":"Improvement and worsening periods tidal reconciles period energy, demand supply, boundaries, and interval counts","status":"passed","title":"tidal reconciles period energy, demand supply, boundaries, and interval counts","duration":8.118099999999686,"failureMessages":[],"meta":{},"tags":[]},{"ancestorTitles":["Improvement and worsening periods"],"fullName":"Improvement and worsening periods biomass reconciles period energy, demand supply, boundaries, and interval counts","status":"passed","title":"biomass reconciles period energy, demand supply, boundaries, and interval counts","duration":2.6234000000004016,"failureMessages":[],"meta":{},"tags":[]},{"ancestorTitles":["Improvement and worsening periods"],"fullName":"Improvement and worsening periods renders the saved period, impact, ledger, and synchronized inspection choices","status":"passed","title":"renders the saved period, impact, ledger, and synchronized inspection choices","duration":215.32350000000224,"failureMessages":[],"meta":{},"tags":[]}],"startTime":1789256711089,"endTime":1789256711498.3235,"status":"passed","message":"","name":"C:/Users/cabba/OneDrive/Desktop/UDL-Tool-Updated/tests/renewables_grid_periods.test.js"},{"assertionResults":[{"ancestorTitles":["Captured grid capacity experiments"],"fullName":"Captured grid capacity experiments normalizes finite ratings, reversed bounds, sample counts, and targets","status":"passed","title":"normalizes finite ratings, reversed bounds, sample counts, and targets","duration":41.80910000000017,"failureMessages":[],"meta":{},"tags":[]},{"ancestorTitles":["Captured grid capacity experiments"],"fullName":"Captured grid capacity experiments defaults the upper range from the active connection and demand","status":"passed","title":"defaults the upper range from the active connection and demand","duration":8.729700000000093,"failureMessages":[],"meta":{},"tags":[]},{"ancestorTitles":["Captured grid capacity experiments"],"fullName":"Captured grid capacity experiments deduplicates equal endpoints and keeps fractional ratings","status":"passed","title":"deduplicates equal endpoints and keeps fractional ratings","duration":7.336999999999989,"failureMessages":[],"meta":{},"tags":[]},{"ancestorTitles":["Captured grid capacity experiments"],"fullName":"Captured grid capacity experiments keeps very small ratings distinct without decimal rounding","status":"passed","title":"keeps very small ratings distinct without decimal rounding","duration":10.984699999999975,"failureMessages":[],"meta":{},"tags":[]},{"ancestorTitles":["Captured grid capacity experiments"],"fullName":"Captured grid capacity experiments evaluates every rating under all three strategies","status":"passed","title":"evaluates every rating under all three strategies","duration":11.598200000000134,"failureMessages":[],"meta":{},"tags":[]},{"ancestorTitles":["Captured grid capacity experiments"],"fullName":"Captured grid capacity experiments matches hand-calculated imports, unmet demand, and lowest passing ratings","status":"passed","title":"matches hand-calculated imports, unmet demand, and lowest passing ratings","duration":19.41449999999986,"failureMessages":[],"meta":{},"tags":[]},{"ancestorTitles":["Captured grid capacity experiments"],"fullName":"Captured grid capacity experiments reports a sampled passing rating rather than inventing an exact minimum","status":"passed","title":"reports a sampled passing rating rather than inventing an exact minimum","duration":11.624399999999923,"failureMessages":[],"meta":{},"tags":[]},{"ancestorTitles":["Captured grid capacity experiments"],"fullName":"Captured grid capacity experiments applies the whole-sequence energy target and allows brief gaps below 100 percent","status":"passed","title":"applies the whole-sequence energy target and allows brief gaps below 100 percent","duration":11.93470000000002,"failureMessages":[],"meta":{},"tags":[]},{"ancestorTitles":["Captured grid capacity experiments"],"fullName":"Captured grid capacity experiments shows that unlimited outside-outage capacity cannot repair an outage shortfall","status":"passed","title":"shows that unlimited outside-outage capacity cannot repair an outage shortfall","duration":9.407899999999927,"failureMessages":[],"meta":{},"tags":[]},{"ancestorTitles":["Captured grid capacity experiments"],"fullName":"Captured grid capacity experiments leaves targets unevaluated when there is no demand, even for a zero target","status":"passed","title":"leaves targets unevaluated when there is no demand, even for a zero target","duration":11.926300000000083,"failureMessages":[],"meta":{},"tags":[]},{"ancestorTitles":["Captured grid capacity experiments"],"fullName":"Captured grid capacity experiments supports a zero target for positive demand without hiding the shortfall","status":"passed","title":"supports a zero target for positive demand without hiding the shortfall","duration":5.40729999999985,"failureMessages":[],"meta":{},"tags":[]},{"ancestorTitles":["Captured grid capacity experiments"],"fullName":"Captured grid capacity experiments compares grid-reliant backup with normal dispatch using identical starting energy","status":"passed","title":"compares grid-reliant backup with normal dispatch using identical starting energy","duration":9.380600000000186,"failureMessages":[],"meta":{},"tags":[]},{"ancestorTitles":["Captured grid capacity experiments"],"fullName":"Captured grid capacity experiments keeps zero capacity distinct from a grid outage","status":"passed","title":"keeps zero capacity distinct from a grid outage","duration":8.607200000000148,"failureMessages":[],"meta":{},"tags":[]},{"ancestorTitles":["Captured grid capacity experiments"],"fullName":"Captured grid capacity experiments does not let connection rating alter battery history for a given strategy","status":"passed","title":"does not let connection rating alter battery history for a given strategy","duration":12.699200000000019,"failureMessages":[],"meta":{},"tags":[]},{"ancestorTitles":["Captured grid capacity experiments"],"fullName":"Captured grid capacity experiments keeps all rating results identical for an islanded syste
[...]
uration":2.112699999997858,"failureMessages":[],"meta":{},"tags":[]},{"ancestorTitles":["Supply gap explorer"],"fullName":"Supply gap explorer does not attribute more held energy than is physically available","status":"passed","title":"does not attribute more held energy than is physically available","duration":2.2458000000005995,"failureMessages":[],"meta":{},"tags":[]},{"ancestorTitles":["Supply gap explorer"],"fullName":"Supply gap explorer recognizes strategy-held storage while grid backup is available","status":"passed","title":"recognizes strategy-held storage while grid backup is available","duration":2.265900000002148,"failureMessages":[],"meta":{},"tags":[]},{"ancestorTitles":["Supply gap explorer"],"fullName":"Supply gap explorer releases strategy-held energy inside an outage and accounts for later depletion","status":"passed","title":"releases strategy-held energy inside an outage and accounts for later depletion","duration":3.089700000000448,"failureMessages":[],"meta":{},"tags":[]},{"ancestorTitles":["Supply gap explorer"],"fullName":"Supply gap explorer counts a zero power rating as a power limit even if the bank is full","status":"passed","title":"counts a zero power rating as a power limit even if the bank is full","duration":1.7744999999995343,"failureMessages":[],"meta":{},"tags":[]},{"ancestorTitles":["Supply gap explorer"],"fullName":"Supply gap explorer includes discharge efficiency in the physically deliverable energy","status":"passed","title":"includes discharge efficiency in the physically deliverable energy","duration":1.2288000000007742,"failureMessages":[],"meta":{},"tags":[]},{"ancestorTitles":["Supply gap explorer"],"fullName":"Supply gap explorer keeps genuine tiny demand gaps while ignoring a zero-demand sequence","status":"passed","title":"keeps genuine tiny demand gaps while ignoring a zero-demand sequence","duration":2.964299999999639,"failureMessages":[],"meta":{},"tags":[]},{"ancestorTitles":["Supply gap explorer"],"fullName":"Supply gap explorer does not invent a gap during surplus generation and charging","status":"passed","title":"does not invent a gap during surplus generation and charging","duration":1.9791999999979453,"failureMessages":[],"meta":{},"tags":[]},{"ancestorTitles":["Supply gap explorer"],"fullName":"Supply gap explorer regroups episodes when demand shifting removes demand from an intermediate window","status":"passed","title":"regroups episodes when demand shifting removes demand from an intermediate window","duration":2.379000000000815,"failureMessages":[],"meta":{},"tags":[]},{"ancestorTitles":["Supply gap explorer"],"fullName":"Supply gap explorer solarPv reconciles every gap minute and episode across all battery strategies","status":"passed","title":"solarPv reconciles every gap minute and episode across all battery strategies","duration":29.677499999997963,"failureMessages":[],"meta":{},"tags":[]},{"ancestorTitles":["Supply gap explorer"],"fullName":"Supply gap explorer wind reconciles every gap minute and episode across all battery strategies","status":"passed","title":"wind reconciles every gap minute and episode across all battery strategies","duration":31.210800000000745,"failureMessages":[],"meta":{},"tags":[]},{"ancestorTitles":["Supply gap explorer"],"fullName":"Supply gap explorer hydro reconciles every gap minute and episode across all battery strategies","status":"passed","title":"hydro reconciles every gap minute and episode across all battery strategies","duration":27.254899999999907,"failureMessages":[],"meta":{},"tags":[]},{"ancestorTitles":["Supply gap explorer"],"fullName":"Supply gap explorer geothermal reconciles every gap minute and episode across all battery strategies","status":"passed","title":"geothermal reconciles every gap minute and episode across all battery strategies","duration":26.91949999999997,"failureMessages":[],"meta":{},"tags":[]},{"ancestorTitles":["Supply gap explorer"],"fullName":"Supply gap explorer solarThermal reconciles every gap minute and episode across all battery strategies","status":"passed","title":"solarThermal reconciles every gap minute and episode across all battery strategies","duration":25.322700000000623,"failureMessages":[],"meta":{},"tags":[]},{"ancestorTitles":["Supply gap explorer"],"fullName":"Supply gap explorer wave reconciles every gap minute and episode across all battery strategies","status":"passed","title":"wave reconciles every gap minute and episode across all battery strategies","duration":24.363299999997253,"failureMessages":[],"meta":{},"tags":[]},{"ancestorTitles":["Supply gap explorer"],"fullName":"Supply gap explorer tidal reconciles every gap minute and episode across all battery strategies","status":"passed","title":"tidal reconciles every gap minute and episode across all battery strategies","duration":150.6867999999995,"failureMessages":[],"meta":{},"tags":[]},{"ancestorTitles":["Supply gap explorer"],"fullName":"Supply gap explorer biomass reconciles every gap minute and episode across all battery strategies","status":"passed","title":"biomass reconciles every gap minute and episode across all battery strategies","duration":24.729300000002695,"failureMessages":[],"meta":{},"tags":[]},{"ancestorTitles":["Supply gap explorer"],"fullName":"Supply gap explorer uses stable sorting, selected period keys, bounded pages, and independent scopes","status":"passed","title":"uses stable sorting, selected period keys, bounded pages, and independent scopes","duration":2.163300000000163,"failureMessages":[],"meta":{},"tags":[]},{"ancestorTitles":["Supply gap explorer"],"fullName":"Supply gap explorer exports complete minute accounting and chronological episodes with reproducible settings","status":"passed","title":"exports complete minute accounting and chronological episodes with reproducible settings","duration":16.404500000000553,"failureMessages":[],"meta":{},"tags":[]},{"ancestorTitles":["Supply gap explorer"],"fullName":"Supply gap explorer replays serialized settings without mutation or changing dispatch","status":"passed","title":"replays serialized settings without mutation or changing dispatch","duration":32.80519999999888,"failureMessages":[],"meta":{},"tags":[]},{"ancestorTitles":["Supply gap explorer"],"fullName":"Supply gap explorer renders the explorer, both gap scopes, explanations, and exact inspection controls","status":"passed","title":"renders the explorer, both gap scopes, explanations, and exact inspection controls","duration":184.56940000000031,"failureMessages":[],"meta":{},"tags":[]}],"startTime":1789256709093,"endTime":1789256709782.5693,"status":"passed","message":"","name":"C:/Users/cabba/OneDrive/Desktop/UDL-Tool-Updated/tests/renewables_supply_gaps.test.js"},{"assertionResults":[{"ancestorTitles":["Renewables history table accessibility"],"fullName":"Renewables history table accessibility assigns column scope to year-by-year table headers","status":"passed","title":"assigns column scope to year-by-year table headers","duration":8.26589999999851,"failureMessages":[],"meta":{},"tags":[]},{"ancestorTitles":["Renewables history table accessibility"],"fullName":"Renewables history table accessibility keeps source and public mirrors identical","status":"passed","title":"keeps source and public mirrors identical","duration":7.144799999998213,"failureMessages":[],"meta":{},"tags":[]}],"startTime":1789256724386,"endTime":1789256724401.1448,"status":"passed","message":"","name":"C:/Users/cabba/OneDrive/Desktop/UDL-Tool-Updated/tests/renewables_table_a11y.test.js"},{"assertionResults":[{"ancestorTitles":["Renewables transition hourly model"],"fullName":"Renewables transition hourly model conserves power in every region and storage energy across every hour","status":"passed","title":"conserves power in every region and storage energy across every hour","duration":354.16309999999976,"failureMessages":[],"meta":{},"tags":[]},{"ancestorTitles":["Renewables transition hourly model"],"fullName":"Renewables transition hourly model keeps empty storage from creating electricity","status":"passed","title":"keeps empty storage from creating electricity","duration":15.911600000000362,"failureMessages":[],"meta":{},"tags":[]},{"ancestorTitles":["Renewables transition hourly model"],"fullName":"Renewables transition hourly model treats capacity, annual additions, power and duration as separate quantities","status":"passed","title":"treats capacity, annual additions, power and duration as separate quantities","duration":1.5900999999994383,"failureMessages":[],"meta":{},"tags":[]},{"ancestorTitles":["Renewables transition hourly model"],"fullName":"Renewables transition hourly model has no solar generation outside each region daylight window","status":"passed","title":"has no solar generation outside each region daylight window","duration":5.024699999999939,"failureMessages":[],"meta":{},"tags":[]},{"ancestorTitles":["Renewables transition hourly model"],"fullName":"Renewables transition hourly model turns off all transfers when regional links are zero","status":"passed","title":"turns off all transfers when regional links are zero","duration":11.70679999999993,"failureMessages":[],"meta":{},"tags":[]},{"ancestorTitles":["Renewables transition hourly model"],"fullName":"Renewables transition hourly model produces actual transfers and caps them by both offers and demand","status":"passed","title":"produces actual transfers and caps them by both offers and demand","duration":2.464100000000144,"failureMessages":[],"meta":{},"tags":[]},{"ancestorTitles":["Renewables transition hourly model"],"fullName":"Renewables transition hourly model makes weather lulls reduce renewable generation and heat waves increase demand","status":"passed","title":"makes weather lulls reduce renewable generation and heat waves increase demand","duration":3.3319000000001324,"failureMessages":[],"meta":{},"tags":[]},{"ancestorTitles":["Renewables transition hourly model"],"fullName":"Renewables transition hourly model exposes shortages when retiring capacity faster than replacements cover the lull","status":"passed","title":"exposes shortages when retiring capacity faster than replacements cover the lull","duration":1.8398000000006505,"failureMessages":[],"meta":{},"tags":[]},{"ancestorTitles":["Renewables transition hourly model"],"fullName":"Renewables transition hourly model bounds malformed saved inputs and stays deterministic","status":"passed","title":"bounds malformed saved inputs and stays deterministic","duration":9.978299999999763,"failureMessages":[],"meta":{},"tags":[]},{"ancestorTitles":["Renewables transition hourly model"],"fullName":"Renewables transition hourly model keeps resource allocation weights normalized","status":"passed","title":"keeps resource allocation weights normalized","duration":1.435699999999997,"failureMessages":[],"meta":{},"tags":[]},{"ancestorTitles":["Transition UI entry and model transparency"],"fullName":"Transition UI entry and model transparency makes the sandbox reachable in the core library","status":"passed","title":"makes the sandbox reachable in the core library","duration":7.426800000000185,"failureMessages":[],"meta":{},"tags":[]},{"ancestorTitles":["Transition UI entry and model transparency"],"fullName":"Transition UI entry and model transparency renders the workbench, equivalent data, and honest model boundaries","status":"passed","title":"renders the workbench, equivalent data, and honest model boundaries","duration":41.650400000000445,"failureMessages":[],"meta":{},"tags":[]},{"ancestorTitles":["Regional planning and resilience"],"fullName":"Regional planning and resilience runs an entire week and clips timed outages at the run boundary","status":"passed","title":"runs an entire week and clips timed outages at the run boundary","duration":3.932499999999891,"failureMessages":[],"meta":{},"tags":[]},{"ancestorTitles":["Regional planning and resilience"],"fullName":"Regional planning and resilience allocates only new construction and conserves national installed capacity","status":"passed","title":"allocates only new construction and conserves national installed capacity","duration":0.7744000000002416,"failureMessages":[],"meta":{},"tags":[]},{"ancestorTitles":["Regional planning and resilience"],"fullName":"Regional planning and resilience recovers default allocation when all siting weights are zero","status":"passed","title":"recovers default allocation when all siting weights are zero","duration":1.0951999999997497,"failureMessages":[],"meta":{},"tags":[]},{"ancestorTitles":["Regional planning and resilience"],"fullName":"Regional planning and resilience changes regional generation when the same national portfolio is sited differently","status":"passed","title":"changes regional generation when the same national portfolio is sited differently","duration":2.1233000000001994,"failureMessages":[],"meta":{},"tags":[]},{"ancestorTitles":["Regional planning and resilience"],"fullName":"Regional planning and resilience moves evening energy to midday without reducing total or regional demand","status":"passed","title":"moves evening energy to midday without reducing total or regional demand","duration":4.162199999999757,"failureMessages":[],"meta":{},"tags":[]},{"ancestorTitles":["Regional planning and resilience"],"fullName":"Regional planning and resilience accounts for transmission losses exactly once and exposes delivered transfers","status":"passed","title":"accounts for transmission losses exactly once and exposes delivered transfers","duration":1.7943000000004758,"failureMessages":[],"meta":{},"tags":[]},{"ancestorTitles":["Regional planning and resilience"],"fullName":"Regional planning and resilience isolates only the selected region during the exact outage window","status":"passed","title":"isolates only the selected region during the exact outage window","duration":3.658100000000559,"failureMessages":[],"meta":{},"tags":[]},{"ancestorTitles":["Regional planning and resilience"],"fullName":"Regional planning and resilience keeps reserve releases inside energy and power limits","status":"passed","title":"keeps reserve releases inside energy and power limits","duration":11.348500000000058,"failureMessages":[],"meta":{},"tags":[]},{"ancestorTitles":["Regional planning and resilience"],"fullName":"Regional planning and resilience reports the actual hardest hour and longest consecutive shortage","status":"passed","title":"reports the actual hardest hour and longest consecutive shortage","duration":3.565599999999904,"failureMessages":[],"meta":{},"tags":[]},{"ancestorTitles":["Regional planning and resilience"],"fullName":"Regional planning and resilience runs four comparable week-long stresses without changing the plan","status":"passed","title":"runs four comparable week-long stresses without changing the plan","duration":15.66859999999997,"failureMessages":[],"meta":{},"tags":[]},{"ancestorTitles":["Expanded planning UI and saved-model migration"],"fullName":"Expanded planning UI and saved-model migration renders week-long controls, regional siting, and explicit loss assumptions","status":"passed","title":"renders week-long controls, regional siting, and explicit loss assumptions","duration":58.65509999999995,"failureMessages":[],"meta":{},"tags":[]},{"ancestorTitles":["Expanded planning UI and saved-model migration"],"fullName":"Expanded planning UI and saved-model migration recalculates a legacy saved plan under the current model rather than trusting old totals","status":"passed","title":"recalculates a legacy saved plan under the current model rather than trusting old totals","duration":119.4961000000003,"failureMessages":[],"meta":{},"tags":[]},{"ancestorTitles":["Controlled experiments and planning challenges"],"fullName":"Controlled experiments and planning challenges samples one variable, includes the current baseline, and preserves every other assumption","status":"passed","title":"samples one variable, includes the current baseline, and preserves every other assumption","duration":24.34059999999954,"failureMessages":[],"meta":{},"tags":[]},{"ancestorTitles":["Controlled experiments and planning challenges"],"fullName":"Controlled experiments and planning challenges keeps a comparison valid when loading its variable but expires it when another assumption changes","status":"passed","title":"keeps a comparison valid when loading its variable but expires it when another assumption changes","duration":3.0344999999997526,"failureMessages":[],"meta":{},"tags":[]},{"ancestorTitles":["Controlled experiments and planning challenges"],"fullName":"Controlled experiments and planning challenges shows that additional storage duration cannot generate energy when storage never charges","status":"passed","title":"shows that additional storage duration cannot generate energy when storage never charges","duration":2.4205000000001746,"failureMessages":[],"meta":{},"tags":[]},{"ancestorTitles":["Controlled experiments and planning challenges"],"fullName":"Controlled experiments and planning challenges provides an initially unmet and achievable evening challenge","status":"passed","title":"provides an initially unmet and achievable evening challenge","duration":2.3146999999999025,"failureMessages":[],"meta":{},"tags":[]},{"ancestorTitles":["Controlled experiments and planning challenges"],"fullName":"Controlled experiments and planning challenges provides an initially unmet and achievable connections challenge","status":"passed","title":"provides an initially unmet and achievable connections challenge","duration":2.0362999999997555,"failureMessages":[],"meta":{},"tags":[]},{"ancestorTitles":["Controlled experiments and planning challenges"],"fullName":"Controlled experiments and planning challenges provides an initially unmet and achievable winter challenge","status":"passed","title":"provides an initially unmet and achievable winter challenge","duration":3.9223000000001775,"failureMessages":[],"meta":{},"tags":[]},{"ancestorTitles":["Controlled experiments and planning challenges"],"fullName":"Controlled experiments and planning challenges rejects solutions that alter fixed conditions or site additional generation elsewhere","status":"passed","title":"rejects solutions that alter fixed conditions or site additional generation elsewhere","duration":1.3711000000002969,"failureMessages":[],"meta":{},"tags":[]},{"ancestorTitles":["Dispatch explanations"],"fullName":"Dispatch explanations accounts for local sources, uses, and actual storage history without counting unmet demand as a use","status":"passed","title":"accounts for local sources, uses, and actual storage history without counting unmet demand as a use","duration":2.2851999999993495,"failureMessages":[],"meta":{},"tags":[]},{"ancestorTitles":["Dispatch explanations"],"fullName":"Dispatch explanations distinguishes empty energy, charge power limits, and discharge power limits","status":"passed","title":"distinguishes empty energy, charge power limits, and discharge power limits","duration":1.8585000000002765,"failureMessages":[],"meta":{},"tags":[]},{"ancestorTitles":["Dispatch explanations"],"fullName":"Dispatch explanations reports an outage only inside its scheduled window and bounds invalid selections","status":"passed","title":"reports an outage only inside its scheduled window and bounds invalid selections","duration":4.3455000000003565,"failureMessages":[],"meta":{},"tags":[]},{"ancestorTitles":["Dispatch explanations"],"fullName":"Dispatch explanations renders the guided challenge, experiment controls, and selected-hour explanation accessibly","status":"passed","title":"renders the guided challenge, experiment controls, and selected-hour explanation accessibly","duration":29.09810000000016,"failureMessages":[],"meta":{},"tags":[]}],"startTime":1789256698623,"endTime":1789256699384.0981,"status":"passed","message":"","name":"C:/Users/cabba/OneDrive/Desktop/UDL-Tool-Updated/tests/renewables_transition.test.js"}]}