{"numTotalTestSuites":43,"numPassedTestSuites":43,"numFailedTestSuites":0,"numPendingTestSuites":0,"numTotalTests":333,"numPassedTests":333,"numFailedTests":0,"numPendingTests":0,"numTodoTests":0,"snapshot":{"added":0,"failure":false,"filesAdded":0,"filesRemoved":0,"filesRemovedList":[],"filesUnmatched":0,"filesUpdated":0,"matched":0,"total":0,"unchecked":0,"uncheckedKeysByFile":[],"unmatched":0,"updated":0,"didUpdate":false},"startTime":1789249843625,"success":true,"testResults":[{"assertionResults":[{"ancestorTitles":["Demand shifting"],"fullName":"Demand shifting moves an exactly known energy quantity without deleting demand","status":"passed","title":"moves an exactly known energy quantity without deleting demand","duration":231.84279999999853,"failureMessages":[],"meta":{},"tags":[]},{"ancestorTitles":["Demand shifting"],"fullName":"Demand shifting moves earlier as well as later and preserves the same energy","status":"passed","title":"moves earlier as well as later and preserves the same energy","duration":37.57359999999608,"failureMessages":[],"meta":{},"tags":[]},{"ancestorTitles":["Demand shifting"],"fullName":"Demand shifting accounts for cancellation in overlapping source and receiving windows","status":"passed","title":"accounts for cancellation in overlapping source and receiving windows","duration":32.70209999999497,"failureMessages":[],"meta":{},"tags":[]},{"ancestorTitles":["Demand shifting"],"fullName":"Demand shifting leaves constant demand unchanged when the two windows are identical","status":"passed","title":"leaves constant demand unchanged when the two windows are identical","duration":24.070699999996577,"failureMessages":[],"meta":{},"tags":[]},{"ancestorTitles":["Demand shifting"],"fullName":"Demand shifting can redistribute variable demand within one window while preserving energy","status":"passed","title":"can redistribute variable demand within one window while preserving energy","duration":22.634500000000116,"failureMessages":[],"meta":{},"tags":[]},{"ancestorTitles":["Demand shifting"],"fullName":"Demand shifting takes a percentage of each original interval rather than substituting average demand","status":"passed","title":"takes a percentage of each original interval rather than substituting average demand","duration":64.13249999999971,"failureMessages":[],"meta":{},"tags":[]},{"ancestorTitles":["Demand shifting"],"fullName":"Demand shifting never allocates energy to the terminal boundary or outside the horizon","status":"passed","title":"never allocates energy to the terminal boundary or outside the horizon","duration":36.35280000000057,"failureMessages":[],"meta":{},"tags":[]},{"ancestorTitles":["Demand shifting"],"fullName":"Demand shifting keeps disabled and zero-percent schedules identical to legacy demand","status":"passed","title":"keeps disabled and zero-percent schedules identical to legacy demand","duration":33.97229999999399,"failureMessages":[],"meta":{},"tags":[]},{"ancestorTitles":["Demand shifting"],"fullName":"Demand shifting handles no demand without inventing moved energy or coverage","status":"passed","title":"handles no demand without inventing moved energy or coverage","duration":12.487800000002608,"failureMessages":[],"meta":{},"tags":[]},{"ancestorTitles":["Demand shifting"],"fullName":"Demand shifting preserves tiny and large positive loads through a one-minute receiving window","status":"passed","title":"preserves tiny and large positive loads through a one-minute receiving window","duration":6.80630000000383,"failureMessages":[],"meta":{},"tags":[]},{"ancestorTitles":["Demand shifting"],"fullName":"Demand shifting bounds malformed input and keeps both windows inside a changing horizon","status":"passed","title":"bounds malformed input and keeps both windows inside a changing horizon","duration":2.717899999996007,"failureMessages":[],"meta":{},"tags":[]},{"ancestorTitles":["Demand shifting"],"fullName":"Demand shifting can avoid outage demand by scheduling it while the grid is available","status":"passed","title":"can avoid outage demand by scheduling it while the grid is available","duration":27.57140000000072,"failureMessages":[],"meta":{},"tags":[]},{"ancestorTitles":["Demand shifting"],"fullName":"Demand shifting can worsen supply gaps by concentrating load into a high-power pulse","status":"passed","title":"can worsen supply gaps by concentrating load into a high-power pulse","duration":3.090199999998731,"failureMessages":[],"meta":{},"tags":[]},{"ancestorTitles":["Demand shifting"],"fullName":"Demand shifting reduces supply gaps in the daylight starter without adding generation or a battery","status":"passed","title":"reduces supply gaps in the daylight starter without adding generation or a battery","duration":6.8343000000022585,"failureMessages":[],"meta":{},"tags":[]},{"ancestorTitles":["Demand shifting"],"fullName":"Demand shifting solarPv conserves demand and system energy across all strategies with two generators","status":"passed","title":"solarPv conserves demand and system energy across all strategies with two generators","duration":13.62159999999858,"failureMessages":[],"meta":{},"tags":[]},{"ancestorTitles":["Demand shifting"],"fullName":"Demand shifting wind conserves demand and system energy across all strategies with two generators","status":"passed","title":"wind conserves demand and system energy across all strategies with two generators","duration":3.3862000000008265,"failureMessages":[],"meta":{},"tags":[]},{"ancestorTitles":["Demand shifting"],"fullName":"Demand shifting hydro conserves demand and system energy across all strategies with two generators","status":"passed","title":"hydro conserves demand and system energy across all strategies with two generators","duration":9.54439999999886,"failureMessages":[],"meta":{},"tags":[]},{"ancestorTitles":["Demand shifting"],"fullName":"Demand shifting geothermal conserves demand and system energy across all strategies with two generators","status":"passed","title":"geothermal conserves demand and system energy across all strategies with two generators","duration":7.310200000007171,"failureMessages":[],"meta":{},"tags":[]},{"ancestorTitles":["Demand shifting"],"fullName":"Demand shifting solarThermal conserves demand and system energy across all strategies with two generators","status":"passed","title":"solarThermal conserves demand and system energy across all strategies with two generators","duration":21.007099999995262,"failureMessages":[],"meta":{},"tags":[]},{"ancestorTitles":["Demand shifting"],"fullName":"Demand shifting wave conserves demand and system energy across all strategies with two generators","status":"passed","title":"wave conserves demand and system energy across all strategies with two generators","duration":13.183400000001711,"failureMessages":[],"meta":{},"tags":[]},{"ancestorTitles":["Demand shifting"],"fullName":"Demand shifting tidal conserves demand and system energy across all strategies with two generators","status":"passed","title":"tidal conserves demand and system energy across all strategies with two generators","duration":18.255000000004657,"failureMessages":[],"meta":{},"tags":[]},{"ancestorTitles":["Demand shifting"],"fullName":"Demand shifting biomass conserves demand and system energy across all strategies with two generators","status":"passed","title":"biomass conserves demand and system energy across all strategies with two generators","duration":2.75789999999688,"failureMessages":[],"meta":{},"tags":[]},{"ancestorTitles":["Demand shifting"],"fullName":"Demand shifting keeps demand independent of battery designs, dispatch policies, and companion presence","status":"passed","title":"keeps demand independent of battery designs, dispatch policies, and companion presence","duration":3.551500000001397,"failureMessages":[],"meta":{},"tags":[]},{"ancestorTitles":["Demand shifting"],"fullName":"Demand shifting captures and reconstructs the shifted demand in outage and battery-design studies","status":"passed","title":"captures and reconstructs the shifted demand in outage and battery-design studies","duration":157.95819999999367,"failureMessages":[],"meta":{},"tags":[]},{"ancestorTitles":["Demand shifting"],"fullName":"Demand shifting serializes the schedule and simulation without mutating captured settings","status":"passed","title":"serializes the schedule and simulation without mutating captured settings","duration":64.39220000000205,"failureMessages":[],"meta":{},"tags":[]},{"ancestorTitles":["Demand shifting"],"fullName":"Demand shifting renders the bench, original-versus-shifted data, and recorded study conditions","status":"passed","title":"renders the bench, original-versus-shifted data, and recorded study conditions","duration":791.9022000000041,"failureMessages":[],"meta":{},"tags":[]}],"startTime":1789249878106,"endTime":1789249879757.902,"status":"passed","message":"","name":"C:/Users/cabba/OneDrive/Desktop/UDL-Tool-Updated/tests/renewables_demand_shift.test.js"},{"assertionResults":[{"ancestorTitles":["Battery design comparisons"],"fullName":"Battery design comparisons separates a power bottleneck from an energy bottleneck with a hand-calculated demand balance","status":"passed","title":"separates a power bottleneck from an energy bottleneck with a hand-calculated demand balance","duration":311.6645000000026,"failureMessages":[],"meta":{},"tags":[]},{"ancestorTitles":["Battery design comparisons"],"fullName":"Battery design comparisons holds the initial kWh fixed except when smaller banks cannot contain them","status":"passed","title":"holds the initial kWh fixed except when smaller banks cannot contain them","duration":82.22820000000138,"failureMessages":[],"meta":{},"tags":[]},{"ancestorTitles":["Battery design comparisons"],"fullName":"Battery design comparisons makes the additional starting energy in a percentage comparison explicit","status":"passed","title":"makes the additional starting energy in a percentage comparison explicit","duration":95.60109999999986,"failureMessages":[],"meta":{},"tags":[]},{"ancestorTitles":["Battery design comparisons"],"fullName":"Battery design comparisons does not fill a larger empty battery or charge it from the grid","status":"passed","title":"does not fill a larger empty battery or charge it from the grid","duration":48.9387999999999,"failureMessages":[],"meta":{},"tags":[]},{"ancestorTitles":["Battery design comparisons"],"fullName":"Battery design comparisons excludes grid imports from coverage even when all demand is served","status":"passed","title":"excludes grid imports from coverage even when all demand is served","duration":24.854999999999563,"failureMessages":[],"meta":{},"tags":[]},{"ancestorTitles":["Battery design comparisons"],"fullName":"Battery design comparisons explains a strategy-held full battery as an energy/strategy limit","status":"passed","title":"explains a strategy-held full battery as an energy/strategy limit","duration":39.06169999999838,"failureMessages":[],"meta":{},"tags":[]},{"ancestorTitles":["Battery design comparisons"],"fullName":"Battery design comparisons identifies only nondominated sampled equipment pairs that meet the target","status":"passed","title":"identifies only nondominated sampled equipment pairs that meet the target","duration":52.670500000000175,"failureMessages":[],"meta":{},"tags":[]},{"ancestorTitles":["Battery design comparisons"],"fullName":"Battery design comparisons evaluates coverage targets against local demand with no fabricated zero-demand successes","status":"passed","title":"evaluates coverage targets against local demand with no fabricated zero-demand successes","duration":137.79479999999967,"failureMessages":[],"meta":{},"tags":[]},{"ancestorTitles":["Battery design comparisons"],"fullName":"Battery design comparisons detects small positive demand and distinguishes a zero target","status":"passed","title":"detects small positive demand and distinguishes a zero target","duration":95.8185999999987,"failureMessages":[],"meta":{},"tags":[]},{"ancestorTitles":["Battery design comparisons"],"fullName":"Battery design comparisons does not mistake a tiny positive target for a zero target","status":"passed","title":"does not mistake a tiny positive target for a zero target","duration":37.43110000000161,"failureMessages":[],"meta":{},"tags":[]},{"ancestorTitles":["Battery design comparisons"],"fullName":"Battery design comparisons retains reserve behavior when more capacity protects more of the same initial energy","status":"passed","title":"retains reserve behavior when more capacity protects more of the same initial energy","duration":16.101299999998446,"failureMessages":[],"meta":{},"tags":[]},{"ancestorTitles":["Battery design comparisons"],"fullName":"Battery design comparisons normalizes replay equipment before preserving the starting energy","status":"passed","title":"normalizes replay equipment before preserving the starting energy","duration":1.7440999999998894,"failureMessages":[],"meta":{},"tags":[]},{"ancestorTitles":["Battery design comparisons"],"fullName":"Battery design comparisons scales bank capacity, power, and initial energy with the fixed unit count","status":"passed","title":"scales bank capacity, power, and initial energy with the fixed unit count","duration":26.505799999999,"failureMessages":[],"meta":{},"tags":[]},{"ancestorTitles":["Battery design comparisons"],"fullName":"Battery design comparisons returns an empty comparison for an absent battery while retaining the baseline","status":"passed","title":"returns an empty comparison for an absent battery while retaining the baseline","duration":2.4359999999978754,"failureMessages":[],"meta":{},"tags":[]},{"ancestorTitles":["Battery design comparisons"],"fullName":"Battery design comparisons bounds malformed input, orders axes, and deduplicates collapsed ranges","status":"passed","title":"bounds malformed input, orders axes, and deduplicates collapsed ranges","duration":107.04559999999765,"failureMessages":[],"meta":{},"tags":[]},{"ancestorTitles":["Battery design comparisons"],"fullName":"Battery design comparisons reconstructs candidates exactly for 3D replay without retaining all minute rows","status":"passed","title":"reconstructs candidates exactly for 3D replay without retaining all minute rows","duration":61.21270000000004,"failureMessages":[],"meta":{},"tags":[]},{"ancestorTitles":["Battery design comparisons"],"fullName":"Battery design comparisons captures and serializes normalized inputs without mutating the request","status":"passed","title":"captures and serializes normalized inputs without mutating the request","duration":66.42000000000189,"failureMessages":[],"meta":{},"tags":[]},{"ancestorTitles":["Battery design comparisons"],"fullName":"Battery design comparisons solarPv preserves energy conservation and reconstructs every sampled case","status":"passed","title":"solarPv preserves energy conservation and reconstructs every sampled case","duration":29.02400000000125,"failureMessages":[],"meta":{},"tags":[]},{"ancestorTitles":["Battery design comparisons"],"fullName":"Battery design comparisons wind preserves energy conservation and reconstructs every sampled case","status":"passed","title":"wind preserves energy conservation and reconstructs every sampled case","duration":17.33810000000085,"failureMessages":[],"meta":{},"tags":[]},{"ancestorTitles":["Battery design comparisons"],"fullName":"Battery design comparisons hydro preserves energy conservation and reconstructs every sampled case","status":"passed","title":"hydro preserves energy conservation and reconstructs every sampled case","duration":15.163199999999051,"failureMessages":[],"meta":{},"tags":[]},{"ancestorTitles":["Battery design comparisons"],"fullName":"Battery design comparisons geothermal preserves energy conservation and reconstructs every sampled case","status":"passed","title":"geothermal preserves energy conservation and reconstructs every sampled case","duration":13.828499999999622,"failureMessages":[],"meta":{},"tags":[]},{"ancestorTitles":["Battery design comparisons"],"fullName":"Battery design comparisons solarThermal preserves energy conservation and reconstructs every sampled case","status":"passed","title":"solarThermal preserves energy conservation and reconstructs every sampled case","duration":13.62420000000202,"failureMessages":[],"meta":{},"tags":[]},{"ancestorTitles":["Battery design comparisons"],"fullName":"Battery design comparisons wave preserves energy conservation and reconstructs every sampled case","status":"passed","title":"wave preserves energy conservation and reconstructs every sampled case","duration":12.829900000000634,"failureMessages":[],"meta":{},"tags":[]},{"ancestorTitles":["Battery design comparisons"],"fullName":"Battery design comparisons tidal preserves energy conservation and reconstructs every sampled case","status":"passed","title":"tidal preserves energy conservation and reconstructs every sampled case","duration":89.50640000000203,"failureMessages":[],"meta":{},"tags":[]},{"ancestorTitles":["Battery design comparisons"],"fullName":"Battery design comparisons biomass preserves energy conservation and reconstructs every sampled case","status":"passed","title":"biomass preserves energy conservation and reconstructs every sampled case","duration":11.901099999999133,"failureMessages":[],"meta":{},"tags":[]},{"ancestorTitles":["Battery design comparisons"],"fullName":"Battery design comparisons renders captured conditions, comparisons, and notes alongside the existing studies","status":"passed","title":"renders captured conditions, comparisons, and notes alongside the existing studies","duration":679.1578000000009,"failureMessages":[],"meta":{},"tags":[]}],"startTime":1789249864775,"endTime":1789249866867.1577,"status":"passed","message":"","name":"C:/Users/cabba/OneDrive/Desktop/UDL-Tool-Updated/tests/renewables_designs.test.js"},{"assertionResults":[{"ancestorTitles":["Renewables Lab diagram tabs accessibility"],"fullName":"Renewables Lab diagram tabs accessibility keeps source and public mirrors identical","status":"passed","title":"keeps source and public mirrors identical","duration":16.18529999999737,"failureMessages":[],"meta":{},"tags":[]},{"ancestorTitles":["Renewables Lab diagram tabs accessibility"],"fullName":"Renewables Lab diagram tabs accessibility gives diagram tabs roving focus and arrow/Home/End navigation","status":"passed","title":"gives diagram tabs roving focus and arrow/Home/End navigation","duration":53.44750000000931,"failureMessages":[],"meta":{},"tags":[]},{"ancestorTitles":["Renewables Lab diagram tabs accessibility"],"fullName":"Renewables Lab diagram tabs accessibility links the selected diagram to its tabpanel","status":"passed","title":"links the selected diagram to its tabpanel","duration":7.491800000003423,"failureMessages":[],"meta":{},"tags":[]}],"startTime":1789249942938,"endTime":1789249943014.4917,"status":"passed","message":"","name":"C:/Users/cabba/OneDrive/Desktop/UDL-Tool-Updated/tests/renewables_diagram_tabs_a11y.test.js"},{"assertionResults":[{"ancestorTitles":["Individual energy mechanism calculations"],"fullName":"Individual energy mechanism calculations includes every core renewable mechanism with separate wave and tidal physics","status":"passed","title":"includes every core renewable mechanism with separate wave and tidal physics","duration":71.11549999999988,"failureMessages":[],"meta":{},"tags":[]},{"ancestorTitles":["Individual energy mechanism calculations"],"fullName":"Individual energy mechanism calculations solarPv remains finite and accounts for resource power at every control boundary","status":"passed","title":"solarPv remains finite and accounts for resource power at every control boundary","duration":13.840000000000146,"failureMessages":[],"meta":{},"tags":[]},{"ancestorTitles":["Individual energy mechanism calculations"],"fullName":"Individual energy mechanism calculations wind remains finite and accounts for resource power at every control boundary","status":"passed","title":"wind remains finite and accounts for resource power at every control boundary","duration":2.209599999998318,"failureMessages":[],"meta":{},"tags":[]},{"ancestorTitles":["Individual energy mechanism calculations"],"fullName":"Individual energy mechanism calculations hydro remains finite and accounts for resource power at every control boundary","status":"passed","title":"hydro remains finite and accounts for resource power at every control boundary","duration":2.102999999999156,"failureMessages":[],"meta":{},"tags":[]},{"ancestorTitles":["Individual energy mechanism calculations"],"fullName":"Individual energy mechanism calculations geothermal remains finite and accounts for resource power at every control boundary","status":"passed","title":"geothermal remains finite and accounts for resource power at every control boundary","duration":1.864400000002206,"failureMessages":[],"meta":{},"tags":[]},{"ancestorTitles":["Individual energy mechanism calculations"],"fullName":"Individual energy mechanism calculations solarThermal remains finite and accounts for resource power at every control boundary","status":"passed","title":"solarThermal remains finite and accounts for resource power at every control boundary","duration":1.8912000000018452,"failureMessages":[],"meta":{},"tags":[]},{"ancestorTitles":["Individual energy mechanism calculations"],"fullName":"Individual energy mechanism calculations wave remains finite and accounts for resource power at every control boundary","status":"passed","title":"wave remains finite and accounts for resource power at every control boundary","duration":4.05199999999968,"failureMessages":[],"meta":{},"tags":[]},{"ancestorTitles":["Individual energy mechanism calculations"],"fullName":"Individual energy mechanism calculations tidal remains finite and accounts for resource power at every control boundary","status":"passed","title":"tidal remains finite and accounts for resource power at every control boundary","duration":6.178100000000995,"failureMessages":[],"meta":{},"tags":[]},{"ancestorTitles":["Individual energy mechanism calculations"],"fullName":"Individual energy mechanism calculations biomass remains finite and accounts for resource power at every control boundary","status":"passed","title":"biomass remains finite and accounts for resource power at every control boundary","duration":5.873400000000402,"failureMessages":[],"meta":{},"tags":[]},{"ancestorTitles":["Individual energy mechanism calculations"],"fullName":"Individual energy mechanism calculations uses the cosine of beam incidence, area, and inverter efficiency for PV","status":"passed","title":"uses the cosine of beam incidence, area, and inverter efficiency for PV","duration":1.8276000000005297,"failureMessages":[],"meta":{},"tags":[]},{"ancestorTitles":["Individual energy mechanism calculations"],"fullName":"Individual energy mechanism calculations applies cubic wind speed, generator clipping, and protective operating limits","status":"passed","title":"applies cubic wind speed, generator clipping, and protective operating limits","duration":2.505699999997887,"failureMessages":[],"meta":{},"tags":[]},{"ancestorTitles":["Individual energy mechanism calculations"],"fullName":"Individual energy mechanism calculations keeps hydro head and flow independent with correctly scaled kW","status":"passed","title":"keeps hydro head and flow independent with correctly scaled kW","duration":1.3598999999994703,"failureMessages":[],"meta":{},"tags":[]},{"ancestorTitles":["Individual energy mechanism calculations"],"fullName":"Individual energy mechanism calculations bounds geothermal electricity below extracted heat and the Carnot limit","status":"passed","title":"bounds geothermal electricity below extracted heat and the Carnot limit","duration":1.0714000000007218,"failureMessages":[],"meta":{},"tags":[]},{"ancestorTitles":["Individual energy mechanism calculations"],"fullName":"Individual energy mechanism calculations keeps CSP light, receiver heat, and electrical stages separate","status":"passed","title":"keeps CSP light, receiver heat, and electrical stages separate","duration":1.1105999999999767,"failureMessages":[],"meta":{},"tags":[]},{"ancestorTitles":["Individual energy mechanism calculations"],"fullName":"Individual energy mechanism calculations uses height squared and period for mean wave power","status":"passed","title":"uses height squared and period for mean wave power","duration":0.940999999998894,"failureMessages":[],"meta":{},"tags":[]},{"ancestorTitles":["Individual energy mechanism calculations"],"fullName":"Individual energy mechanism calculations uses current magnitude for tidal power and zero at slack water","status":"passed","title":"uses current magnitude for tidal power and zero at slack water","duration":0.8312000000005355,"failureMessages":[],"meta":{},"tags":[]},{"ancestorTitles":["Individual energy mechanism calculations"],"fullName":"Individual energy mechanism calculations converts kg/h times MJ/kg to kW without subtracting moisture twice","status":"passed","title":"converts kg/h times MJ/kg to kW without subtracting moisture twice","duration":0.8822999999974854,"failureMessages":[],"meta":{},"tags":[]},{"ancestorTitles":["Individual energy mechanism calculations"],"fullName":"Individual energy mechanism calculations sanitizes saved settings, unknown IDs, and nonfinite inputs without mutating them","status":"passed","title":"sanitizes saved settings, unknown IDs, and nonfinite inputs without mutating them","duration":4.463400000000547,"failureMessages":[],"meta":{},"tags":[]},{"ancestorTitles":["Battery cycle energy conservation"],"fullName":"Battery cycle energy conservation conserves initial + accepted − delivered − losses = stored across all phases and capacity limits","status":"passed","title":"conserves initial + accepted − delivered − losses = stored across all phases and capacity limits","duration":8.556799999998475,"failureMessages":[],"meta":{},"tags":[]},{"ancestorTitles":["Battery cycle energy conservation"],"fullName":"Battery cycle energy conservation recovers the round-trip fraction when an initially empty battery completes the cycle","status":"passed","title":"recovers the round-trip fraction when an initially empty battery completes the cycle","duration":1.75879999999961,"failureMessages":[],"meta":{},"tags":[]},{"ancestorTitles":["Battery cycle energy conservation"],"fullName":"Battery cycle energy conservation counts initial stored energy and avoids creating energy on timeline rewind","status":"passed","title":"counts initial stored energy and avoids creating energy on timeline rewind","duration":1.180499999998574,"failureMessages":[],"meta":{},"tags":[]},{"ancestorTitles":["Energy workbench integration"],"fullName":"Energy workbench integration renders solarPv with accessible controls and model boundaries","status":"passed","title":"renders solarPv with accessible controls and model boundaries","duration":63.052700000000186,"failureMessages":[],"meta":{},"tags":[]},{"ancestorTitles":["Energy workbench integration"],"fullName":"Energy workbench integration renders wind with accessible controls and model boundaries","status":"passed","title":"renders wind with accessible controls and model boundaries","duration":20.32289999999921,"failureMessages":[],"meta":{},"tags":[]},{"ancestorTitles":["Energy workbench integration"],"fullName":"Energy workbench integration renders hydro with accessible controls and model boundaries","status":"passed","title":"renders hydro with accessible controls and model boundaries","duration":7.72269999999844,"failureMessages":[],"meta":{},"tags":[]},{"ancestorTitles":["Energy workbench integration"],"fullName":"Energy workbench integration renders geothermal with accessible controls and model boundaries","status":"passed","title":"renders geothermal with accessible controls and model boundaries","duration":10.201100000002043,"failureMessages":[],"meta":{},"tags":[]},{"ancestorTitles":["Energy workbench integration"],"fullName":"Energy workbench integration renders solarThermal with accessible controls and model boundaries","status":"passed","title":"renders solarThermal with accessible controls and model boundaries","duration":19.699100000001636,"failureMessages":[],"meta":{},"tags":[]},{"ancestorTitles":["Energy workbench integration"],"fullName":"Energy workbench integration renders wave with accessible controls and model boundaries","status":"passed","title":"renders wave with accessible controls and model boundaries","duration":12.895300000000134,"failureMessages":[],"meta":{},"tags":[]},{"ancestorTitles":["Energy workbench integration"],"fullName":"Energy workbench integration renders tidal with accessible controls and model boundaries","status":"passed","title":"renders tidal with accessible controls and model boundaries","duration":10.57760000000053,"failureMessages":[],"meta":{},"tags":[]},{"ancestorTitles":["Energy workbench integration"],"fullName":"Energy workbench integration renders biomass with accessible controls and model boundaries","status":"passed","title":"renders biomass with accessible controls and model boundaries","duration":6.585300000002462,"failureMessages":[],"meta":{},"tags":[]},{"ancestorTitles":["Energy workbench integration"],"fullName":"Energy workbench integration renders storage with accessible controls and model boundaries","status":"passed","title":"renders storage with accessible controls and model boundaries","duration":8.801699999999983,"failureMessages":[],"meta":{},"tags":[]},{"ancestorTitles":["Energy workbench integration"],"fullName":"Energy workbench integration links the core library and individual lessons to the mechanism studio","status":"passed","title":"links the core library and individual lessons to the mechanism studio","duration":7.912899999999354,"failureMessages":[],"meta":{},"tags":[]},{"ancestorTitles":["Energy workbench integration"],"fullName":"Energy workbench integration keeps source and desktop deployment copies identical","status":"passed","title":"keeps source and desktop deployment copies identical","duration":174.93870000000243,"failureMessages":[],"meta":{},"tags":[]},{"ancestorTitles":["Changing operating conditions"],"fullName":"Changing operating conditions integrates solarPv scenario energy without counting an extra endpoint interval","status":"passed","title":"integrates solarPv scenario energy without counting an extra endpoint interval","duration":8.378300000000309,"failureMessages":[],"meta":{},"tags":[]},{"ancestorTitles":["Changing operating conditions"],"fullName":"Changing operating conditions integrates wind scenario energy without counting an extra endpoint interval","status":"passed","title":"integrates wind scenario energy without counting an extra endpoint interval","duration":2.635200000000623,"failureMessages":[],"meta":{},"tags":[]},{"ancestorTitles":["Changing operating conditions"],"fullName":"Changing operating conditions integrates hydro scenario energy without counting an extra endpoint interval","status":"passed","title":"integrates hydro scenario energy without counting an extra endpoint interval","duration":2.970499999999447,"failureMessages":[],"meta":{},"tags":[]},{"ancestorTitles":["Changing operating conditions"],"fullName":"Changing operating conditions integrates geothermal scenario energy without counting an extra endpoint interval","status":"passed","title":"integrates geothermal scenario energy without counting an extra endpoint interval","duration":3.9729000000006636,"failureMessages":[],"meta":{},"tags":[]},{"ancestorTitles":["Changing operating conditions"],"fullName":"Changing operating conditions integrates solarThermal scenario energy without counting an extra endpoint interval","status":"passed","title":"integrates solarThermal scenario energy without counting an extra endpoint interval","duration":5.901899999997113,"failureMessages":[],"meta":{},"tags":[]},{"ancestorTitles":["Changing operating conditions"],"fullName":"Changing operating conditions integrates wave scenario energy without counting an extra endpoint interval","status":"passed","title":"integrates wave scenario energy without counting an extra endpoint interval","duration":2.134699999998702,"failureMessages":[],"meta":{},"tags":[]},{"ancestorTitles":["Changing operating conditions"],"fullName":"Changing operating conditions integrates tidal scenario energy without counting an extra endpoint interval","status":"passed","title":"integrates tidal scenario energy without counting an extra endpoint interval","duration":20.89050000000134,"failureMessages":[],"meta":{},"tags":[]},{"ancestorTitles":["Changing operating conditions"],"fullName":"Changing operating conditions integrates biomass scenario energy without counting an extra endpoint interval","status":"passed","title":"integrates biomass scenario energy without counting an extra endpoint interval","duration":7.448500000002241,"failureMessages":[],"meta":{},"tags":[]},{"ancestorTitles":["Changing operating conditions"],"fullName":"Changing operating conditions makes a high wind resource shut down rather than continue generating","status":"passed","title":"makes a high wind resource shut down rather than continue generating","duration":1.6827999999986787,"failureMessages":[],"meta":{},"tags":[]},{"ancestorTitles":["Changing operating conditions"],"fullName":"Changing operating conditions keeps cloud profiles, control clamping, and no-resource behavior explicit","status":"passed","title":"keeps cloud profiles, control clamping, and no-resource behavior explicit","duration":1.3369999999995343,"failureMessages":[],"meta":{},"tags":[]},{"ancestorTitles":["Changing operating conditions"],"fullName":"Changing operating conditions preserves tidal current reversal and cubic resource scaling","status":"passed","title":"preserves tidal current reversal and cubic resource scaling","duration":2.055099999997765,"failureMessages":[],"meta":{},"tags":[]},{"ancestorTitles":["Scheduled battery dispatch"],"fullName":"Scheduled battery dispatch conserves energy and respects power, capacity, and request limits at every minute","status":"passed","title":"conserves energy and respects power, capacity, and request limits at every minute","duration":444.27170000000115,"failureMessages":[],"meta":{},"tags":[]},{"ancestorTitles":["Scheduled battery dispatch"],"fullName":"Scheduled battery dispatch recovers 44 kWh from 50 kWh of interrupted charging and tracks unmet requests","status":"passed","title":"recovers 44 kWh from 50 kWh of interrupted charging and tracks unmet requests","duration":1.282599999998638,"failureMessages":[],"meta":{},"tags":[]},{"ancestorTitles":["Scheduled battery dispatch"],"fullName":"Scheduled battery dispatch holds external requests fixed when the battery power or capacity is changed","status":"passed","title":"holds external requests fixed when the battery power or capacity is changed","duration":1.4323000000003958,"failureMessages":[],"meta":{},"tags":[]},{"ancestorTitles":["Meaningful reading comparisons"],"fullName":"Meaningful reading comparisons isolates one changed input in the same scenario at the same time","status":"passed","title":"isolates one changed input in the same scenario at the same time","duration":2.159299999999348,"failureMessages":[],"meta":{},"tags":[]},{"ancestorTitles":["Meaningful reading comparisons"],"fullName":"Meaningful reading comparisons does not attribute differences to one variable when the profile or meaningful time changed","status":"passed","title":"does not attribute differences to one variable when the profile or meaningful time changed","duration":2.8000000000029104,"failureMessages":[],"meta":{},"tags":[]},{"ancestorTitles":["Meaningful reading comparisons"],"fullName":"Meaningful reading comparisons ignores illustrative animation time for steady generation but keeps storage time meaningful","status":"passed","title":"ignores illustrative animation time for steady generation but keeps storage time meaningful","duration":1.165500000002794,"failureMessages":[],"meta":{},"tags":[]},{"ancestorTitles":["Meaningful reading comparisons"],"fullName":"Meaningful reading comparisons handles legacy readings, unknown programs, and zero-output baselines without fabricated percentage gains","status":"passed","title":"handles legacy readings, unknown programs, and zero-output baselines without fabricated percentage gains","duration":1.6447000000007392,"failureMessages":[],"meta":{},"tags":[]},{"ancestorTitles":["Meaningful reading comparisons"],"fullName":"Meaningful reading comparisons renders a restored operating experiment with named readings and explicit context","status":"passed","title":"renders a restored operating experiment with named readings and explicit context","duration":89.94720000000234,"failureMessages":[],"meta":{},"tags":[]}],"startTime":1789249869578,"endTime":1789249870662.9473,"status":"passed","message":"","name":"C:/Users/cabba/OneDrive/Desktop/UDL-Tool-Updated/tests/renewables_energy3d.test.js"},{"assertionResults":[{"ancestorTitles":["Controlled renewable experiments"],"fullName":"Controlled renewable experiments solarPv varies only one input and reuses steady and full-scenario calculations","status":"passed","title":"solarPv varies only one input and reuses steady and full-scenario calculations","duration":162.83610000000044,"failureMessages":[],"meta":{},"tags":[]},{"ancestorTitles":["Controlled renewable experiments"],"fullName":"Controlled renewable experiments wind varies only one input and reuses steady and full-scenario calculations","status":"passed","title":"wind varies only one input and reuses steady and full-scenario calculations","duration":59.32289999999921,"failureMessages":[],"meta":{},"tags":[]},{"ancestorTitles":["Controlled renewable experiments"],"fullName":"Controlled renewable experiments hydro varies only one input and reuses steady and full-scenario calculations","status":"passed","title":"hydro varies only one input and reuses steady and full-scenario calculations","duration":9.121699999988778,"failureMessages":[],"meta":{},"tags":[]},{"ancestorTitles":["Controlled renewable experiments"],"fullName":"Controlled renewable experiments geothermal varies only one input and reuses steady and full-scenario calculations","status":"passed","title":"geothermal varies only one input and reuses steady and full-scenario calculations","duration":13.324500000002445,"failureMessages":[],"meta":{},"tags":[]},{"ancestorTitles":["Controlled renewable experiments"],"fullName":"Controlled renewable experiments solarThermal varies only one input and reuses steady and full-scenario calculations","status":"passed","title":"solarThermal varies only one input and reuses steady and full-scenario calculations","duration":8.797000000005937,"failureMessages":[],"meta":{},"tags":[]},{"ancestorTitles":["Controlled renewable experiments"],"fullName":"Controlled renewable experiments wave varies only one input and reuses steady and full-scenario calculations","status":"passed","title":"wave varies only one input and reuses steady and full-scenario calculations","duration":7.284599999999045,"failureMessages":[],"meta":{},"tags":[]},{"ancestorTitles":["Controlled renewable experiments"],"fullName":"Controlled renewable experiments tidal varies only one input and reuses steady and full-scenario calculations","status":"passed","title":"tidal varies only one input and reuses steady and full-scenario calculations","duration":42.32489999999234,"failureMessages":[],"meta":{},"tags":[]},{"ancestorTitles":["Controlled renewable experiments"],"fullName":"Controlled renewable experiments biomass varies only one input and reuses steady and full-scenario calculations","status":"passed","title":"biomass varies only one input and reuses steady and full-scenario calculations","duration":13.355299999995623,"failureMessages":[],"meta":{},"tags":[]},{"ancestorTitles":["Controlled renewable experiments"],"fullName":"Controlled renewable experiments storage varies only one input and reuses steady and full-scenario calculations","status":"passed","title":"storage varies only one input and reuses steady and full-scenario calculations","duration":16.86559999999008,"failureMessages":[],"meta":{},"tags":[]},{"ancestorTitles":["Controlled renewable experiments"],"fullName":"Controlled renewable experiments samples legal distinct control values, keeps both endpoints, and bounds work","status":"passed","title":"samples legal distinct control values, keeps both endpoints, and bounds work","duration":3.163799999994808,"failureMessages":[],"meta":{},"tags":[]},{"ancestorTitles":["Controlled renewable experiments"],"fullName":"Controlled renewable experiments rejects invalid ranges and targets while recovering missing or corrupt optional settings","status":"passed","title":"rejects invalid ranges and targets while recovering missing or corrupt optional settings","duration":31.84430000001157,"failureMessages":[],"meta":{},"tags":[]},{"ancestorTitles":["Controlled renewable experiments"],"fullName":"Controlled renewable experiments clears a target when its measurement unit changes","status":"passed","title":"clears a target when its measurement unit changes","duration":1.2620000000024447,"failureMessages":[],"meta":{},"tags":[]},{"ancestorTitles":["Controlled renewable experiments"],"fullName":"Controlled renewable experiments matches analytic PV scaling and computes a sampled target without interpolating","status":"passed","title":"matches analytic PV scaling and computes a sampled target without interpolating","duration":1.3431999999884283,"failureMessages":[],"meta":{},"tags":[]},{"ancestorTitles":["Controlled renewable experiments"],"fullName":"Controlled renewable experiments finds an interior wind maximum and counts ties instead of assuming more input is always better","status":"passed","title":"finds an interior wind maximum and counts ties instead of assuming more input is always better","duration":4.856499999994412,"failureMessages":[],"meta":{},"tags":[]},{"ancestorTitles":["Controlled renewable experiments"],"fullName":"Controlled renewable experiments preserves tidal reversal symmetry and finds an unreachable target","status":"passed","title":"preserves tidal reversal symmetry and finds an unreachable target","duration":1.7819000000017695,"failureMessages":[],"meta":{},"tags":[]},{"ancestorTitles":["Controlled renewable experiments"],"fullName":"Controlled renewable experiments evaluates the full scenario even when the inspection minute has no output","status":"passed","title":"evaluates the full scenario even when the inspection minute has no output","duration":38.30329999999958,"failureMessages":[],"meta":{},"tags":[]},{"ancestorTitles":["Controlled renewable experiments"],"fullName":"Controlled renewable experiments keeps battery offers fixed and exposes capacity saturation under limited supply","status":"passed","title":"keeps battery offers fixed and exposes capacity saturation under limited supply","duration":3.0256999999983236,"failureMessages":[],"meta":{},"tags":[]},{"ancestorTitles":["Controlled renewable experiments"],"fullName":"Controlled renewable experiments captures shutdown and input clipping counts in operating experiments","status":"passed","title":"captures shutdown and input clipping counts in operating experiments","duration":1.6451999999990221,"failureMessages":[],"meta":{},"tags":[]},{"ancestorTitles":["Controlled renewable experiments"],"fullName":"Controlled renewable experiments keeps the reference independent of the sampled range and avoids percentages from zero","status":"passed","title":"keeps the reference independent of the sampled range and avoids percentages from zero","duration":5.313800000003539,"failureMessages":[],"meta":{},"tags":[]},{"ancestorTitles":["Controlled renewable experiments"],"fullName":"Controlled renewable experiments does not mutate captured settings and recomputes identical experiments after serialization","status":"passed","title":"does not mutate captured settings and recomputes identical experiments after serialization","duration":2.5230000000010477,"failureMessages":[],"meta":{},"tags":[]},{"ancestorTitles":["Controlled renewable experiments"],"fullName":"Controlled renewable experiments renders stored results with target, prediction, conclusion, and model context","status":"passed","title":"renders stored results with target, prediction, conclusion, and model context","duration":49.336799999990035,"failureMessages":[],"meta":{},"tags":[]},{"ancestorTitles":["Controlled renewable experiments"],"fullName":"Controlled renewable experiments does not treat zero as a tiny positive target or collapse small outputs into ties","status":"passed","title":"does not treat zero as a tiny positive target or collapse small outputs into ties","duration":1.4217999999964377,"failureMessages":[],"meta":{},"tags":[]},{"ancestorTitles":["Controlled renewable experiments"],"fullName":"Controlled renewable experiments rejects object prototype names as technology identifiers","status":"passed","title":"rejects object prototype names as technology identifiers","duration":16.311600000000908,"failureMessages":[],"meta":{},"tags":[]}],"startTime":1789249933571,"endTime":1789249934067.3115,"status":"passed","message":"","name":"C:/Users/cabba/OneDrive/Desktop/UDL-Tool-Updated/tests/renewables_experiments.test.js"},{"assertionResults":[{"ancestorTitles":["Renewables inquiry form accessibility"],"fullName":"Renewables inquiry form accessibility keeps source and public mirrors identical","status":"passed","title":"keeps source and public mirrors identical","duration":29.793399999995017,"failureMessages":[],"meta":{},"tags":[]},{"ancestorTitles":["Renewables inquiry form accessibility"],"fullName":"Renewables inquiry form accessibility provides accessible names for renewable-grid reflection fields","status":"passed","title":"provides accessible names for renewable-grid reflection fields","duration":5.189400000002934,"failureMessages":[],"meta":{},"tags":[]}],"startTime":1789249946670,"endTime":1789249946704.1895,"status":"passed","message":"","name":"C:/Users/cabba/OneDrive/Desktop/UDL-Tool-Updated/tests/renewables_form_controls_a11y.test.js"},{"assertionResults":[{"ancestorTitles":["Grid connection capacity"],"fullName":"Grid connection capacity preserves unlimited imports for legacy or disabled settings","status":"passed","title":"preserves unlimited imports for legacy or disabled settings","duration":707.0799999999999,"failureMessages":[],"meta":{},"tags":[]},{"ancestorTitles":["Grid connection capacity"],"fullName":"Grid connection capacity caps every connected interval and accounts for the exact missing energy","status":"passed","title":"caps every connected interval and accounts for the exact missing energy","duration":19.647399999999834,"failureMessages":[],"meta":{},"tags":[]},{"ancestorTitles":["Grid connection capacity"],"fullName":"Grid connection capacity reports spare capacity and no limiting interval when the cap exceeds demand","status":"passed","title":"reports spare capacity and no limiting interval when the cap exceeds demand","duration":3.710599999999431,"failureMessages":[],"meta":{},"tags":[]},{"ancestorTitles":["Grid connection capacity"],"fullName":"Grid connection capacity does not call a fully supplied interval a shortfall just because imports equal the cap","status":"passed","title":"does not call a fully supplied interval a shortfall just because imports equal the cap","duration":6.716699999999946,"failureMessages":[],"meta":{},"tags":[]},{"ancestorTitles":["Grid connection capacity"],"fullName":"Grid connection capacity accepts fractional connection ratings without rounding them to equipment steps","status":"passed","title":"accepts fractional connection ratings without rounding them to equipment steps","duration":10.380899999999201,"failureMessages":[],"meta":{},"tags":[]},{"ancestorTitles":["Grid connection capacity"],"fullName":"Grid connection capacity separates outage shortfalls from cap shortfalls and requests no power while unavailable","status":"passed","title":"separates outage shortfalls from cap shortfalls and requests no power while unavailable","duration":4.4013999999997395,"failureMessages":[],"meta":{},"tags":[]},{"ancestorTitles":["Grid connection capacity"],"fullName":"Grid connection capacity ignores the configured cap during islanded operation","status":"passed","title":"ignores the configured cap during islanded operation","duration":4.872699999999895,"failureMessages":[],"meta":{},"tags":[]},{"ancestorTitles":["Grid connection capacity"],"fullName":"Grid connection capacity keeps a zero-capacity connection available for strategy decisions","status":"passed","title":"keeps a zero-capacity connection available for strategy decisions","duration":4.436000000000604,"failureMessages":[],"meta":{},"tags":[]},{"ancestorTitles":["Grid connection capacity"],"fullName":"Grid connection capacity still permits normal battery dispatch with a zero grid import cap","status":"passed","title":"still permits normal battery dispatch with a zero grid import cap","duration":3.905999999999949,"failureMessages":[],"meta":{},"tags":[]},{"ancestorTitles":["Grid connection capacity"],"fullName":"Grid connection capacity bounds malformed connection inputs without enabling a cap accidentally","status":"passed","title":"bounds malformed connection inputs without enabling a cap accidentally","duration":3.061999999999898,"failureMessages":[],"meta":{},"tags":[]},{"ancestorTitles":["Grid connection capacity"],"fullName":"Grid connection capacity handles zero demand and gives the terminal endpoint zero power fields","status":"passed","title":"handles zero demand and gives the terminal endpoint zero power fields","duration":2.259900000000016,"failureMessages":[],"meta":{},"tags":[]},{"ancestorTitles":["Grid connection capacity"],"fullName":"Grid connection capacity does not use unused grid capacity to charge an empty battery","status":"passed","title":"does not use unused grid capacity to charge an empty battery","duration":2.2224999999998545,"failureMessages":[],"meta":{},"tags":[]},{"ancestorTitles":["Grid connection capacity"],"fullName":"Grid connection capacity applies the same cap to the no-battery comparison","status":"passed","title":"applies the same cap to the no-battery comparison","duration":1.9560999999994237,"failureMessages":[],"meta":{},"tags":[]},{"ancestorTitles":["Grid connection capacity"],"fullName":"Grid connection capacity treats the connection limit as a whole-system rating rather than a per-unit rating","status":"passed","title":"treats the connection limit as a whole-system rating rather than a per-unit rating","duration":2.4774999999999636,"failureMessages":[],"meta":{},"tags":[]},{"ancestorTitles":["Grid connection capacity"],"fullName":"Grid connection capacity leaves generation and battery history identical in the unlimited replay","status":"passed","title":"leaves generation and battery history identical in the unlimited replay","duration":7.024500000000444,"failureMessages":[],"meta":{},"tags":[]},{"ancestorTitles":["Grid connection capacity"],"fullName":"Grid connection capacity shows a connection shortfall from compressed demand without changing total energy","status":"passed","title":"shows a connection shortfall from compressed demand without changing total energy","duration":4.632599999999911,"failureMessages":[],"meta":{},"tags":[]},{"ancestorTitles":["Grid connection capacity"],"fullName":"Grid connection capacity combines two generators before determining required imports","status":"passed","title":"combines two generators before determining required imports","duration":11.21060000000034,"failureMessages":[],"meta":{},"tags":[]},{"ancestorTitles":["Grid connection capacity"],"fullName":"Grid connection capacity counts a genuine tiny shortfall consistently in both shortfall counters","status":"passed","title":"counts a genuine tiny shortfall consistently in both shortfall counters","duration":2.7661999999991167,"failureMessages":[],"meta":{},"tags":[]},{"ancestorTitles":["Grid connection capacity"],"fullName":"Grid connection capacity preserves the cap in outage and battery-design replays without changing local-coverage targets","status":"passed","title":"preserves the cap in outage and battery-design replays without changing local-coverage targets","duration":274.77080000000115,"failureMessages":[],"meta":{},"tags":[]},{"ancestorTitles":["Grid connection capacity"],"fullName":"Grid connection capacity reconciles grid-covered and unserved energy inside the same gap episode","status":"passed","title":"reconciles grid-covered and unserved energy inside the same gap episode","duration":47.532100000000355,"failureMessages":[],"meta":{},"tags":[]},{"ancestorTitles":["Grid connection capacity"],"fullName":"Grid connection capacity solarPv conserves energy with a limited connection across every grid state and strategy","status":"passed","title":"solarPv conserves energy with a limited connection across every grid state and strategy","duration":274.6828999999998,"failureMessages":[],"meta":{},"tags":[]},{"ancestorTitles":["Grid connection capacity"],"fullName":"Grid connection capacity wind conserves energy with a limited connection across every grid state and strategy","status":"passed","title":"wind conserves energy with a limited connection across every grid state and strategy","duration":164.72849999999926,"failureMessages":[],"meta":{},"tags":[]},{"ancestorTitles":["Grid connection capacity"],"fullName":"Grid connection capacity hydro conserves energy with a limited connection across every grid state and strategy","status":"passed","title":"hydro conserves energy with a limited connection across every grid state and strategy","duration":90.15550000000076,"failureMessages":[],"meta":{},"tags":[]},{"ancestorTitles":["Grid connection capacity"],"fullName":"Grid connection capacity geothermal conserves energy with a limited connection across every grid state and strategy","status":"passed","title":"geothermal conserves energy with a limited connection across every grid state and strategy","duration":90.1848000000009,"failureMessages":[],"meta":{},"tags":[]},{"ancestorTitles":["Grid connection capacity"],"fullName":"Grid connection capacity solarThermal conserves energy with a limited connection across every grid state and strategy","status":"passed","title":"solarThermal conserves energy with a limited connection across every grid state and strategy","duration":144.1988999999994,"failureMessages":[],"meta":{},"tags":[]},{"ancestorTitles":["Grid connection capacity"],"fullName":"Grid connection capacity wave conserves energy with a limited connection across every grid state and strategy","status":"passed","title":"wave conserves energy with a limited connection across every grid state and strategy","duration":112.32320000000072,"failureMessages":[],"meta":{},"tags":[]},{"ancestorTitles":["Grid connection capacity"],"fullName":"Grid connection capacity tidal conserves energy with a limited connection across every grid state and strategy","status":"passed","title":"tidal conserves energy with a limited connection across every grid state and strategy","duration":497.0164999999997,"failureMessages":[],"meta":{},"tags":[]},{"ancestorTitles":["Grid connection capacity"],"fullName":"Grid connection capacity biomass conserves energy with a limited connection across every grid state and strategy","status":"passed","title":"biomass conserves energy with a limited connection across every grid state and strategy","duration":159.34580000000096,"failureMessages":[],"meta":{},"tags":[]},{"ancestorTitles":["Grid connection capacity"],"fullName":"Grid connection capacity normalizes and serializes without mutating input or trusting old result totals","status":"passed","title":"normalizes and serializes without mutating input or trusting old result totals","duration":108.02269999999953,"failureMessages":[],"meta":{},"tags":[]},{"ancestorTitles":["Grid connection capacity"],"fullName":"Grid connection capacity renders controls, the unlimited comparison, provenance, and the connection observation","status":"passed","title":"renders controls, the unlimited comparison, provenance, and the connection observation","duration":379.3833999999988,"failureMessages":[],"meta":{},"tags":[]}],"startTime":1789249849468,"endTime":1789249852619.3833,"status":"passed","message":"","name":"C:/Users/cabba/OneDrive/Desktop/UDL-Tool-Updated/tests/renewables_grid_limits.test.js"},{"assertionResults":[{"ancestorTitles":["Captured grid capacity experiments"],"fullName":"Captured grid capacity experiments normalizes finite ratings, reversed bounds, sample counts, and targets","status":"passed","title":"normalizes finite ratings, reversed bounds, sample counts, and targets","duration":1133.4968000000008,"failureMessages":[],"meta":{},"tags":[]},{"ancestorTitles":["Captured grid capacity experiments"],"fullName":"Captured grid capacity experiments defaults the upper range from the active connection and demand","status":"passed","title":"defaults the upper range from the active connection and demand","duration":79.34449999999924,"failureMessages":[],"meta":{},"tags":[]},{"ancestorTitles":["Captured grid capacity experiments"],"fullName":"Captured grid capacity experiments deduplicates equal endpoints and keeps fractional ratings","status":"passed","title":"deduplicates equal endpoints and keeps fractional ratings","duration":35.665500000002794,"failureMessages":[],"meta":{},"tags":[]},{"ancestorTitles":["Captured grid capacity experiments"],"fullName":"Captured grid capacity experiments keeps very small ratings distinct without decimal rounding","status":"passed","title":"keeps very small ratings distinct without decimal rounding","duration":76.08610000000044,"failureMessages":[],"meta":{},"tags":[]},{"ancestorTitles":["Captured grid capacity experiments"],"fullName":"Captured grid capacity experiments evaluates every rating under all three strategies","status":"passed","title":"evaluates every rating under all three strategies","duration":38.38000000000466,"failureMessages":[],"meta":{},"tags":[]},{"ancestorTitles":["Captured grid capacity experiments"],"fullName":"Captured grid capacity experiments matches hand-calculated imports, unmet demand, and lowest passing ratings","status":"passed","title":"matches hand-calculated imports, unmet demand, and lowest passing ratings","duration":86.75409999999829,"failureMessages":[],"meta":{},"tags":[]},{"ancestorTitles":["Captured grid capacity experiments"],"fullName":"Captured grid capacity experiments reports a sampled passing rating rather than inventing an exact minimum","status":"passed","title":"reports a sampled passing rating rather than inventing an exact minimum","duration":65.32990000000427,"failureMessages":[],"meta":{},"tags":[]},{"ancestorTitles":["Captured grid capacity experiments"],"fullName":"Captured grid capacity experiments applies the whole-sequence energy target and allows brief gaps below 100 percent","status":"passed","title":"applies the whole-sequence energy target and allows brief gaps below 100 percent","duration":76.68540000000212,"failureMessages":[],"meta":{},"tags":[]},{"ancestorTitles":["Captured grid capacity experiments"],"fullName":"Captured grid capacity experiments shows that unlimited outside-outage capacity cannot repair an outage shortfall","status":"passed","title":"shows that unlimited outside-outage capacity cannot repair an outage shortfall","duration":35.94770000000426,"failureMessages":[],"meta":{},"tags":[]},{"ancestorTitles":["Captured grid capacity experiments"],"fullName":"Captured grid capacity experiments leaves targets unevaluated when there is no demand, even for a zero target","status":"passed","title":"leaves targets unevaluated when there is no demand, even for a zero target","duration":69.10599999999977,"failureMessages":[],"meta":{},"tags":[]},{"ancestorTitles":["Captured grid capacity experiments"],"fullName":"Captured grid capacity experiments supports a zero target for positive demand without hiding the shortfall","status":"passed","title":"supports a zero target for positive demand without hiding the shortfall","duration":57.40320000000065,"failureMessages":[],"meta":{},"tags":[]},{"ancestorTitles":["Captured grid capacity experiments"],"fullName":"Captured grid capacity experiments compares grid-reliant backup with normal dispatch using identical starting energy","status":"passed","title":"compares grid-reliant backup with normal dispatch using identical starting energy","duration":262.5255000000034,"failureMessages":[],"meta":{},"tags":[]},{"ancestorTitles":["Captured grid capacity experiments"],"fullName":"Captured grid capacity experiments keeps zero capacity distinct from a grid outage","status":"passed","title":"keeps zero capacity distinct from a grid outage","duration":23.520299999996496,"failureMessages":[],"meta":{},"tags":[]},{"ancestorTitles":["Captured grid capacity experiments"],"fullName":"Captured grid capacity experiments does not let connection rating alter battery history for a given strategy","status":"passed","title":"does not let connection rating alter battery history for a given strategy","duration":133.44440000000031,"failureMessages":[],"meta":{},"tags":[]},{"ancestorTitles":["Captured grid capacity experiments"],"fullName":"Captured grid capacity experiments keeps all rating results identical for an islanded system within each strategy","status":"passed","title":"keeps all rating results identical for an islanded system within each strategy","duration":20.651700000002165,"failureMessages":[],"meta":{},"tags":[]},{"ancestorTitles":["Captured grid capacity experiments"],"fullName":"Captured grid capacity experiments captures both sources, shifted demand, the outage, and complete battery settings","status":"passed","title":"captures both sources, shifted demand, the outage, and complete battery settings","duration":209.35369999999966,"failureMessages":[],"meta":{},"tags":[]},{"ancestorTitles":["Captured grid capacity experiments"],"fullName":"Captured grid capacity experiments retains recorded requests through JSON serialization and ignores untrusted result totals","status":"passed","title":"retains recorded requests through JSON serialization and ignores untrusted result totals","duration":95.78540000000066,"failureMessages":[],"meta":{},"tags":[]},{"ancestorTitles":["Captured grid capacity experiments"],"fullName":"Captured grid capacity experiments exports exact replay conditions and reconciled energy in every CSV row","status":"passed","title":"exports exact replay conditions and reconciled energy in every CSV row","duration":126.7534999999989,"failureMessages":[],"meta":{},"tags":[]},{"ancestorTitles":["Captured grid capacity experiments"],"fullName":"Captured grid capacity experiments exports blank coverage, target and minute fields when they are not evaluated","status":"passed","title":"exports blank coverage, target and minute fields when they are not evaluated","duration":53.46929999999702,"failureMessages":[],"meta":{},"tags":[]},{"ancestorTitles":["Captured grid capacity experiments"],"fullName":"Captured grid capacity experiments solarPv conserves energy and never worsens a strategy when capacity increases","status":"passed","title":"solarPv conserves energy and never worsens a strategy when capacity increases","duration":112.27880000000005,"failureMessages":[],"meta":{},"tags":[]},{"ancestorTitles":["Captured grid capacity experiments"],"fullName":"Captured grid capacity experiments wind conserves energy and never worsens a strategy when capacity increases","status":"passed","title":"wind conserves energy and never worsens a strategy when capacity increases","duration":10.094099999994796,"failureMessages":[],"meta":{},"tags":[]},{"ancestorTitles":["Captured grid capacity experiments"],"fullName":"Captured grid capacity experiments hydro conserves energy and never worsens a strategy when capacity increases","status":"passed","title":"hydro conserves energy and never worsens a strategy when capacity increases","duration":28.909799999993993,"failureMessages":[],"meta":{},"tags":[]},{"ancestorTitles":["Captured grid capacity experiments"],"fullName":"Captured grid capacity experiments geothermal conserves energy and never worsens a strategy when capacity increases","status":"passed","title":"geothermal conserves energy and never worsens a strategy when capacity increases","duration":29.949000000000524,"failureMessages":[],"meta":{},"tags":[]},{"ancestorTitles":["Captured grid capacity experiments"],"fullName":"Captured grid capacity experiments solarThermal conserves energy and never worsens a strategy when capacity increases","status":"passed","title":"solarThermal conserves energy and never worsens a strategy when capacity increases","duration":28.514100000000326,"failureMessages":[],"meta":{},"tags":[]},{"ancestorTitles":["Captured grid capacity experiments"],"fullName":"Captured grid capacity experiments wave conserves energy and never worsens a strategy when capacity increases","status":"passed","title":"wave conserves energy and never worsens a strategy when capacity increases","duration":17.275399999998626,"failureMessages":[],"meta":{},"tags":[]},{"ancestorTitles":["Captured grid capacity experiments"],"fullName":"Captured grid capacity experiments tidal conserves energy and never worsens a strategy when capacity increases","status":"passed","title":"tidal conserves energy and never worsens a strategy when capacity increases","duration":82.3263999999981,"failureMessages":[],"meta":{},"tags":[]},{"ancestorTitles":["Captured grid capacity experiments"],"fullName":"Captured grid capacity experiments biomass conserves energy and never worsens a strategy when capacity increases","status":"passed","title":"biomass conserves energy and never worsens a strategy when capacity increases","duration":31.820200000001932,"failureMessages":[],"meta":{},"tags":[]},{"ancestorTitles":["Captured grid capacity experiments"],"fullName":"Captured grid capacity experiments renders a recorded comparison and clear pending changes without changing its results","status":"passed","title":"renders a recorded comparison and clear pending changes without changing its results","duration":1471.6519000000044,"failureMessages":[],"meta":{},"tags":[]}],"startTime":1789249885806,"endTime":1789249890302.6519,"status":"passed","message":"","name":"C:/Users/cabba/OneDrive/Desktop/UDL-Tool-Updated/tests/renewables_grid_study.test.js"},{"assertionResults":[{"ancestorTitles":["Two-source microgrid"],"fullName":"Two-source microgrid adds known PV outputs before balancing demand and surplus","status":"passed","title":"adds known PV outputs before balancing demand and surplus","duration":113.65079999999944,"failureMessages":[],"meta":{},"tags":[]},{"ancestorTitles":["Two-source microgrid"],"fullName":"Two-source microgrid charges one shared battery only from the combined surplus","status":"passed","title":"charges one shared battery only from the combined surplus","duration":33.47490000000107,"failureMessages":[],"meta":{},"tags":[]},{"ancestorTitles":["Two-source microgrid"],"fullName":"Two-source microgrid preserves legacy single-source balances when the second source is missing or disabled","status":"passed","title":"preserves legacy single-source balances when the second source is missing or disabled","duration":6.146400000001449,"failureMessages":[],"meta":{},"tags":[]},{"ancestorTitles":["Two-source microgrid"],"fullName":"Two-source microgrid keeps the second resource on its native minute scale with a delayed start and endpoint holds","status":"passed","title":"keeps the second resource on its native minute scale with a delayed start and endpoint holds","duration":6.190299999998388,"failureMessages":[],"meta":{},"tags":[]},{"ancestorTitles":["Two-source microgrid"],"fullName":"Two-source microgrid supports an earlier start without looping or stretching the second profile","status":"passed","title":"supports an earlier start without looping or stretching the second profile","duration":9.37960000000021,"failureMessages":[],"meta":{},"tags":[]},{"ancestorTitles":["Two-source microgrid"],"fullName":"Two-source microgrid shifts a complete resource lull without changing its energy while changing unmet demand","status":"passed","title":"shifts a complete resource lull without changing its energy while changing unmet demand","duration":10.915100000001985,"failureMessages":[],"meta":{},"tags":[]},{"ancestorTitles":["Two-source microgrid"],"fullName":"Two-source microgrid truncates a longer second profile at the primary horizon and adds no endpoint energy","status":"passed","title":"truncates a longer second profile at the primary horizon and adds no endpoint energy","duration":2.8469999999979336,"failureMessages":[],"meta":{},"tags":[]},{"ancestorTitles":["Two-source microgrid"],"fullName":"Two-source microgrid leaves steady resources unchanged by an offset and scales installed units exactly","status":"passed","title":"leaves steady resources unchanged by an offset and scales installed units exactly","duration":4.411599999999453,"failureMessages":[],"meta":{},"tags":[]},{"ancestorTitles":["Two-source microgrid"],"fullName":"Two-source microgrid keeps a zero-unit mechanism preview out of the energy balance","status":"passed","title":"keeps a zero-unit mechanism preview out of the energy balance","duration":3.196700000000419,"failureMessages":[],"meta":{},"tags":[]},{"ancestorTitles":["Two-source microgrid"],"fullName":"Two-source microgrid clamps each source resource independently and exposes protective shutdowns","status":"passed","title":"clamps each source resource independently and exposes protective shutdowns","duration":2.2567999999992026,"failureMessages":[],"meta":{},"tags":[]},{"ancestorTitles":["Two-source microgrid"],"fullName":"Two-source microgrid normalizes malformed companion controls and clamps offsets when the horizon changes","status":"passed","title":"normalizes malformed companion controls and clamps offsets when the horizon changes","duration":5.193500000001222,"failureMessages":[],"meta":{},"tags":[]},{"ancestorTitles":["Two-source microgrid"],"fullName":"Two-source microgrid retains the no-battery comparison and no-demand semantics with mixed generation","status":"passed","title":"retains the no-battery comparison and no-demand semantics with mixed generation","duration":2.088400000000547,"failureMessages":[],"meta":{},"tags":[]},{"ancestorTitles":["Two-source microgrid"],"fullName":"Two-source microgrid solarPv combines with every primary technology while conserving power and energy","status":"passed","title":"solarPv combines with every primary technology while conserving power and energy","duration":17.500299999999697,"failureMessages":[],"meta":{},"tags":[]},{"ancestorTitles":["Two-source microgrid"],"fullName":"Two-source microgrid wind combines with every primary technology while conserving power and energy","status":"passed","title":"wind combines with every primary technology while conserving power and energy","duration":13.658500000001368,"failureMessages":[],"meta":{},"tags":[]},{"ancestorTitles":["Two-source microgrid"],"fullName":"Two-source microgrid hydro combines with every primary technology while conserving power and energy","status":"passed","title":"hydro combines with every primary technology while conserving power and energy","duration":19.472700000002078,"failureMessages":[],"meta":{},"tags":[]},{"ancestorTitles":["Two-source microgrid"],"fullName":"Two-source microgrid geothermal combines with every primary technology while conserving power and energy","status":"passed","title":"geothermal combines with every primary technology while conserving power and energy","duration":5.965400000000955,"failureMessages":[],"meta":{},"tags":[]},{"ancestorTitles":["Two-source microgrid"],"fullName":"Two-source microgrid solarThermal combines with every primary technology while conserving power and energy","status":"passed","title":"solarThermal combines with every primary technology while conserving power and energy","duration":6.41990000000078,"failureMessages":[],"meta":{},"tags":[]},{"ancestorTitles":["Two-source microgrid"],"fullName":"Two-source microgrid wave combines with every primary technology while conserving power and energy","status":"passed","title":"wave combines with every primary technology while conserving power and energy","duration":5.531399999999849,"failureMessages":[],"meta":{},"tags":[]},{"ancestorTitles":["Two-source microgrid"],"fullName":"Two-source microgrid tidal combines with every primary technology while conserving power and energy","status":"passed","title":"tidal combines with every primary technology while conserving power and energy","duration":6.766100000000733,"failureMessages":[],"meta":{},"tags":[]},{"ancestorTitles":["Two-source microgrid"],"fullName":"Two-source microgrid biomass combines with every primary technology while conserving power and energy","status":"passed","title":"biomass combines with every primary technology while conserving power and energy","duration":8.933600000000297,"failureMessages":[],"meta":{},"tags":[]},{"ancestorTitles":["Two-source microgrid"],"fullName":"Two-source microgrid captures both generators and their timing in outage studies and restores exact cases","status":"passed","title":"captures both generators and their timing in outage studies and restores exact cases","duration":67.47710000000006,"failureMessages":[],"meta":{},"tags":[]},{"ancestorTitles":["Two-source microgrid"],"fullName":"Two-source microgrid preserves second-source energy and inputs in every battery design replay","status":"passed","title":"preserves second-source energy and inputs in every battery design replay","duration":45.95969999999943,"failureMessages":[],"meta":{},"tags":[]},{"ancestorTitles":["Two-source microgrid"],"fullName":"Two-source microgrid preserves normalized hybrid state across serialization without mutating the input","status":"passed","title":"preserves normalized hybrid state across serialization without mutating the input","duration":21.68630000000121,"failureMessages":[],"meta":{},"tags":[]},{"ancestorTitles":["Two-source microgrid"],"fullName":"Two-source microgrid renders independent controls, source totals, a matched baseline, and captured companion conditions","status":"passed","title":"renders independent controls, source totals, a matched baseline, and captured companion conditions","duration":430.36359999999695,"failureMessages":[],"meta":{},"tags":[]}],"startTime":1789249873539,"endTime":1789249874389.3635,"status":"passed","message":"","name":"C:/Users/cabba/OneDrive/Desktop/UDL-Tool-Updated/tests/renewables_hybrid.test.js"},{"assertionResults":[{"ancestorTitles":["Renewables Lab storage dimensions"],"fullName":"Renewables Lab storage dimensions derives storage power from energy capacity and duration","status":"passed","title":"derives storage power from energy capacity and duration","duration":158.8243000000075,"failureMessages":[],"meta":{},"tags":[]},{"ancestorTitles":["Renewables Lab storage dimensions"],"fullName":"Renewables Lab storage dimensions exposes energy, duration, and state of charge as separate controls","status":"passed","title":"exposes energy, duration, and state of charge as separate controls","duration":30.242899999997462,"failureMessages":[],"meta":{},"tags":[]},{"ancestorTitles":["Renewables Lab storage dimensions"],"fullName":"Renewables Lab storage dimensions does not let an empty battery cover a modeled demand shortage","status":"passed","title":"does not let an empty battery cover a modeled demand shortage","duration":22.648499999995693,"failureMessages":[],"meta":{},"tags":[]},{"ancestorTitles":["Renewables Lab grid-model boundaries and accessibility"],"fullName":"Renewables Lab grid-model boundaries and accessibility states that the classifier does not calculate real frequency dynamics","status":"passed","title":"states that the classifier does not calculate real frequency dynamics","duration":4.236699999994016,"failureMessages":[],"meta":{},"tags":[]},{"ancestorTitles":["Renewables Lab grid-model boundaries and accessibility"],"fullName":"Renewables Lab grid-model boundaries and accessibility exposes the result as live status and scopes log headers","status":"passed","title":"exposes the result as live status and scopes log headers","duration":5.375199999994948,"failureMessages":[],"meta":{},"tags":[]},{"ancestorTitles":["Renewables Lab grid-model boundaries and accessibility"],"fullName":"Renewables Lab grid-model boundaries and accessibility describes 60 Hz as nominal rather than exact","status":"passed","title":"describes 60 Hz as nominal rather than exact","duration":8.948099999994156,"failureMessages":[],"meta":{},"tags":[]},{"ancestorTitles":["Renewables Lab 24-hour storage accounting"],"fullName":"Renewables Lab 24-hour storage accounting splits round-trip losses across charging and discharging","status":"passed","title":"splits round-trip losses across charging and discharging","duration":13.749099999986356,"failureMessages":[],"meta":{},"tags":[]},{"ancestorTitles":["Renewables Lab 24-hour storage accounting"],"fullName":"Renewables Lab 24-hour storage accounting exposes initial and ending state of charge plus conversion losses","status":"passed","title":"exposes initial and ending state of charge plus conversion losses","duration":8.295299999997951,"failureMessages":[],"meta":{},"tags":[]},{"ancestorTitles":["Renewables Lab 24-hour storage accounting"],"fullName":"Renewables Lab 24-hour storage accounting states the 24-hour model boundaries and announces results","status":"passed","title":"states the 24-hour model boundaries and announces results","duration":13.969799999991665,"failureMessages":[],"meta":{},"tags":[]}],"startTime":1789249937024,"endTime":1789249937290.9697,"status":"passed","message":"","name":"C:/Users/cabba/OneDrive/Desktop/UDL-Tool-Updated/tests/renewables_lab_science.test.js"},{"assertionResults":[{"ancestorTitles":["Storage and demand energy balance"],"fullName":"Storage and demand energy balance solarPv conserves power and energy in every mode and source scenario","status":"passed","title":"solarPv conserves power and energy in every mode and source scenario","duration":219.11789999999746,"failureMessages":[],"meta":{},"tags":[]},{"ancestorTitles":["Storage and demand energy balance"],"fullName":"Storage and demand energy balance wind conserves power and energy in every mode and source scenario","status":"passed","title":"wind conserves power and energy in every mode and source scenario","duration":63.95150000001013,"failureMessages":[],"meta":{},"tags":[]},{"ancestorTitles":["Storage and demand energy balance"],"fullName":"Storage and demand energy balance hydro conserves power and energy in every mode and source scenario","status":"passed","title":"hydro conserves power and energy in every mode and source scenario","duration":52.21250000000873,"failureMessages":[],"meta":{},"tags":[]},{"ancestorTitles":["Storage and demand energy balance"],"fullName":"Storage and demand energy balance geothermal conserves power and energy in every mode and source scenario","status":"passed","title":"geothermal conserves power and energy in every mode and source scenario","duration":48.11960000000545,"failureMessages":[],"meta":{},"tags":[]},{"ancestorTitles":["Storage and demand energy balance"],"fullName":"Storage and demand energy balance solarThermal conserves power and energy in every mode and source scenario","status":"passed","title":"solarThermal conserves power and energy in every mode and source scenario","duration":51.04049999998824,"failureMessages":[],"meta":{
[...]
 restriction","duration":3.94199999999546,"failureMessages":[],"meta":{},"tags":[]},{"ancestorTitles":["Supply gap explorer"],"fullName":"Supply gap explorer does not attribute more held energy than is physically available","status":"passed","title":"does not attribute more held energy than is physically available","duration":28.215100000001257,"failureMessages":[],"meta":{},"tags":[]},{"ancestorTitles":["Supply gap explorer"],"fullName":"Supply gap explorer recognizes strategy-held storage while grid backup is available","status":"passed","title":"recognizes strategy-held storage while grid backup is available","duration":3.9596999999921536,"failureMessages":[],"meta":{},"tags":[]},{"ancestorTitles":["Supply gap explorer"],"fullName":"Supply gap explorer releases strategy-held energy inside an outage and accounts for later depletion","status":"passed","title":"releases strategy-held energy inside an outage and accounts for later depletion","duration":8.20690000000468,"failureMessages":[],"meta":{},"tags":[]},{"ancestorTitles":["Supply gap explorer"],"fullName":"Supply gap explorer counts a zero power rating as a power limit even if the bank is full","status":"passed","title":"counts a zero power rating as a power limit even if the bank is full","duration":3.809500000003027,"failureMessages":[],"meta":{},"tags":[]},{"ancestorTitles":["Supply gap explorer"],"fullName":"Supply gap explorer includes discharge efficiency in the physically deliverable energy","status":"passed","title":"includes discharge efficiency in the physically deliverable energy","duration":2.453699999998207,"failureMessages":[],"meta":{},"tags":[]},{"ancestorTitles":["Supply gap explorer"],"fullName":"Supply gap explorer keeps genuine tiny demand gaps while ignoring a zero-demand sequence","status":"passed","title":"keeps genuine tiny demand gaps while ignoring a zero-demand sequence","duration":15.306700000001001,"failureMessages":[],"meta":{},"tags":[]},{"ancestorTitles":["Supply gap explorer"],"fullName":"Supply gap explorer does not invent a gap during surplus generation and charging","status":"passed","title":"does not invent a gap during surplus generation and charging","duration":3.864399999991292,"failureMessages":[],"meta":{},"tags":[]},{"ancestorTitles":["Supply gap explorer"],"fullName":"Supply gap explorer regroups episodes when demand shifting removes demand from an intermediate window","status":"passed","title":"regroups episodes when demand shifting removes demand from an intermediate window","duration":5.849099999992177,"failureMessages":[],"meta":{},"tags":[]},{"ancestorTitles":["Supply gap explorer"],"fullName":"Supply gap explorer solarPv reconciles every gap minute and episode across all battery strategies","status":"passed","title":"solarPv reconciles every gap minute and episode across all battery strategies","duration":176.06579999999667,"failureMessages":[],"meta":{},"tags":[]},{"ancestorTitles":["Supply gap explorer"],"fullName":"Supply gap explorer wind reconciles every gap minute and episode across all battery strategies","status":"passed","title":"wind reconciles every gap minute and episode across all battery strategies","duration":342.20049999999173,"failureMessages":[],"meta":{},"tags":[]},{"ancestorTitles":["Supply gap explorer"],"fullName":"Supply gap explorer hydro reconciles every gap minute and episode across all battery strategies","status":"passed","title":"hydro reconciles every gap minute and episode across all battery strategies","duration":63.67849999999453,"failureMessages":[],"meta":{},"tags":[]},{"ancestorTitles":["Supply gap explorer"],"fullName":"Supply gap explorer geothermal reconciles every gap minute and episode across all battery strategies","status":"passed","title":"geothermal reconciles every gap minute and episode across all battery strategies","duration":142.284799999994,"failureMessages":[],"meta":{},"tags":[]},{"ancestorTitles":["Supply gap explorer"],"fullName":"Supply gap explorer solarThermal reconciles every gap minute and episode across all battery strategies","status":"passed","title":"solarThermal reconciles every gap minute and episode across all battery strategies","duration":48.63999999999942,"failureMessages":[],"meta":{},"tags":[]},{"ancestorTitles":["Supply gap explorer"],"fullName":"Supply gap explorer wave reconciles every gap minute and episode across all battery strategies","status":"passed","title":"wave reconciles every gap minute and episode across all battery strategies","duration":51.15090000000782,"failureMessages":[],"meta":{},"tags":[]},{"ancestorTitles":["Supply gap explorer"],"fullName":"Supply gap explorer tidal reconciles every gap minute and episode across all battery strategies","status":"passed","title":"tidal reconciles every gap minute and episode across all battery strategies","duration":736.8326000000088,"failureMessages":[],"meta":{},"tags":[]},{"ancestorTitles":["Supply gap explorer"],"fullName":"Supply gap explorer biomass reconciles every gap minute and episode across all battery strategies","status":"passed","title":"biomass reconciles every gap minute and episode across all battery strategies","duration":69.88560000000871,"failureMessages":[],"meta":{},"tags":[]},{"ancestorTitles":["Supply gap explorer"],"fullName":"Supply gap explorer uses stable sorting, selected period keys, bounded pages, and independent scopes","status":"passed","title":"uses stable sorting, selected period keys, bounded pages, and independent scopes","duration":7.059700000012526,"failureMessages":[],"meta":{},"tags":[]},{"ancestorTitles":["Supply gap explorer"],"fullName":"Supply gap explorer exports complete minute accounting and chronological episodes with reproducible settings","status":"passed","title":"exports complete minute accounting and chronological episodes with reproducible settings","duration":140.2393000000011,"failureMessages":[],"meta":{},"tags":[]},{"ancestorTitles":["Supply gap explorer"],"fullName":"Supply gap explorer replays serialized settings without mutation or changing dispatch","status":"passed","title":"replays serialized settings without mutation or changing dispatch","duration":74.82699999999022,"failureMessages":[],"meta":{},"tags":[]},{"ancestorTitles":["Supply gap explorer"],"fullName":"Supply gap explorer renders the explorer, both gap scopes, explanations, and exact inspection controls","status":"passed","title":"renders the explorer, both gap scopes, explanations, and exact inspection controls","duration":1010.3117999999959,"failureMessages":[],"meta":{},"tags":[]}],"startTime":1789249919629,"endTime":1789249923175.3118,"status":"passed","message":"","name":"C:/Users/cabba/OneDrive/Desktop/UDL-Tool-Updated/tests/renewables_supply_gaps.test.js"},{"assertionResults":[{"ancestorTitles":["Renewables history table accessibility"],"fullName":"Renewables history table accessibility assigns column scope to year-by-year table headers","status":"passed","title":"assigns column scope to year-by-year table headers","duration":15.880300000004354,"failureMessages":[],"meta":{},"tags":[]},{"ancestorTitles":["Renewables history table accessibility"],"fullName":"Renewables history table accessibility keeps source and public mirrors identical","status":"passed","title":"keeps source and public mirrors identical","duration":10.966300000000047,"failureMessages":[],"meta":{},"tags":[]}],"startTime":1789249940156,"endTime":1789249940181.9663,"status":"passed","message":"","name":"C:/Users/cabba/OneDrive/Desktop/UDL-Tool-Updated/tests/renewables_table_a11y.test.js"},{"assertionResults":[{"ancestorTitles":["Renewables transition hourly model"],"fullName":"Renewables transition hourly model conserves power in every region and storage energy across every hour","status":"passed","title":"conserves power in every region and storage energy across every hour","duration":1386.7280999999984,"failureMessages":[],"meta":{},"tags":[]},{"ancestorTitles":["Renewables transition hourly model"],"fullName":"Renewables transition hourly model keeps empty storage from creating electricity","status":"passed","title":"keeps empty storage from creating electricity","duration":31.44290000000001,"failureMessages":[],"meta":{},"tags":[]},{"ancestorTitles":["Renewables transition hourly model"],"fullName":"Renewables transition hourly model treats capacity, annual additions, power and duration as separate quantities","status":"passed","title":"treats capacity, annual additions, power and duration as separate quantities","duration":28.315499999998792,"failureMessages":[],"meta":{},"tags":[]},{"ancestorTitles":["Renewables transition hourly model"],"fullName":"Renewables transition hourly model has no solar generation outside each region daylight window","status":"passed","title":"has no solar generation outside each region daylight window","duration":46.16659999999865,"failureMessages":[],"meta":{},"tags":[]},{"ancestorTitles":["Renewables transition hourly model"],"fullName":"Renewables transition hourly model turns off all transfers when regional links are zero","status":"passed","title":"turns off all transfers when regional links are zero","duration":47.17569999999978,"failureMessages":[],"meta":{},"tags":[]},{"ancestorTitles":["Renewables transition hourly model"],"fullName":"Renewables transition hourly model produces actual transfers and caps them by both offers and demand","status":"passed","title":"produces actual transfers and caps them by both offers and demand","duration":7.591300000000047,"failureMessages":[],"meta":{},"tags":[]},{"ancestorTitles":["Renewables transition hourly model"],"fullName":"Renewables transition hourly model makes weather lulls reduce renewable generation and heat waves increase demand","status":"passed","title":"makes weather lulls reduce renewable generation and heat waves increase demand","duration":6.099099999999453,"failureMessages":[],"meta":{},"tags":[]},{"ancestorTitles":["Renewables transition hourly model"],"fullName":"Renewables transition hourly model exposes shortages when retiring capacity faster than replacements cover the lull","status":"passed","title":"exposes shortages when retiring capacity faster than replacements cover the lull","duration":2.547999999998865,"failureMessages":[],"meta":{},"tags":[]},{"ancestorTitles":["Renewables transition hourly model"],"fullName":"Renewables transition hourly model bounds malformed saved inputs and stays deterministic","status":"passed","title":"bounds malformed saved inputs and stays deterministic","duration":13.96099999999933,"failureMessages":[],"meta":{},"tags":[]},{"ancestorTitles":["Renewables transition hourly model"],"fullName":"Renewables transition hourly model keeps resource allocation weights normalized","status":"passed","title":"keeps resource allocation weights normalized","duration":5.199200000000928,"failureMessages":[],"meta":{},"tags":[]},{"ancestorTitles":["Transition UI entry and model transparency"],"fullName":"Transition UI entry and model transparency makes the sandbox reachable in the core library","status":"passed","title":"makes the sandbox reachable in the core library","duration":17.582699999999022,"failureMessages":[],"meta":{},"tags":[]},{"ancestorTitles":["Transition UI entry and model transparency"],"fullName":"Transition UI entry and model transparency renders the workbench, equivalent data, and honest model boundaries","status":"passed","title":"renders the workbench, equivalent data, and honest model boundaries","duration":165.93379999999888,"failureMessages":[],"meta":{},"tags":[]},{"ancestorTitles":["Regional planning and resilience"],"fullName":"Regional planning and resilience runs an entire week and clips timed outages at the run boundary","status":"passed","title":"runs an entire week and clips timed outages at the run boundary","duration":265.9267000000018,"failureMessages":[],"meta":{},"tags":[]},{"ancestorTitles":["Regional planning and resilience"],"fullName":"Regional planning and resilience allocates only new construction and conserves national installed capacity","status":"passed","title":"allocates only new construction and conserves national installed capacity","duration":1.6471999999994296,"failureMessages":[],"meta":{},"tags":[]},{"ancestorTitles":["Regional planning and resilience"],"fullName":"Regional planning and resilience recovers default allocation when all siting weights are zero","status":"passed","title":"recovers default allocation when all siting weights are zero","duration":1.1409000000021479,"failureMessages":[],"meta":{},"tags":[]},{"ancestorTitles":["Regional planning and resilience"],"fullName":"Regional planning and resilience changes regional generation when the same national portfolio is sited differently","status":"passed","title":"changes regional generation when the same national portfolio is sited differently","duration":17.587999999999738,"failureMessages":[],"meta":{},"tags":[]},{"ancestorTitles":["Regional planning and resilience"],"fullName":"Regional planning and resilience moves evening energy to midday without reducing total or regional demand","status":"passed","title":"moves evening energy to midday without reducing total or regional demand","duration":24.371900000001915,"failureMessages":[],"meta":{},"tags":[]},{"ancestorTitles":["Regional planning and resilience"],"fullName":"Regional planning and resilience accounts for transmission losses exactly once and exposes delivered transfers","status":"passed","title":"accounts for transmission losses exactly once and exposes delivered transfers","duration":3.340200000002369,"failureMessages":[],"meta":{},"tags":[]},{"ancestorTitles":["Regional planning and resilience"],"fullName":"Regional planning and resilience isolates only the selected region during the exact outage window","status":"passed","title":"isolates only the selected region during the exact outage window","duration":5.787399999997433,"failureMessages":[],"meta":{},"tags":[]},{"ancestorTitles":["Regional planning and resilience"],"fullName":"Regional planning and resilience keeps reserve releases inside energy and power limits","status":"passed","title":"keeps reserve releases inside energy and power limits","duration":56.68999999999869,"failureMessages":[],"meta":{},"tags":[]},{"ancestorTitles":["Regional planning and resilience"],"fullName":"Regional planning and resilience reports the actual hardest hour and longest consecutive shortage","status":"passed","title":"reports the actual hardest hour and longest consecutive shortage","duration":124.71889999999985,"failureMessages":[],"meta":{},"tags":[]},{"ancestorTitles":["Regional planning and resilience"],"fullName":"Regional planning and resilience runs four comparable week-long stresses without changing the plan","status":"passed","title":"runs four comparable week-long stresses without changing the plan","duration":166.3068000000021,"failureMessages":[],"meta":{},"tags":[]},{"ancestorTitles":["Expanded planning UI and saved-model migration"],"fullName":"Expanded planning UI and saved-model migration renders week-long controls, regional siting, and explicit loss assumptions","status":"passed","title":"renders week-long controls, regional siting, and explicit loss assumptions","duration":235.422300000002,"failureMessages":[],"meta":{},"tags":[]},{"ancestorTitles":["Expanded planning UI and saved-model migration"],"fullName":"Expanded planning UI and saved-model migration recalculates a legacy saved plan under the current model rather than trusting old totals","status":"passed","title":"recalculates a legacy saved plan under the current model rather than trusting old totals","duration":1167.818199999998,"failureMessages":[],"meta":{},"tags":[]},{"ancestorTitles":["Controlled experiments and planning challenges"],"fullName":"Controlled experiments and planning challenges samples one variable, includes the current baseline, and preserves every other assumption","status":"passed","title":"samples one variable, includes the current baseline, and preserves every other assumption","duration":122.39800000000105,"failureMessages":[],"meta":{},"tags":[]},{"ancestorTitles":["Controlled experiments and planning challenges"],"fullName":"Controlled experiments and planning challenges keeps a comparison valid when loading its variable but expires it when another assumption changes","status":"passed","title":"keeps a comparison valid when loading its variable but expires it when another assumption changes","duration":38.08110000000306,"failureMessages":[],"meta":{},"tags":[]},{"ancestorTitles":["Controlled experiments and planning challenges"],"fullName":"Controlled experiments and planning challenges shows that additional storage duration cannot generate energy when storage never charges","status":"passed","title":"shows that additional storage duration cannot generate energy when storage never charges","duration":5.514000000002852,"failureMessages":[],"meta":{},"tags":[]},{"ancestorTitles":["Controlled experiments and planning challenges"],"fullName":"Controlled experiments and planning challenges provides an initially unmet and achievable evening challenge","status":"passed","title":"provides an initially unmet and achievable evening challenge","duration":18.91570000000138,"failureMessages":[],"meta":{},"tags":[]},{"ancestorTitles":["Controlled experiments and planning challenges"],"fullName":"Controlled experiments and planning challenges provides an initially unmet and achievable connections challenge","status":"passed","title":"provides an initially unmet and achievable connections challenge","duration":92.36130000000048,"failureMessages":[],"meta":{},"tags":[]},{"ancestorTitles":["Controlled experiments and planning challenges"],"fullName":"Controlled experiments and planning challenges provides an initially unmet and achievable winter challenge","status":"passed","title":"provides an initially unmet and achievable winter challenge","duration":293.3676999999989,"failureMessages":[],"meta":{},"tags":[]},{"ancestorTitles":["Controlled experiments and planning challenges"],"fullName":"Controlled experiments and planning challenges rejects solutions that alter fixed conditions or site additional generation elsewhere","status":"passed","title":"rejects solutions that alter fixed conditions or site additional generation elsewhere","duration":22.28280000000086,"failureMessages":[],"meta":{},"tags":[]},{"ancestorTitles":["Dispatch explanations"],"fullName":"Dispatch explanations accounts for local sources, uses, and actual storage history without counting unmet demand as a use","status":"passed","title":"accounts for local sources, uses, and actual storage history without counting unmet demand as a use","duration":50.92550000000119,"failureMessages":[],"meta":{},"tags":[]},{"ancestorTitles":["Dispatch explanations"],"fullName":"Dispatch explanations distinguishes empty energy, charge power limits, and discharge power limits","status":"passed","title":"distinguishes empty energy, charge power limits, and discharge power limits","duration":16.01970000000074,"failureMessages":[],"meta":{},"tags":[]},{"ancestorTitles":["Dispatch explanations"],"fullName":"Dispatch explanations reports an outage only inside its scheduled window and bounds invalid selections","status":"passed","title":"reports an outage only inside its scheduled window and bounds invalid selections","duration":49.10619999999835,"failureMessages":[],"meta":{},"tags":[]},{"ancestorTitles":["Dispatch explanations"],"fullName":"Dispatch explanations renders the guided challenge, experiment controls, and selected-hour explanation accessibly","status":"passed","title":"renders the guided challenge, experiment controls, and selected-hour explanation accessibly","duration":168.73839999999836,"failureMessages":[],"meta":{},"tags":[]}],"startTime":1789249856620,"endTime":1789249861337.7383,"status":"passed","message":"","name":"C:/Users/cabba/OneDrive/Desktop/UDL-Tool-Updated/tests/renewables_transition.test.js"}]}